

================================================================
== Vitis HLS Report for 'hw_act_layer3'
================================================================
* Date:           Mon Nov 18 06:18:36 2024

* Version:        2020.2 (Build 3064766 on Wed Nov 18 09:12:47 MST 2020)
* Project:        nn
* Solution:       solution1 (Vivado IP Flow Target)
* Product family: zynquplus
* Target device:  xczu3eg-sbva484-1-e


================================================================
== Performance Estimates
================================================================
+ Timing: 
    * Summary: 
    +--------+----------+----------+------------+
    |  Clock |  Target  | Estimated| Uncertainty|
    +--------+----------+----------+------------+
    |ap_clk  |  10.00 ns|  6.709 ns|     2.70 ns|
    +--------+----------+----------+------------+

+ Latency: 
    * Summary: 
    +---------+---------+----------+----------+-----+-----+---------+
    |  Latency (cycles) |  Latency (absolute) |  Interval | Pipeline|
    |   min   |   max   |    min   |    max   | min | max |   Type  |
    +---------+---------+----------+----------+-----+-----+---------+
    |       21|       21|  0.210 us|  0.210 us|   21|   21|     none|
    +---------+---------+----------+----------+-----+-----+---------+

    + Detail: 
        * Instance: 
        N/A

        * Loop: 
        +----------+---------+---------+----------+-----------+-----------+------+----------+
        |          |  Latency (cycles) | Iteration|  Initiation Interval  | Trip |          |
        | Loop Name|   min   |   max   |  Latency |  achieved |   target  | Count| Pipelined|
        +----------+---------+---------+----------+-----------+-----------+------+----------+
        |- loop1   |       19|       19|         6|          2|          1|     8|       yes|
        +----------+---------+---------+----------+-----------+-----------+------+----------+



================================================================
== Utilization Estimates
================================================================
* Summary: 
+-----------------+---------+-----+--------+-------+-----+
|       Name      | BRAM_18K| DSP |   FF   |  LUT  | URAM|
+-----------------+---------+-----+--------+-------+-----+
|DSP              |        -|    -|       -|      -|    -|
|Expression       |        -|    -|       0|   2402|    -|
|FIFO             |        -|    -|       -|      -|    -|
|Instance         |        -|    -|       -|      -|    -|
|Memory           |        -|    -|       -|      -|    -|
|Multiplexer      |        -|    -|       -|     95|    -|
|Register         |        -|    -|     541|     64|    -|
+-----------------+---------+-----+--------+-------+-----+
|Total            |        0|    0|     541|   2561|    0|
+-----------------+---------+-----+--------+-------+-----+
|Available        |      432|  360|  141120|  70560|    0|
+-----------------+---------+-----+--------+-------+-----+
|Utilization (%)  |        0|    0|      ~0|      3|    0|
+-----------------+---------+-----+--------+-------+-----+

+ Detail: 
    * Instance: 
    N/A

    * DSP: 
    N/A

    * Memory: 
    N/A

    * FIFO: 
    N/A

    * Expression: 
    +---------------------------+----------+----+---+-----+------------+------------+
    |       Variable Name       | Operation| DSP| FF| LUT | Bitwidth P0| Bitwidth P1|
    +---------------------------+----------+----+---+-----+------------+------------+
    |add_ln121_fu_152_p2        |         +|   0|  0|   12|           5|           2|
    |add_ln908_1_fu_629_p2      |         +|   0|  0|   39|          32|           7|
    |add_ln908_fu_306_p2        |         +|   0|  0|   39|          32|           7|
    |add_ln915_1_fu_710_p2      |         +|   0|  0|   17|          11|          11|
    |add_ln915_fu_574_p2        |         +|   0|  0|   17|          11|          11|
    |lsb_index_1_fu_382_p2      |         +|   0|  0|   39|          32|           7|
    |lsb_index_fu_204_p2        |         +|   0|  0|   39|          32|           7|
    |m_3_fu_533_p2              |         +|   0|  0|   71|          64|          64|
    |m_5_fu_669_p2              |         +|   0|  0|   71|          64|          64|
    |sub_ln894_1_fu_376_p2      |         -|   0|  0|   39|           6|          32|
    |sub_ln894_fu_198_p2        |         -|   0|  0|   39|           6|          32|
    |sub_ln897_1_fu_408_p2      |         -|   0|  0|   13|           5|           6|
    |sub_ln897_fu_230_p2        |         -|   0|  0|   13|           5|           6|
    |sub_ln909_1_fu_644_p2      |         -|   0|  0|   39|           6|          32|
    |sub_ln909_fu_318_p2        |         -|   0|  0|   39|           6|          32|
    |sub_ln915_1_fu_705_p2      |         -|   0|  0|   17|           5|          11|
    |sub_ln915_fu_569_p2        |         -|   0|  0|   17|           5|          11|
    |tmp_V_2_fu_344_p2          |         -|   0|  0|   39|           1|          32|
    |tmp_V_fu_166_p2            |         -|   0|  0|   39|           1|          32|
    |and_ln1506_1_fu_772_p2     |       and|   0|  0|    2|           1|           1|
    |and_ln1506_2_fu_794_p2     |       and|   0|  0|    2|           1|           1|
    |and_ln1506_3_fu_805_p2     |       and|   0|  0|    2|           1|           1|
    |and_ln1506_fu_761_p2       |       and|   0|  0|    2|           1|           1|
    |and_ln899_1_fu_312_p2      |       and|   0|  0|    2|           1|           1|
    |and_ln899_2_fu_436_p2      |       and|   0|  0|   32|          32|          32|
    |and_ln899_3_fu_484_p2      |       and|   0|  0|    2|           1|           1|
    |and_ln899_fu_258_p2        |       and|   0|  0|   32|          32|          32|
    |icmp_ln1506_1_fu_620_p2    |      icmp|   0|  0|   24|          52|           1|
    |icmp_ln1506_2_fu_745_p2    |      icmp|   0|  0|   11|          11|           2|
    |icmp_ln1506_3_fu_751_p2    |      icmp|   0|  0|   24|          52|           1|
    |icmp_ln1506_fu_614_p2      |      icmp|   0|  0|   11|          11|           2|
    |icmp_ln885_1_fu_800_p2     |      icmp|   0|  0|   20|          32|           1|
    |icmp_ln885_fu_767_p2       |      icmp|   0|  0|   20|          32|           1|
    |icmp_ln896_1_fu_398_p2     |      icmp|   0|  0|   19|          31|           1|
    |icmp_ln896_fu_220_p2       |      icmp|   0|  0|   19|          31|           1|
    |icmp_ln899_1_fu_442_p2     |      icmp|   0|  0|   20|          32|           1|
    |icmp_ln899_fu_264_p2       |      icmp|   0|  0|   20|          32|           1|
    |icmp_ln908_1_fu_470_p2     |      icmp|   0|  0|   20|          32|           1|
    |icmp_ln908_fu_292_p2       |      icmp|   0|  0|   20|          32|           1|
    |lshr_ln897_1_fu_418_p2     |      lshr|   0|  0|  100|           2|          32|
    |lshr_ln897_fu_240_p2       |      lshr|   0|  0|  100|           2|          32|
    |lshr_ln908_1_fu_638_p2     |      lshr|   0|  0|  179|          64|          64|
    |lshr_ln908_fu_508_p2       |      lshr|   0|  0|  179|          64|          64|
    |or_ln121_fu_141_p2         |        or|   0|  0|    4|           4|           1|
    |or_ln1506_1_fu_790_p2      |        or|   0|  0|    2|           1|           1|
    |or_ln1506_fu_757_p2        |        or|   0|  0|    2|           1|           1|
    |or_ln899_2_fu_252_p2       |        or|   0|  0|   32|          32|          32|
    |or_ln899_fu_430_p2         |        or|   0|  0|   32|          32|          32|
    |m_2_fu_523_p3              |    select|   0|  0|   56|           1|          64|
    |m_4_fu_659_p3              |    select|   0|  0|   56|           1|          64|
    |output_0_V_d1              |    select|   0|  0|   32|           1|           1|
    |select_ln1506_1_fu_811_p3  |    select|   0|  0|   32|           1|           1|
    |select_ln893_1_fu_697_p3   |    select|   0|  0|    9|           1|          10|
    |select_ln893_fu_561_p3     |    select|   0|  0|    9|           1|          10|
    |select_ln896_1_fu_476_p3   |    select|   0|  0|    2|           1|           1|
    |select_ln896_fu_298_p3     |    select|   0|  0|    2|           1|           1|
    |select_ln908_2_fu_490_p3   |    select|   0|  0|    2|           1|           1|
    |select_ln908_fu_324_p3     |    select|   0|  0|    2|           1|           1|
    |tmp_V_4_fu_172_p3          |    select|   0|  0|   32|           1|          32|
    |tmp_V_5_fu_350_p3          |    select|   0|  0|   32|           1|          32|
    |shl_ln899_1_fu_424_p2      |       shl|   0|  0|  100|           1|          32|
    |shl_ln899_fu_246_p2        |       shl|   0|  0|  100|           1|          32|
    |shl_ln909_1_fu_653_p2      |       shl|   0|  0|  179|          64|          64|
    |shl_ln909_fu_517_p2        |       shl|   0|  0|  179|          64|          64|
    |ap_enable_pp0              |       xor|   0|  0|    2|           1|           2|
    |xor_ln899_1_fu_456_p2      |       xor|   0|  0|    2|           1|           2|
    |xor_ln899_fu_278_p2        |       xor|   0|  0|    2|           1|           2|
    +---------------------------+----------+----+---+-----+------------+------------+
    |Total                      |          |   0|  0| 2402|        1126|        1165|
    +---------------------------+----------+----+---+-----+------------+------------+

    * Multiplexer: 
    +----------------------------+----+-----------+-----+-----------+
    |            Name            | LUT| Input Size| Bits| Total Bits|
    +----------------------------+----+-----------+-----+-----------+
    |ap_NS_fsm                   |  26|          5|    1|          5|
    |ap_enable_reg_pp0_iter2     |   9|          2|    1|          2|
    |ap_phi_mux_i_phi_fu_111_p4  |   9|          2|    5|         10|
    |grp_fu_119_p0               |  14|          3|   64|        192|
    |i_reg_107                   |   9|          2|    5|         10|
    |output_0_V_address0         |  14|          3|    4|         12|
    |output_0_V_address1         |  14|          3|    4|         12|
    +----------------------------+----+-----------+-----+-----------+
    |Total                       |  95|         20|   84|        243|
    +----------------------------+----+-----------+-----+-----------+

    * Register: 
    +---------------------------------------+----+----+-----+-----------+
    |                  Name                 | FF | LUT| Bits| Const Bits|
    +---------------------------------------+----+----+-----+-----------+
    |add_ln121_reg_832                      |   5|   0|    5|          0|
    |add_ln908_reg_858                      |  32|   0|   32|          0|
    |ap_CS_fsm                              |   4|   0|    4|          0|
    |ap_enable_reg_pp0_iter0                |   1|   0|    1|          0|
    |ap_enable_reg_pp0_iter1                |   1|   0|    1|          0|
    |ap_enable_reg_pp0_iter2                |   1|   0|    1|          0|
    |i_reg_107                              |   5|   0|    5|          0|
    |icmp_ln1506_1_reg_925                  |   1|   0|    1|          0|
    |icmp_ln1506_2_reg_935                  |   1|   0|    1|          0|
    |icmp_ln1506_3_reg_940                  |   1|   0|    1|          0|
    |icmp_ln1506_reg_920                    |   1|   0|    1|          0|
    |icmp_ln908_1_reg_900                   |   1|   0|    1|          0|
    |icmp_ln908_reg_853                     |   1|   0|    1|          0|
    |output_0_V_addr_1_reg_827              |   3|   0|    4|          1|
    |output_0_V_addr_reg_822                |   4|   0|    4|          0|
    |output_0_V_addr_reg_822_pp0_iter1_reg  |   4|   0|    4|          0|
    |p_Result_13_reg_884                    |   1|   0|    1|          0|
    |p_Result_16_reg_930                    |  64|   0|   64|          0|
    |p_Result_9_reg_843                     |   1|   0|    1|          0|
    |p_Val2_4_reg_878                       |  32|   0|   32|          0|
    |p_Val2_4_reg_878_pp0_iter1_reg         |  32|   0|   32|          0|
    |p_Val2_s_reg_837                       |  32|   0|   32|          0|
    |select_ln1506_1_reg_950                |  32|   0|   32|          0|
    |select_ln908_2_reg_905                 |   1|   0|    1|          0|
    |select_ln908_reg_868                   |   1|   0|    1|          0|
    |sub_ln894_1_reg_894                    |  32|   0|   32|          0|
    |sub_ln909_reg_863                      |  32|   0|   32|          0|
    |tmp_23_reg_818                         |   1|   0|    1|          0|
    |tmp_V_4_reg_848                        |  32|   0|   32|          0|
    |tmp_V_5_reg_889                        |  32|   0|   32|          0|
    |trunc_ln893_1_reg_910                  |  11|   0|   11|          0|
    |trunc_ln893_reg_873                    |  11|   0|   11|          0|
    |output_0_V_addr_1_reg_827              |  64|  32|    4|          1|
    |tmp_23_reg_818                         |  64|  32|    1|          0|
    +---------------------------------------+----+----+-----+-----------+
    |Total                                  | 541|  64|  419|          2|
    +---------------------------------------+----+----+-----+-----------+



================================================================
== Interface
================================================================
* Summary: 
+---------------------+-----+-----+------------+---------------+--------------+
|      RTL Ports      | Dir | Bits|  Protocol  | Source Object |    C Type    |
+---------------------+-----+-----+------------+---------------+--------------+
|ap_clk               |   in|    1|  ap_ctrl_hs|  hw_act_layer3|  return value|
|ap_rst               |   in|    1|  ap_ctrl_hs|  hw_act_layer3|  return value|
|ap_start             |   in|    1|  ap_ctrl_hs|  hw_act_layer3|  return value|
|ap_done              |  out|    1|  ap_ctrl_hs|  hw_act_layer3|  return value|
|ap_idle              |  out|    1|  ap_ctrl_hs|  hw_act_layer3|  return value|
|ap_ready             |  out|    1|  ap_ctrl_hs|  hw_act_layer3|  return value|
|grp_fu_880_p_din0    |  out|   64|  ap_ctrl_hs|  hw_act_layer3|  return value|
|grp_fu_880_p_din1    |  out|   64|  ap_ctrl_hs|  hw_act_layer3|  return value|
|grp_fu_880_p_opcode  |  out|    5|  ap_ctrl_hs|  hw_act_layer3|  return value|
|grp_fu_880_p_dout0   |   in|    1|  ap_ctrl_hs|  hw_act_layer3|  return value|
|grp_fu_880_p_ce      |  out|    1|  ap_ctrl_hs|  hw_act_layer3|  return value|
|output_0_V_address0  |  out|    4|   ap_memory|     output_0_V|         array|
|output_0_V_ce0       |  out|    1|   ap_memory|     output_0_V|         array|
|output_0_V_we0       |  out|    1|   ap_memory|     output_0_V|         array|
|output_0_V_d0        |  out|   32|   ap_memory|     output_0_V|         array|
|output_0_V_q0        |   in|   32|   ap_memory|     output_0_V|         array|
|output_0_V_address1  |  out|    4|   ap_memory|     output_0_V|         array|
|output_0_V_ce1       |  out|    1|   ap_memory|     output_0_V|         array|
|output_0_V_we1       |  out|    1|   ap_memory|     output_0_V|         array|
|output_0_V_d1        |  out|   32|   ap_memory|     output_0_V|         array|
|output_0_V_q1        |   in|   32|   ap_memory|     output_0_V|         array|
+---------------------+-----+-----+------------+---------------+--------------+

