

================================================================
== Vitis HLS Report for 'hw_act_layer1'
================================================================
* Date:           Mon Nov 18 06:18:32 2024

* Version:        2020.2 (Build 3064766 on Wed Nov 18 09:12:47 MST 2020)
* Project:        nn
* Solution:       solution1 (Vivado IP Flow Target)
* Product family: zynquplus
* Target device:  xczu3eg-sbva484-1-e


================================================================
== Performance Estimates
================================================================
+ Timing: 
    * Summary: 
    +--------+----------+----------+------------+
    |  Clock |  Target  | Estimated| Uncertainty|
    +--------+----------+----------+------------+
    |ap_clk  |  10.00 ns|  7.271 ns|     2.70 ns|
    +--------+----------+----------+------------+

+ Latency: 
    * Summary: 
    +---------+---------+----------+----------+-----+-----+---------+
    |  Latency (cycles) |  Latency (absolute) |  Interval | Pipeline|
    |   min   |   max   |    min   |    max   | min | max |   Type  |
    +---------+---------+----------+----------+-----+-----+---------+
    |       69|       69|  0.690 us|  0.690 us|   69|   69|     none|
    +---------+---------+----------+----------+-----+-----+---------+

    + Detail: 
        * Instance: 
        N/A

        * Loop: 
        +----------+---------+---------+----------+-----------+-----------+------+----------+
        |          |  Latency (cycles) | Iteration|  Initiation Interval  | Trip |          |
        | Loop Name|   min   |   max   |  Latency |  achieved |   target  | Count| Pipelined|
        +----------+---------+---------+----------+-----------+-----------+------+----------+
        |- loop1   |       67|       67|         6|          2|          1|    32|       yes|
        +----------+---------+---------+----------+-----------+-----------+------+----------+

============================================================
+ Verbose Summary: Synthesis Manager
============================================================
InlineROM: 1
ExposeGlobal: 0
============================================================
+ Verbose Summary: CDFG Model
============================================================
IsTopModel: 0
ResetActiveHigh: 1
IsCombinational: 0
IsDatapathOnly: 0
HasWiredReturn: 1
HasMFsm: 0
HasVarLatency: 1
IsPipeline: 0
IsRtlPipelined: 0
IsInstanceOverlapped: 0
IsDontTouch: 0
HasImplIP: 0
IsGatedGlobalClock: 0

+ Individual pipeline summary: 
  * Pipeline-0: initiation interval (II) = 2, depth = 6


============================================================
+ Verbose Summary: Schedule
============================================================
* Number of FSM states : 8
* Pipeline : 1
  Pipeline-0 : II = 2, D = 6, States = { 2 3 4 5 6 7 }
* Dataflow Pipeline: 0

* FSM state transitions: 
1 --> 2 
2 --> 8 3 
3 --> 4 
4 --> 5 
5 --> 6 
6 --> 7 
7 --> 2 
8 --> 

* FSM state operations: 

State 1 <SV = 0> <Delay = 0.48>
ST_1 : Operation 9 [1/1] (0.48ns)   --->   "%br_ln93 = br void" [nn.cpp:93]   --->   Operation 9 'br' 'br_ln93' <Predicate = true> <Delay = 0.48>

State 2 <SV = 1> <Delay = 1.35>
ST_2 : Operation 10 [1/1] (0.00ns)   --->   "%i = phi i7 %add_ln93, void %.split_ifconv, i7 0, void" [nn.cpp:93]   --->   Operation 10 'phi' 'i' <Predicate = true> <Delay = 0.00>
ST_2 : Operation 11 [1/1] (0.00ns)   --->   "%specpipeline_ln0 = specpipeline void @_ssdm_op_SpecPipeline, i32 4294967295, i32 0, i32 1, i32 0, void @p_str"   --->   Operation 11 'specpipeline' 'specpipeline_ln0' <Predicate = true> <Delay = 0.00>
ST_2 : Operation 12 [1/1] (0.00ns)   --->   "%tmp_41 = bitselect i1 @_ssdm_op_BitSelect.i1.i7.i32, i7 %i, i32 6" [nn.cpp:93]   --->   Operation 12 'bitselect' 'tmp_41' <Predicate = true> <Delay = 0.00>
ST_2 : Operation 13 [1/1] (0.00ns)   --->   "%empty = speclooptripcount i32 @_ssdm_op_SpecLoopTripCount, i64 32, i64 32, i64 32"   --->   Operation 13 'speclooptripcount' 'empty' <Predicate = true> <Delay = 0.00>
ST_2 : Operation 14 [1/1] (0.00ns)   --->   "%br_ln93 = br i1 %tmp_41, void %.split_ifconv, void" [nn.cpp:93]   --->   Operation 14 'br' 'br_ln93' <Predicate = true> <Delay = 0.00>
ST_2 : Operation 15 [1/1] (0.00ns)   --->   "%i_cast29 = zext i7 %i" [nn.cpp:93]   --->   Operation 15 'zext' 'i_cast29' <Predicate = (!tmp_41)> <Delay = 0.00>
ST_2 : Operation 16 [1/1] (0.00ns)   --->   "%empty_56 = trunc i7 %i" [nn.cpp:93]   --->   Operation 16 'trunc' 'empty_56' <Predicate = (!tmp_41)> <Delay = 0.00>
ST_2 : Operation 17 [1/1] (0.00ns)   --->   "%output_0_V_addr = getelementptr i32 %output_0_V, i64 0, i64 %i_cast29"   --->   Operation 17 'getelementptr' 'output_0_V_addr' <Predicate = (!tmp_41)> <Delay = 0.00>
ST_2 : Operation 18 [2/2] (1.35ns)   --->   "%p_Val2_s = load i6 %output_0_V_addr"   --->   Operation 18 'load' 'p_Val2_s' <Predicate = (!tmp_41)> <Delay = 1.35> <CoreInst = "RAM">   --->   Core 83 'RAM' <Latency = 1> <II = 1> <Delay = 1.35> <Storage> <Opcode : 'load' 'store'> <Ports = 2> <Width = 32> <Depth = 64> <RAM>
ST_2 : Operation 19 [1/1] (0.00ns)   --->   "%or_ln93 = or i6 %empty_56, i6 1" [nn.cpp:93]   --->   Operation 19 'or' 'or_ln93' <Predicate = (!tmp_41)> <Delay = 0.00>
ST_2 : Operation 20 [1/1] (0.00ns)   --->   "%zext_ln885 = zext i6 %or_ln93"   --->   Operation 20 'zext' 'zext_ln885' <Predicate = (!tmp_41)> <Delay = 0.00>
ST_2 : Operation 21 [1/1] (0.00ns)   --->   "%output_0_V_addr_3 = getelementptr i32 %output_0_V, i64 0, i64 %zext_ln885"   --->   Operation 21 'getelementptr' 'output_0_V_addr_3' <Predicate = (!tmp_41)> <Delay = 0.00>
ST_2 : Operation 22 [2/2] (1.35ns)   --->   "%p_Val2_14 = load i6 %output_0_V_addr_3"   --->   Operation 22 'load' 'p_Val2_14' <Predicate = (!tmp_41)> <Delay = 1.35> <CoreInst = "RAM">   --->   Core 83 'RAM' <Latency = 1> <II = 1> <Delay = 1.35> <Storage> <Opcode : 'load' 'store'> <Ports = 2> <Width = 32> <Depth = 64> <RAM>

State 3 <SV = 2> <Delay = 7.27>
ST_3 : Operation 23 [1/1] (0.89ns)   --->   "%add_ln93 = add i7 %i, i7 2" [nn.cpp:93]   --->   Operation 23 'add' 'add_ln93' <Predicate = (!tmp_41)> <Delay = 0.89> <CoreInst = "Adder">   --->   Core 1 'Adder' <Latency = 0> <II = 1> <Delay = 1.47> <FuncUnit> <Opcode : 'add' 'sub'> <InPorts = 2> <OutPorts = 1>
ST_3 : Operation 24 [1/2] (1.35ns)   --->   "%p_Val2_s = load i6 %output_0_V_addr"   --->   Operation 24 'load' 'p_Val2_s' <Predicate = (!tmp_41)> <Delay = 1.35> <CoreInst = "RAM">   --->   Core 83 'RAM' <Latency = 1> <II = 1> <Delay = 1.35> <Storage> <Opcode : 'load' 'store'> <Ports = 2> <Width = 32> <Depth = 64> <RAM>
ST_3 : Operation 25 [1/1] (0.00ns)   --->   "%p_Result_37 = bitselect i1 @_ssdm_op_BitSelect.i1.i32.i32, i32 %p_Val2_s, i32 31"   --->   Operation 25 'bitselect' 'p_Result_37' <Predicate = (!tmp_41)> <Delay = 0.00>
ST_3 : Operation 26 [1/1] (1.20ns)   --->   "%tmp_V = sub i32 0, i32 %p_Val2_s"   --->   Operation 26 'sub' 'tmp_V' <Predicate = (!tmp_41)> <Delay = 1.20> <CoreInst = "Adder">   --->   Core 1 'Adder' <Latency = 0> <II = 1> <Delay = 1.47> <FuncUnit> <Opcode : 'add' 'sub'> <InPorts = 2> <OutPorts = 1>
ST_3 : Operation 27 [1/1] (0.52ns)   --->   "%tmp_V_14 = select i1 %p_Result_37, i32 %tmp_V, i32 %p_Val2_s"   --->   Operation 27 'select' 'tmp_V_14' <Predicate = (!tmp_41)> <Delay = 0.52> <CoreInst = "Sel">   --->   Core 73 'Sel' <Latency = 0> <II = 1> <Delay = 0.52> <FuncUnit> <Opcode : 'select'> <InPorts = 3> <OutPorts = 1>
ST_3 : Operation 28 [1/1] (0.00ns)   --->   "%p_Result_38 = partselect i32 @_ssdm_op_PartSelect.i32.i32.i32.i32, i32 %tmp_V_14, i32 31, i32 0"   --->   Operation 28 'partselect' 'p_Result_38' <Predicate = (!tmp_41)> <Delay = 0.00>
ST_3 : Operation 29 [1/1] (0.00ns)   --->   "%l = cttz i32 @llvm.cttz.i32, i32 %p_Result_38, i1 1"   --->   Operation 29 'cttz' 'l' <Predicate = (!tmp_41)> <Delay = 0.00>
ST_3 : Operation 30 [1/1] (1.20ns)   --->   "%sub_ln894 = sub i32 32, i32 %l"   --->   Operation 30 'sub' 'sub_ln894' <Predicate = (!tmp_41)> <Delay = 1.20> <CoreInst = "Adder">   --->   Core 1 'Adder' <Latency = 0> <II = 1> <Delay = 1.47> <FuncUnit> <Opcode : 'add' 'sub'> <InPorts = 2> <OutPorts = 1>
ST_3 : Operation 31 [1/1] (1.20ns)   --->   "%lsb_index = add i32 %sub_ln894, i32 4294967243"   --->   Operation 31 'add' 'lsb_index' <Predicate = (!tmp_41)> <Delay = 1.20> <CoreInst = "Adder">   --->   Core 1 'Adder' <Latency = 0> <II = 1> <Delay = 1.47> <FuncUnit> <Opcode : 'add' 'sub'> <InPorts = 2> <OutPorts = 1>
ST_3 : Operation 32 [1/1] (0.00ns)   --->   "%tmp_43 = partselect i31 @_ssdm_op_PartSelect.i31.i32.i32.i32, i32 %lsb_index, i32 1, i32 31"   --->   Operation 32 'partselect' 'tmp_43' <Predicate = (!tmp_41)> <Delay = 0.00>
ST_3 : Operation 33 [1/1] (1.09ns)   --->   "%icmp_ln896 = icmp_sgt  i31 %tmp_43, i31 0"   --->   Operation 33 'icmp' 'icmp_ln896' <Predicate = (!tmp_41)> <Delay = 1.09> <CoreInst = "Cmp">   --->   Core 9 'Cmp' <Latency = 0> <II = 1> <Delay = 1.11> <FuncUnit> <Opcode : 'icmp'> <InPorts = 2> <OutPorts = 1>
ST_3 : Operation 34 [1/1] (0.00ns)   --->   "%trunc_ln897 = trunc i32 %sub_ln894"   --->   Operation 34 'trunc' 'trunc_ln897' <Predicate = (!tmp_41)> <Delay = 0.00>
ST_3 : Operation 35 [1/1] (0.88ns)   --->   "%sub_ln897 = sub i6 22, i6 %trunc_ln897"   --->   Operation 35 'sub' 'sub_ln897' <Predicate = (!tmp_41)> <Delay = 0.88> <CoreInst = "Adder">   --->   Core 1 'Adder' <Latency = 0> <II = 1> <Delay = 1.47> <FuncUnit> <Opcode : 'add' 'sub'> <InPorts = 2> <OutPorts = 1>
ST_3 : Operation 36 [1/1] (0.00ns) (grouped into LUT with out node icmp_ln899)   --->   "%zext_ln897 = zext i6 %sub_ln897"   --->   Operation 36 'zext' 'zext_ln897' <Predicate = (!tmp_41)> <Delay = 0.00>
ST_3 : Operation 37 [1/1] (0.00ns) (grouped into LUT with out node icmp_ln899)   --->   "%lshr_ln897 = lshr i32 4294967295, i32 %zext_ln897"   --->   Operation 37 'lshr' 'lshr_ln897' <Predicate = (!tmp_41)> <Delay = 0.00> <CoreInst = "Shifter">   --->   Core 75 'Shifter' <Latency = 0> <II = 1> <Delay = 1.45> <FuncUnit> <Opcode : 'shl' 'lshr' 'ashr'> <InPorts = 2> <OutPorts = 1>
ST_3 : Operation 38 [1/1] (0.00ns) (grouped into LUT with out node icmp_ln899)   --->   "%shl_ln899 = shl i32 1, i32 %lsb_index"   --->   Operation 38 'shl' 'shl_ln899' <Predicate = (!tmp_41)> <Delay = 0.00> <CoreInst = "Shifter">   --->   Core 75 'Shifter' <Latency = 0> <II = 1> <Delay = 1.45> <FuncUnit> <Opcode : 'shl' 'lshr' 'ashr'> <InPorts = 2> <OutPorts = 1>
ST_3 : Operation 39 [1/1] (0.00ns) (grouped into LUT with out node icmp_ln899)   --->   "%or_ln899_4 = or i32 %lshr_ln897, i32 %shl_ln899"   --->   Operation 39 'or' 'or_ln899_4' <Predicate = (!tmp_41)> <Delay = 0.00> <CoreInst = "LogicGate">   --->   Core 74 'LogicGate' <Latency = 0> <II = 1> <Delay = 0.33> <FuncUnit> <Opcode : 'and' 'or' 'xor'> <InPorts = 2> <OutPorts = 1>
ST_3 : Operation 40 [1/1] (0.00ns) (grouped into LUT with out node icmp_ln899)   --->   "%and_ln899 = and i32 %tmp_V_14, i32 %or_ln899_4"   --->   Operation 40 'and' 'and_ln899' <Predicate = (!tmp_41)> <Delay = 0.00> <CoreInst = "LogicGate">   --->   Core 74 'LogicGate' <Latency = 0> <II = 1> <Delay = 0.33> <FuncUnit> <Opcode : 'and' 'or' 'xor'> <InPorts = 2> <OutPorts = 1>
ST_3 : Operation 41 [1/1] (1.45ns) (out node of the LUT)   --->   "%icmp_ln899 = icmp_ne  i32 %and_ln899, i32 0"   --->   Operation 41 'icmp' 'icmp_ln899' <Predicate = (!tmp_41)> <Delay = 1.45> <CoreInst = "Cmp">   --->   Core 9 'Cmp' <Latency = 0> <II = 1> <Delay = 1.11> <FuncUnit> <Opcode : 'icmp'> <InPorts = 2> <OutPorts = 1>
ST_3 : Operation 42 [1/1] (0.00ns) (grouped into LUT with out node select_ln908)   --->   "%tmp_44 = bitselect i1 @_ssdm_op_BitSelect.i1.i32.i32, i32 %lsb_index, i32 31"   --->   Operation 42 'bitselect' 'tmp_44' <Predicate = (!tmp_41)> <Delay = 0.00>
ST_3 : Operation 43 [1/1] (0.00ns) (grouped into LUT with out node select_ln908)   --->   "%xor_ln899 = xor i1 %tmp_44, i1 1"   --->   Operation 43 'xor' 'xor_ln899' <Predicate = (!tmp_41)> <Delay = 0.00> <CoreInst = "LogicGate">   --->   Core 74 'LogicGate' <Latency = 0> <II = 1> <Delay = 0.33> <FuncUnit> <Opcode : 'and' 'or' 'xor'> <InPorts = 2> <OutPorts = 1>
ST_3 : Operation 44 [1/1] (0.00ns)   --->   "%p_Result_39 = bitselect i1 @_ssdm_op_BitSelect.i1.i32.i32, i32 %tmp_V_14, i32 %lsb_index"   --->   Operation 44 'bitselect' 'p_Result_39' <Predicate = (!tmp_41)> <Delay = 0.00>
ST_3 : Operation 45 [1/1] (1.11ns)   --->   "%icmp_ln908 = icmp_sgt  i32 %lsb_index, i32 0"   --->   Operation 45 'icmp' 'icmp_ln908' <Predicate = (!tmp_41)> <Delay = 1.11> <CoreInst = "Cmp">   --->   Core 9 'Cmp' <Latency = 0> <II = 1> <Delay = 1.11> <FuncUnit> <Opcode : 'icmp'> <InPorts = 2> <OutPorts = 1>
ST_3 : Operation 46 [1/1] (0.00ns) (grouped into LUT with out node select_ln908)   --->   "%select_ln896 = select i1 %icmp_ln896, i1 %icmp_ln899, i1 %p_Result_39"   --->   Operation 46 'select' 'select_ln896' <Predicate = (!tmp_41)> <Delay = 0.00> <CoreInst = "Sel">   --->   Core 73 'Sel' <Latency = 0> <II = 1> <Delay = 0.52> <FuncUnit> <Opcode : 'select'> <InPorts = 3> <OutPorts = 1>
ST_3 : Operation 47 [1/1] (1.20ns)   --->   "%add_ln908 = add i32 %sub_ln894, i32 4294967242"   --->   Operation 47 'add' 'add_ln908' <Predicate = (!tmp_41)> <Delay = 1.20> <CoreInst = "Adder">   --->   Core 1 'Adder' <Latency = 0> <II = 1> <Delay = 1.47> <FuncUnit> <Opcode : 'add' 'sub'> <InPorts = 2> <OutPorts = 1>
ST_3 : Operation 48 [1/1] (0.00ns) (grouped into LUT with out node select_ln908)   --->   "%and_ln899_6 = and i1 %p_Result_39, i1 %xor_ln899"   --->   Operation 48 'and' 'and_ln899_6' <Predicate = (!tmp_41)> <Delay = 0.00> <CoreInst = "LogicGate">   --->   Core 74 'LogicGate' <Latency = 0> <II = 1> <Delay = 0.33> <FuncUnit> <Opcode : 'and' 'or' 'xor'> <InPorts = 2> <OutPorts = 1>
ST_3 : Operation 49 [1/1] (1.20ns)   --->   "%sub_ln909 = sub i32 54, i32 %sub_ln894"   --->   Operation 49 'sub' 'sub_ln909' <Predicate = (!tmp_41)> <Delay = 1.20> <CoreInst = "Adder">   --->   Core 1 'Adder' <Latency = 0> <II = 1> <Delay = 1.47> <FuncUnit> <Opcode : 'add' 'sub'> <InPorts = 2> <OutPorts = 1>
ST_3 : Operation 50 [1/1] (0.33ns) (out node of the LUT)   --->   "%select_ln908 = select i1 %icmp_ln908, i1 %select_ln896, i1 %and_ln899_6"   --->   Operation 50 'select' 'select_ln908' <Predicate = (!tmp_41)> <Delay = 0.33> <CoreInst = "Sel">   --->   Core 73 'Sel' <Latency = 0> <II = 1> <Delay = 0.52> <FuncUnit> <Opcode : 'select'> <InPorts = 3> <OutPorts = 1>
ST_3 : Operation 51 [1/1] (0.00ns)   --->   "%trunc_ln893 = trunc i32 %l"   --->   Operation 51 'trunc' 'trunc_ln893' <Predicate = (!tmp_41)> <Delay = 0.00>
ST_3 : Operation 52 [1/2] (1.35ns)   --->   "%p_Val2_14 = load i6 %output_0_V_addr_3"   --->   Operation 52 'load' 'p_Val2_14' <Predicate = (!tmp_41)> <Delay = 1.35> <CoreInst = "RAM">   --->   Core 83 'RAM' <Latency = 1> <II = 1> <Delay = 1.35> <Storage> <Opcode : 'load' 'store'> <Ports = 2> <Width = 32> <Depth = 64> <RAM>
ST_3 : Operation 53 [1/1] (0.00ns)   --->   "%p_Result_41 = bitselect i1 @_ssdm_op_BitSelect.i1.i32.i32, i32 %p_Val2_14, i32 31"   --->   Operation 53 'bitselect' 'p_Result_41' <Predicate = (!tmp_41)> <Delay = 0.00>
ST_3 : Operation 54 [1/1] (1.20ns)   --->   "%tmp_V_12 = sub i32 0, i32 %p_Val2_14"   --->   Operation 54 'sub' 'tmp_V_12' <Predicate = (!tmp_41)> <Delay = 1.20> <CoreInst = "Adder">   --->   Core 1 'Adder' <Latency = 0> <II = 1> <Delay = 1.47> <FuncUnit> <Opcode : 'add' 'sub'> <InPorts = 2> <OutPorts = 1>
ST_3 : Operation 55 [1/1] (0.52ns)   --->   "%tmp_V_15 = select i1 %p_Result_41, i32 %tmp_V_12, i32 %p_Val2_14"   --->   Operation 55 'select' 'tmp_V_15' <Predicate = (!tmp_41)> <Delay = 0.52> <CoreInst = "Sel">   --->   Core 73 'Sel' <Latency = 0> <II = 1> <Delay = 0.52> <FuncUnit> <Opcode : 'select'> <InPorts = 3> <OutPorts = 1>
ST_3 : Operation 56 [1/1] (0.00ns)   --->   "%p_Result_42 = partselect i32 @_ssdm_op_PartSelect.i32.i32.i32.i32, i32 %tmp_V_15, i32 31, i32 0"   --->   Operation 56 'partselect' 'p_Result_42' <Predicate = (!tmp_41)> <Delay = 0.00>
ST_3 : Operation 57 [1/1] (0.00ns)   --->   "%l_3 = cttz i32 @llvm.cttz.i32, i32 %p_Result_42, i1 1"   --->   Operation 57 'cttz' 'l_3' <Predicate = (!tmp_41)> <Delay = 0.00>
ST_3 : Operation 58 [1/1] (1.20ns)   --->   "%sub_ln894_3 = sub i32 32, i32 %l_3"   --->   Operation 58 'sub' 'sub_ln894_3' <Predicate = (!tmp_41)> <Delay = 1.20> <CoreInst = "Adder">   --->   Core 1 'Adder' <Latency = 0> <II = 1> <Delay = 1.47> <FuncUnit> <Opcode : 'add' 'sub'> <InPorts = 2> <OutPorts = 1>
ST_3 : Operation 59 [1/1] (1.20ns)   --->   "%lsb_index_3 = add i32 %sub_ln894_3, i32 4294967243"   --->   Operation 59 'add' 'lsb_index_3' <Predicate = (!tmp_41)> <Delay = 1.20> <CoreInst = "Adder">   --->   Core 1 'Adder' <Latency = 0> <II = 1> <Delay = 1.47> <FuncUnit> <Opcode : 'add' 'sub'> <InPorts = 2> <OutPorts = 1>
ST_3 : Operation 60 [1/1] (0.00ns)   --->   "%tmp_47 = partselect i31 @_ssdm_op_PartSelect.i31.i32.i32.i32, i32 %lsb_index_3, i32 1, i32 31"   --->   Operation 60 'partselect' 'tmp_47' <Predicate = (!tmp_41)> <Delay = 0.00>
ST_3 : Operation 61 [1/1] (1.09ns)   --->   "%icmp_ln896_3 = icmp_sgt  i31 %tmp_47, i31 0"   --->   Operation 61 'icmp' 'icmp_ln896_3' <Predicate = (!tmp_41)> <Delay = 1.09> <CoreInst = "Cmp">   --->   Core 9 'Cmp' <Latency = 0> <II = 1> <Delay = 1.11> <FuncUnit> <Opcode : 'icmp'> <InPorts = 2> <OutPorts = 1>
ST_3 : Operation 62 [1/1] (0.00ns)   --->   "%trunc_ln897_3 = trunc i32 %sub_ln894_3"   --->   Operation 62 'trunc' 'trunc_ln897_3' <Predicate = (!tmp_41)> <Delay = 0.00>
ST_3 : Operation 63 [1/1] (0.88ns)   --->   "%sub_ln897_3 = sub i6 22, i6 %trunc_ln897_3"   --->   Operation 63 'sub' 'sub_ln897_3' <Predicate = (!tmp_41)> <Delay = 0.88> <CoreInst = "Adder">   --->   Core 1 'Adder' <Latency = 0> <II = 1> <Delay = 1.47> <FuncUnit> <Opcode : 'add' 'sub'> <InPorts = 2> <OutPorts = 1>
ST_3 : Operation 64 [1/1] (0.00ns) (grouped into LUT with out node icmp_ln899_3)   --->   "%zext_ln897_3 = zext i6 %sub_ln897_3"   --->   Operation 64 'zext' 'zext_ln897_3' <Predicate = (!tmp_41)> <Delay = 0.00>
ST_3 : Operation 65 [1/1] (0.00ns) (grouped into LUT with out node icmp_ln899_3)   --->   "%lshr_ln897_3 = lshr i32 4294967295, i32 %zext_ln897_3"   --->   Operation 65 'lshr' 'lshr_ln897_3' <Predicate = (!tmp_41)> <Delay = 0.00> <CoreInst = "Shifter">   --->   Core 75 'Shifter' <Latency = 0> <II = 1> <Delay = 1.45> <FuncUnit> <Opcode : 'shl' 'lshr' 'ashr'> <InPorts = 2> <OutPorts = 1>
ST_3 : Operation 66 [1/1] (0.00ns) (grouped into LUT with out node icmp_ln899_3)   --->   "%shl_ln899_3 = shl i32 1, i32 %lsb_index_3"   --->   Operation 66 'shl' 'shl_ln899_3' <Predicate = (!tmp_41)> <Delay = 0.00> <CoreInst = "Shifter">   --->   Core 75 'Shifter' <Latency = 0> <II = 1> <Delay = 1.45> <FuncUnit> <Opcode : 'shl' 'lshr' 'ashr'> <InPorts = 2> <OutPorts = 1>
ST_3 : Operation 67 [1/1] (0.00ns) (grouped into LUT with out node icmp_ln899_3)   --->   "%or_ln899 = or i32 %lshr_ln897_3, i32 %shl_ln899_3"   --->   Operation 67 'or' 'or_ln899' <Predicate = (!tmp_41)> <Delay = 0.00> <CoreInst = "LogicGate">   --->   Core 74 'LogicGate' <Latency = 0> <II = 1> <Delay = 0.33> <FuncUnit> <Opcode : 'and' 'or' 'xor'> <InPorts = 2> <OutPorts = 1>
ST_3 : Operation 68 [1/1] (0.00ns) (grouped into LUT with out node icmp_ln899_3)   --->   "%and_ln899_8 = and i32 %tmp_V_15, i32 %or_ln899"   --->   Operation 68 'and' 'and_ln899_8' <Predicate = (!tmp_41)> <Delay = 0.00> <CoreInst = "LogicGate">   --->   Core 74 'LogicGate' <Latency = 0> <II = 1> <Delay = 0.33> <FuncUnit> <Opcode : 'and' 'or' 'xor'> <InPorts = 2> <OutPorts = 1>
ST_3 : Operation 69 [1/1] (1.45ns) (out node of the LUT)   --->   "%icmp_ln899_3 = icmp_ne  i32 %and_ln899_8, i32 0"   --->   Operation 69 'icmp' 'icmp_ln899_3' <Predicate = (!tmp_41)> <Delay = 1.45> <CoreInst = "Cmp">   --->   Core 9 'Cmp' <Latency = 0> <II = 1> <Delay = 1.11> <FuncUnit> <Opcode : 'icmp'> <InPorts = 2> <OutPorts = 1>
ST_3 : Operation 70 [1/1] (0.00ns) (grouped into LUT with out node select_ln908_8)   --->   "%tmp_48 = bitselect i1 @_ssdm_op_BitSelect.i1.i32.i32, i32 %lsb_index_3, i32 31"   --->   Operation 70 'bitselect' 'tmp_48' <Predicate = (!tmp_41)> <Delay = 0.00>
ST_3 : Operation 71 [1/1] (0.00ns) (grouped into LUT with out node select_ln908_8)   --->   "%xor_ln899_3 = xor i1 %tmp_48, i1 1"   --->   Operation 71 'xor' 'xor_ln899_3' <Predicate = (!tmp_41)> <Delay = 0.00> <CoreInst = "LogicGate">   --->   Core 74 'LogicGate' <Latency = 0> <II = 1> <Delay = 0.33> <FuncUnit> <Opcode : 'and' 'or' 'xor'> <InPorts = 2> <OutPorts = 1>
ST_3 : Operation 72 [1/1] (0.00ns)   --->   "%p_Result_43 = bitselect i1 @_ssdm_op_BitSelect.i1.i32.i32, i32 %tmp_V_15, i32 %lsb_index_3"   --->   Operation 72 'bitselect' 'p_Result_43' <Predicate = (!tmp_41)> <Delay = 0.00>
ST_3 : Operation 73 [1/1] (1.11ns)   --->   "%icmp_ln908_3 = icmp_sgt  i32 %lsb_index_3, i32 0"   --->   Operation 73 'icmp' 'icmp_ln908_3' <Predicate = (!tmp_41)> <Delay = 1.11> <CoreInst = "Cmp">   --->   Core 9 'Cmp' <Latency = 0> <II = 1> <Delay = 1.11> <FuncUnit> <Opcode : 'icmp'> <InPorts = 2> <OutPorts = 1>
ST_3 : Operation 74 [1/1] (0.00ns) (grouped into LUT with out node select_ln908_8)   --->   "%select_ln896_3 = select i1 %icmp_ln896_3, i1 %icmp_ln899_3, i1 %p_Result_43"   --->   Operation 74 'select' 'select_ln896_3' <Predicate = (!tmp_41)> <Delay = 0.00> <CoreInst = "Sel">   --->   Core 73 'Sel' <Latency = 0> <II = 1> <Delay = 0.52> <FuncUnit> <Opcode : 'select'> <InPorts = 3> <OutPorts = 1>
ST_3 : Operation 75 [1/1] (0.00ns) (grouped into LUT with out node select_ln908_8)   --->   "%and_ln899_7 = and i1 %p_Result_43, i1 %xor_ln899_3"   --->   Operation 75 'and' 'and_ln899_7' <Predicate = (!tmp_41)> <Delay = 0.00> <CoreInst = "LogicGate">   --->   Core 74 'LogicGate' <Latency = 0> <II = 1> <Delay = 0.33> <FuncUnit> <Opcode : 'and' 'or' 'xor'> <InPorts = 2> <OutPorts = 1>
ST_3 : Operation 76 [1/1] (0.33ns) (out node of the LUT)   --->   "%select_ln908_8 = select i1 %icmp_ln908_3, i1 %select_ln896_3, i1 %and_ln899_7"   --->   Operation 76 'select' 'select_ln908_8' <Predicate = (!tmp_41)> <Delay = 0.33> <CoreInst = "Sel">   --->   Core 73 'Sel' <Latency = 0> <II = 1> <Delay = 0.52> <FuncUnit> <Opcode : 'select'> <InPorts = 3> <OutPorts = 1>
ST_3 : Operation 77 [1/1] (0.00ns)   --->   "%trunc_ln893_3 = trunc i32 %l_3"   --->   Operation 77 'trunc' 'trunc_ln893_3' <Predicate = (!tmp_41)> <Delay = 0.00>

State 4 <SV = 3> <Delay = 6.60>
ST_4 : Operation 78 [1/1] (0.00ns)   --->   "%zext_ln907 = zext i32 %tmp_V_14"   --->   Operation 78 'zext' 'zext_ln907' <Predicate = (!tmp_41)> <Delay = 0.00>
ST_4 : Operation 79 [1/1] (0.00ns) (grouped into LUT with out node m_19)   --->   "%zext_ln908 = zext i32 %add_ln908"   --->   Operation 79 'zext' 'zext_ln908' <Predicate = (!tmp_41 & icmp_ln908)> <Delay = 0.00>
ST_4 : Operation 80 [1/1] (0.00ns) (grouped into LUT with out node m_19)   --->   "%lshr_ln908 = lshr i64 %zext_ln907, i64 %zext_ln908"   --->   Operation 80 'lshr' 'lshr_ln908' <Predicate = (!tmp_41 & icmp_ln908)> <Delay = 0.00> <CoreInst = "Shifter">   --->   Core 75 'Shifter' <Latency = 0> <II = 1> <Delay = 1.45> <FuncUnit> <Opcode : 'shl' 'lshr' 'ashr'> <InPorts = 2> <OutPorts = 1>
ST_4 : Operation 81 [1/1] (0.00ns) (grouped into LUT with out node m_19)   --->   "%zext_ln909 = zext i32 %sub_ln909"   --->   Operation 81 'zext' 'zext_ln909' <Predicate = (!tmp_41 & !icmp_ln908)> <Delay = 0.00>
ST_4 : Operation 82 [1/1] (0.00ns) (grouped into LUT with out node m_19)   --->   "%shl_ln909 = shl i64 %zext_ln907, i64 %zext_ln909"   --->   Operation 82 'shl' 'shl_ln909' <Predicate = (!tmp_41 & !icmp_ln908)> <Delay = 0.00> <CoreInst = "Shifter">   --->   Core 75 'Shifter' <Latency = 0> <II = 1> <Delay = 1.45> <FuncUnit> <Opcode : 'shl' 'lshr' 'ashr'> <InPorts = 2> <OutPorts = 1>
ST_4 : Operation 83 [1/1] (0.00ns) (grouped into LUT with out node m_19)   --->   "%m_18 = select i1 %icmp_ln908, i64 %lshr_ln908, i64 %shl_ln909"   --->   Operation 83 'select' 'm_18' <Predicate = (!tmp_41)> <Delay = 0.00> <CoreInst = "Sel">   --->   Core 73 'Sel' <Latency = 0> <II = 1> <Delay = 0.52> <FuncUnit> <Opcode : 'select'> <InPorts = 3> <OutPorts = 1>
ST_4 : Operation 84 [1/1] (0.00ns) (grouped into LUT with out node m_19)   --->   "%zext_ln911 = zext i1 %select_ln908"   --->   Operation 84 'zext' 'zext_ln911' <Predicate = (!tmp_41)> <Delay = 0.00>
ST_4 : Operation 85 [1/1] (1.47ns) (out node of the LUT)   --->   "%m_19 = add i64 %m_18, i64 %zext_ln911"   --->   Operation 85 'add' 'm_19' <Predicate = (!tmp_41)> <Delay = 1.47> <CoreInst = "Adder">   --->   Core 1 'Adder' <Latency = 0> <II = 1> <Delay = 1.47> <FuncUnit> <Opcode : 'add' 'sub'> <InPorts = 2> <OutPorts = 1>
ST_4 : Operation 86 [1/1] (0.00ns)   --->   "%m_24 = partselect i63 @_ssdm_op_PartSelect.i63.i64.i32.i32, i64 %m_19, i32 1, i32 63"   --->   Operation 86 'partselect' 'm_24' <Predicate = (!tmp_41)> <Delay = 0.00>
ST_4 : Operation 87 [1/1] (0.00ns)   --->   "%zext_ln912 = zext i63 %m_24"   --->   Operation 87 'zext' 'zext_ln912' <Predicate = (!tmp_41)> <Delay = 0.00>
ST_4 : Operation 88 [1/1] (0.00ns)   --->   "%p_Result_s = bitselect i1 @_ssdm_op_BitSelect.i1.i64.i32, i64 %m_19, i32 54"   --->   Operation 88 'bitselect' 'p_Result_s' <Predicate = (!tmp_41)> <Delay = 0.00>
ST_4 : Operation 89 [1/1] (0.45ns)   --->   "%select_ln893 = select i1 %p_Result_s, i11 1023, i11 1022"   --->   Operation 89 'select' 'select_ln893' <Predicate = (!tmp_41)> <Delay = 0.45> <CoreInst = "Sel">   --->   Core 73 'Sel' <Latency = 0> <II = 1> <Delay = 0.52> <FuncUnit> <Opcode : 'select'> <InPorts = 3> <OutPorts = 1>
ST_4 : Operation 90 [1/1] (0.00ns) (grouped into TernaryAdder)   --->   "%sub_ln915 = sub i11 24, i11 %trunc_ln893"   --->   Operation 90 'sub' 'sub_ln915' <Predicate = (!tmp_41)> <Delay = 0.00> <CoreInst = "TAddSub">   --->   Core 10 'TAddSub' <Latency = 0> <II = 1> <Delay = 0.53> <IPBlock> <Opcode : 'add' 'sub'> <InPorts = 3> <OutPorts = 1> <Sync>
ST_4 : Operation 91 [1/1] (1.07ns) (root node of TernaryAdder)   --->   "%add_ln915 = add i11 %sub_ln915, i11 %select_ln893"   --->   Operation 91 'add' 'add_ln915' <Predicate = (!tmp_41)> <Delay = 1.07> <CoreInst = "TAddSub">   --->   Core 10 'TAddSub' <Latency = 0> <II = 1> <Delay = 0.53> <IPBlock> <Opcode : 'add' 'sub'> <InPorts = 3> <OutPorts = 1> <Sync>
ST_4 : Operation 92 [1/1] (0.00ns)   --->   "%tmp = bitconcatenate i12 @_ssdm_op_BitConcatenate.i12.i1.i11, i1 %p_Result_37, i11 %add_ln915"   --->   Operation 92 'bitconcatenate' 'tmp' <Predicate = (!tmp_41)> <Delay = 0.00>
ST_4 : Operation 93 [1/1] (0.00ns)   --->   "%p_Result_40 = partset i64 @_ssdm_op_PartSet.i64.i64.i12.i32.i32, i64 %zext_ln912, i12 %tmp, i32 52, i32 63"   --->   Operation 93 'partset' 'p_Result_40' <Predicate = (!tmp_41)> <Delay = 0.00>
ST_4 : Operation 94 [1/1] (0.00ns)   --->   "%bitcast_ln734 = bitcast i64 %p_Result_40"   --->   Operation 94 'bitcast' 'bitcast_ln734' <Predicate = (!tmp_41)> <Delay = 0.00>
ST_4 : Operation 95 [1/1] (0.00ns)   --->   "%trunc_ln9 = partselect i52 @_ssdm_op_PartSelect.i52.i64.i32.i32, i64 %m_19, i32 1, i32 52"   --->   Operation 95 'partselect' 'trunc_ln9' <Predicate = (!tmp_41)> <Delay = 0.00>
ST_4 : Operation 96 [1/1] (0.85ns)   --->   "%icmp_ln1506 = icmp_ne  i11 %add_ln915, i11 2047"   --->   Operation 96 'icmp' 'icmp_ln1506' <Predicate = (!tmp_41)> <Delay = 0.85> <CoreInst = "Cmp">   --->   Core 9 'Cmp' <Latency = 0> <II = 1> <Delay = 1.11> <FuncUnit> <Opcode : 'icmp'> <InPorts = 2> <OutPorts = 1>
ST_4 : Operation 97 [1/1] (1.34ns)   --->   "%icmp_ln1506_7 = icmp_eq  i52 %trunc_ln9, i52 0"   --->   Operation 97 'icmp' 'icmp_ln1506_7' <Predicate = (!tmp_41)> <Delay = 1.34> <CoreInst = "Cmp">   --->   Core 9 'Cmp' <Latency = 0> <II = 1> <Delay = 1.11> <FuncUnit> <Opcode : 'icmp'> <InPorts = 2> <OutPorts = 1>
ST_4 : Operation 98 [2/2] (3.61ns)   --->   "%tmp_6 = fcmp_olt  i64 %bitcast_ln734, i64 0"   --->   Operation 98 'dcmp' 'tmp_6' <Predicate = (!tmp_41)> <Delay = 3.61> <CoreInst = "DCompare">   --->   Core 38 'DCompare' <Latency = 1> <II = 1> <Delay = 3.61> <FuncUnit> <Opcode : 'dcmp'> <InPorts = 2> <OutPorts = 1>
ST_4 : Operation 99 [1/1] (0.00ns)   --->   "%zext_ln907_3 = zext i32 %tmp_V_15"   --->   Operation 99 'zext' 'zext_ln907_3' <Predicate = (!tmp_41)> <Delay = 0.00>
ST_4 : Operation 100 [1/1] (1.20ns)   --->   "%add_ln908_3 = add i32 %sub_ln894_3, i32 4294967242"   --->   Operation 100 'add' 'add_ln908_3' <Predicate = (!tmp_41 & icmp_ln908_3)> <Delay = 1.20> <CoreInst = "Adder">   --->   Core 1 'Adder' <Latency = 0> <II = 1> <Delay = 1.47> <FuncUnit> <Opcode : 'add' 'sub'> <InPorts = 2> <OutPorts = 1>
ST_4 : Operation 101 [1/1] (0.00ns) (grouped into LUT with out node m_21)   --->   "%zext_ln908_3 = zext i32 %add_ln908_3"   --->   Operation 101 'zext' 'zext_ln908_3' <Predicate = (!tmp_41 & icmp_ln908_3)> <Delay = 0.00>
ST_4 : Operation 102 [1/1] (0.00ns) (grouped into LUT with out node m_21)   --->   "%lshr_ln908_3 = lshr i64 %zext_ln907_3, i64 %zext_ln908_3"   --->   Operation 102 'lshr' 'lshr_ln908_3' <Predicate = (!tmp_41 & icmp_ln908_3)> <Delay = 0.00> <CoreInst = "Shifter">   --->   Core 75 'Shifter' <Latency = 0> <II = 1> <Delay = 1.45> <FuncUnit> <Opcode : 'shl' 'lshr' 'ashr'> <InPorts = 2> <OutPorts = 1>
ST_4 : Operation 103 [1/1] (1.20ns)   --->   "%sub_ln909_3 = sub i32 54, i32 %sub_ln894_3"   --->   Operation 103 'sub' 'sub_ln909_3' <Predicate = (!tmp_41 & !icmp_ln908_3)> <Delay = 1.20> <CoreInst = "Adder">   --->   Core 1 'Adder' <Latency = 0> <II = 1> <Delay = 1.47> <FuncUnit> <Opcode : 'add' 'sub'> <InPorts = 2> <OutPorts = 1>
ST_4 : Operation 104 [1/1] (0.00ns) (grouped into LUT with out node m_21)   --->   "%zext_ln909_3 = zext i32 %sub_ln909_3"   --->   Operation 104 'zext' 'zext_ln909_3' <Predicate = (!tmp_41 & !icmp_ln908_3)> <Delay = 0.00>
ST_4 : Operation 105 [1/1] (0.00ns) (grouped into LUT with out node m_21)   --->   "%shl_ln909_3 = shl i64 %zext_ln907_3, i64 %zext_ln909_3"   --->   Operation 105 'shl' 'shl_ln909_3' <Predicate = (!tmp_41 & !icmp_ln908_3)> <Delay = 0.00> <CoreInst = "Shifter">   --->   Core 75 'Shifter' <Latency = 0> <II = 1> <Delay = 1.45> <FuncUnit> <Opcode : 'shl' 'lshr' 'ashr'> <InPorts = 2> <OutPorts = 1>
ST_4 : Operation 106 [1/1] (0.00ns) (grouped into LUT with out node m_21)   --->   "%m_20 = select i1 %icmp_ln908_3, i64 %lshr_ln908_3, i64 %shl_ln909_3"   --->   Operation 106 'select' 'm_20' <Predicate = (!tmp_41)> <Delay = 0.00> <CoreInst = "Sel">   --->   Core 73 'Sel' <Latency = 0> <II = 1> <Delay = 0.52> <FuncUnit> <Opcode : 'select'> <InPorts = 3> <OutPorts = 1>
ST_4 : Operation 107 [1/1] (0.00ns) (grouped into LUT with out node m_21)   --->   "%zext_ln911_3 = zext i1 %select_ln908_8"   --->   Operation 107 'zext' 'zext_ln911_3' <Predicate = (!tmp_41)> <Delay = 0.00>
ST_4 : Operation 108 [1/1] (1.47ns) (out node of the LUT)   --->   "%m_21 = add i64 %m_20, i64 %zext_ln911_3"   --->   Operation 108 'add' 'm_21' <Predicate = (!tmp_41)> <Delay = 1.47> <CoreInst = "Adder">   --->   Core 1 'Adder' <Latency = 0> <II = 1> <Delay = 1.47> <FuncUnit> <Opcode : 'add' 'sub'> <InPorts = 2> <OutPorts = 1>
ST_4 : Operation 109 [1/1] (0.00ns)   --->   "%m = partselect i63 @_ssdm_op_PartSelect.i63.i64.i32.i32, i64 %m_21, i32 1, i32 63"   --->   Operation 109 'partselect' 'm' <Predicate = (!tmp_41)> <Delay = 0.00>
ST_4 : Operation 110 [1/1] (0.00ns)   --->   "%zext_ln912_3 = zext i63 %m"   --->   Operation 110 'zext' 'zext_ln912_3' <Predicate = (!tmp_41)> <Delay = 0.00>
ST_4 : Operation 111 [1/1] (0.00ns)   --->   "%p_Result_35 = bitselect i1 @_ssdm_op_BitSelect.i1.i64.i32, i64 %m_21, i32 54"   --->   Operation 111 'bitselect' 'p_Result_35' <Predicate = (!tmp_41)> <Delay = 0.00>
ST_4 : Operation 112 [1/1] (0.45ns)   --->   "%select_ln893_3 = select i1 %p_Result_35, i11 1023, i11 1022"   --->   Operation 112 'select' 'select_ln893_3' <Predicate = (!tmp_41)> <Delay = 0.45> <CoreInst = "Sel">   --->   Core 73 'Sel' <Latency = 0> <II = 1> <Delay = 0.52> <FuncUnit> <Opcode : 'select'> <InPorts = 3> <OutPorts = 1>
ST_4 : Operation 113 [1/1] (0.00ns) (grouped into TernaryAdder)   --->   "%sub_ln915_3 = sub i11 24, i11 %trunc_ln893_3"   --->   Operation 113 'sub' 'sub_ln915_3' <Predicate = (!tmp_41)> <Delay = 0.00> <CoreInst = "TAddSub">   --->   Core 10 'TAddSub' <Latency = 0> <II = 1> <Delay = 0.53> <IPBlock> <Opcode : 'add' 'sub'> <InPorts = 3> <OutPorts = 1> <Sync>
ST_4 : Operation 114 [1/1] (1.07ns) (root node of TernaryAdder)   --->   "%add_ln915_3 = add i11 %sub_ln915_3, i11 %select_ln893_3"   --->   Operation 114 'add' 'add_ln915_3' <Predicate = (!tmp_41)> <Delay = 1.07> <CoreInst = "TAddSub">   --->   Core 10 'TAddSub' <Latency = 0> <II = 1> <Delay = 0.53> <IPBlock> <Opcode : 'add' 'sub'> <InPorts = 3> <OutPorts = 1> <Sync>
ST_4 : Operation 115 [1/1] (0.00ns)   --->   "%tmp_3 = bitconcatenate i12 @_ssdm_op_BitConcatenate.i12.i1.i11, i1 %p_Result_41, i11 %add_ln915_3"   --->   Operation 115 'bitconcatenate' 'tmp_3' <Predicate = (!tmp_41)> <Delay = 0.00>
ST_4 : Operation 116 [1/1] (0.00ns)   --->   "%p_Result_44 = partset i64 @_ssdm_op_PartSet.i64.i64.i12.i32.i32, i64 %zext_ln912_3, i12 %tmp_3, i32 52, i32 63"   --->   Operation 116 'partset' 'p_Result_44' <Predicate = (!tmp_41)> <Delay = 0.00>
ST_4 : Operation 117 [1/1] (0.00ns)   --->   "%trunc_ln1506_3 = partselect i52 @_ssdm_op_PartSelect.i52.i64.i32.i32, i64 %m_21, i32 1, i32 52"   --->   Operation 117 'partselect' 'trunc_ln1506_3' <Predicate = (!tmp_41)> <Delay = 0.00>
ST_4 : Operation 118 [1/1] (0.85ns)   --->   "%icmp_ln1506_8 = icmp_ne  i11 %add_ln915_3, i11 2047"   --->   Operation 118 'icmp' 'icmp_ln1506_8' <Predicate = (!tmp_41)> <Delay = 0.85> <CoreInst = "Cmp">   --->   Core 9 'Cmp' <Latency = 0> <II = 1> <Delay = 1.11> <FuncUnit> <Opcode : 'icmp'> <InPorts = 2> <OutPorts = 1>
ST_4 : Operation 119 [1/1] (1.34ns)   --->   "%icmp_ln1506_9 = icmp_eq  i52 %trunc_ln1506_3, i52 0"   --->   Operation 119 'icmp' 'icmp_ln1506_9' <Predicate = (!tmp_41)> <Delay = 1.34> <CoreInst = "Cmp">   --->   Core 9 'Cmp' <Latency = 0> <II = 1> <Delay = 1.11> <FuncUnit> <Opcode : 'icmp'> <InPorts = 2> <OutPorts = 1>

State 5 <SV = 4> <Delay = 5.49>
ST_5 : Operation 120 [1/1] (0.00ns) (grouped into LUT with out node select_ln1506)   --->   "%or_ln1506 = or i1 %icmp_ln1506_7, i1 %icmp_ln1506"   --->   Operation 120 'or' 'or_ln1506' <Predicate = (!tmp_41)> <Delay = 0.00> <CoreInst = "LogicGate">   --->   Core 74 'LogicGate' <Latency = 0> <II = 1> <Delay = 0.33> <FuncUnit> <Opcode : 'and' 'or' 'xor'> <InPorts = 2> <OutPorts = 1>
ST_5 : Operation 121 [1/2] (3.61ns)   --->   "%tmp_6 = fcmp_olt  i64 %bitcast_ln734, i64 0"   --->   Operation 121 'dcmp' 'tmp_6' <Predicate = (!tmp_41)> <Delay = 3.61> <CoreInst = "DCompare">   --->   Core 38 'DCompare' <Latency = 1> <II = 1> <Delay = 3.61> <FuncUnit> <Opcode : 'dcmp'> <InPorts = 2> <OutPorts = 1>
ST_5 : Operation 122 [1/1] (0.00ns) (grouped into LUT with out node select_ln1506)   --->   "%and_ln1506 = and i1 %or_ln1506, i1 %tmp_6"   --->   Operation 122 'and' 'and_ln1506' <Predicate = (!tmp_41)> <Delay = 0.00> <CoreInst = "LogicGate">   --->   Core 74 'LogicGate' <Latency = 0> <II = 1> <Delay = 0.33> <FuncUnit> <Opcode : 'and' 'or' 'xor'> <InPorts = 2> <OutPorts = 1>
ST_5 : Operation 123 [1/1] (1.11ns)   --->   "%icmp_ln885 = icmp_ne  i32 %p_Val2_s, i32 0"   --->   Operation 123 'icmp' 'icmp_ln885' <Predicate = (!tmp_41)> <Delay = 1.11> <CoreInst = "Cmp">   --->   Core 9 'Cmp' <Latency = 0> <II = 1> <Delay = 1.11> <FuncUnit> <Opcode : 'icmp'> <InPorts = 2> <OutPorts = 1>
ST_5 : Operation 124 [1/1] (0.00ns) (grouped into LUT with out node select_ln1506)   --->   "%and_ln1506_7 = and i1 %icmp_ln885, i1 %and_ln1506"   --->   Operation 124 'and' 'and_ln1506_7' <Predicate = (!tmp_41)> <Delay = 0.00> <CoreInst = "LogicGate">   --->   Core 74 'LogicGate' <Latency = 0> <II = 1> <Delay = 0.33> <FuncUnit> <Opcode : 'and' 'or' 'xor'> <InPorts = 2> <OutPorts = 1>
ST_5 : Operation 125 [1/1] (0.52ns) (out node of the LUT)   --->   "%select_ln1506 = select i1 %and_ln1506_7, i32 0, i32 %p_Val2_s"   --->   Operation 125 'select' 'select_ln1506' <Predicate = (!tmp_41)> <Delay = 0.52> <CoreInst = "Sel">   --->   Core 73 'Sel' <Latency = 0> <II = 1> <Delay = 0.52> <FuncUnit> <Opcode : 'select'> <InPorts = 3> <OutPorts = 1>
ST_5 : Operation 126 [1/1] (1.35ns)   --->   "%store_ln96 = store i32 %select_ln1506, i6 %output_0_V_addr" [nn.cpp:96]   --->   Operation 126 'store' 'store_ln96' <Predicate = (!tmp_41)> <Delay = 1.35> <CoreInst = "RAM">   --->   Core 83 'RAM' <Latency = 1> <II = 1> <Delay = 1.35> <Storage> <Opcode : 'load' 'store'> <Ports = 2> <Width = 32> <Depth = 64> <RAM>
ST_5 : Operation 127 [1/1] (0.00ns)   --->   "%bitcast_ln734_3 = bitcast i64 %p_Result_44"   --->   Operation 127 'bitcast' 'bitcast_ln734_3' <Predicate = (!tmp_41)> <Delay = 0.00>
ST_5 : Operation 128 [2/2] (3.61ns)   --->   "%tmp_7 = fcmp_olt  i64 %bitcast_ln734_3, i64 0"   --->   Operation 128 'dcmp' 'tmp_7' <Predicate = (!tmp_41)> <Delay = 3.61> <CoreInst = "DCompare">   --->   Core 38 'DCompare' <Latency = 1> <II = 1> <Delay = 3.61> <FuncUnit> <Opcode : 'dcmp'> <InPorts = 2> <OutPorts = 1>

State 6 <SV = 5> <Delay = 4.13>
ST_6 : Operation 129 [1/1] (0.00ns) (grouped into LUT with out node select_ln1506_3)   --->   "%or_ln1506_3 = or i1 %icmp_ln1506_9, i1 %icmp_ln1506_8"   --->   Operation 129 'or' 'or_ln1506_3' <Predicate = (!tmp_41)> <Delay = 0.00> <CoreInst = "LogicGate">   --->   Core 74 'LogicGate' <Latency = 0> <II = 1> <Delay = 0.33> <FuncUnit> <Opcode : 'and' 'or' 'xor'> <InPorts = 2> <OutPorts = 1>
ST_6 : Operation 130 [1/2] (3.61ns)   --->   "%tmp_7 = fcmp_olt  i64 %bitcast_ln734_3, i64 0"   --->   Operation 130 'dcmp' 'tmp_7' <Predicate = (!tmp_41)> <Delay = 3.61> <CoreInst = "DCompare">   --->   Core 38 'DCompare' <Latency = 1> <II = 1> <Delay = 3.61> <FuncUnit> <Opcode : 'dcmp'> <InPorts = 2> <OutPorts = 1>
ST_6 : Operation 131 [1/1] (0.00ns) (grouped into LUT with out node select_ln1506_3)   --->   "%and_ln1506_8 = and i1 %or_ln1506_3, i1 %tmp_7"   --->   Operation 131 'and' 'and_ln1506_8' <Predicate = (!tmp_41)> <Delay = 0.00> <CoreInst = "LogicGate">   --->   Core 74 'LogicGate' <Latency = 0> <II = 1> <Delay = 0.33> <FuncUnit> <Opcode : 'and' 'or' 'xor'> <InPorts = 2> <OutPorts = 1>
ST_6 : Operation 132 [1/1] (1.11ns)   --->   "%icmp_ln885_3 = icmp_ne  i32 %p_Val2_14, i32 0"   --->   Operation 132 'icmp' 'icmp_ln885_3' <Predicate = (!tmp_41)> <Delay = 1.11> <CoreInst = "Cmp">   --->   Core 9 'Cmp' <Latency = 0> <II = 1> <Delay = 1.11> <FuncUnit> <Opcode : 'icmp'> <InPorts = 2> <OutPorts = 1>
ST_6 : Operation 133 [1/1] (0.00ns) (grouped into LUT with out node select_ln1506_3)   --->   "%and_ln1506_9 = and i1 %icmp_ln885_3, i1 %and_ln1506_8"   --->   Operation 133 'and' 'and_ln1506_9' <Predicate = (!tmp_41)> <Delay = 0.00> <CoreInst = "LogicGate">   --->   Core 74 'LogicGate' <Latency = 0> <II = 1> <Delay = 0.33> <FuncUnit> <Opcode : 'and' 'or' 'xor'> <InPorts = 2> <OutPorts = 1>
ST_6 : Operation 134 [1/1] (0.52ns) (out node of the LUT)   --->   "%select_ln1506_3 = select i1 %and_ln1506_9, i32 0, i32 %p_Val2_14"   --->   Operation 134 'select' 'select_ln1506_3' <Predicate = (!tmp_41)> <Delay = 0.52> <CoreInst = "Sel">   --->   Core 73 'Sel' <Latency = 0> <II = 1> <Delay = 0.52> <FuncUnit> <Opcode : 'select'> <InPorts = 3> <OutPorts = 1>

State 7 <SV = 6> <Delay = 1.35>
ST_7 : Operation 135 [1/1] (0.00ns)   --->   "%specloopname_ln93 = specloopname void @_ssdm_op_SpecLoopName, void @empty_3" [nn.cpp:93]   --->   Operation 135 'specloopname' 'specloopname_ln93' <Predicate = (!tmp_41)> <Delay = 0.00>
ST_7 : Operation 136 [1/1] (1.35ns)   --->   "%store_ln96 = store i32 %select_ln1506_3, i6 %output_0_V_addr_3" [nn.cpp:96]   --->   Operation 136 'store' 'store_ln96' <Predicate = (!tmp_41)> <Delay = 1.35> <CoreInst = "RAM">   --->   Core 83 'RAM' <Latency = 1> <II = 1> <Delay = 1.35> <Storage> <Opcode : 'load' 'store'> <Ports = 2> <Width = 32> <Depth = 64> <RAM>
ST_7 : Operation 137 [1/1] (0.00ns)   --->   "%br_ln0 = br void"   --->   Operation 137 'br' 'br_ln0' <Predicate = (!tmp_41)> <Delay = 0.00>

State 8 <SV = 2> <Delay = 0.00>
ST_8 : Operation 138 [1/1] (0.00ns)   --->   "%ret_ln101 = ret" [nn.cpp:101]   --->   Operation 138 'ret' 'ret_ln101' <Predicate = true> <Delay = 0.00>


============================================================
+ Verbose Summary: Timing violations
============================================================
Target clock period: 10ns, clock uncertainty: 2.7ns.

 <State 1>: 0.489ns
The critical path consists of the following:
	multiplexor before 'phi' operation ('i', nn.cpp:93) with incoming values : ('add_ln93', nn.cpp:93) [4]  (0.489 ns)

 <State 2>: 1.35ns
The critical path consists of the following:
	'phi' operation ('i', nn.cpp:93) with incoming values : ('add_ln93', nn.cpp:93) [4]  (0 ns)
	'getelementptr' operation ('output_0_V_addr') [14]  (0 ns)
	'load' operation ('__Val2__') on array 'output_0_V' [15]  (1.35 ns)

 <State 3>: 7.27ns
The critical path consists of the following:
	'load' operation ('__Val2__') on array 'output_0_V' [15]  (1.35 ns)
	'sub' operation ('tmp.V') [17]  (1.2 ns)
	'select' operation ('tmp.V') [18]  (0.525 ns)
	'cttz' operation ('l') [20]  (0 ns)
	'sub' operation ('sub_ln894') [21]  (1.2 ns)
	'add' operation ('lsb_index') [22]  (1.2 ns)
	'shl' operation ('shl_ln899') [29]  (0 ns)
	'or' operation ('or_ln899_4') [30]  (0 ns)
	'and' operation ('and_ln899') [31]  (0 ns)
	'icmp' operation ('icmp_ln899') [32]  (1.45 ns)
	'select' operation ('select_ln896') [38]  (0 ns)
	'select' operation ('select_ln908') [46]  (0.331 ns)

 <State 4>: 6.61ns
The critical path consists of the following:
	'shl' operation ('shl_ln909') [45]  (0 ns)
	'select' operation ('m') [47]  (0 ns)
	'add' operation ('m') [49]  (1.47 ns)
	'select' operation ('select_ln893') [53]  (0.451 ns)
	'add' operation ('add_ln915') [56]  (1.07 ns)
	'dcmp' operation ('tmp_6') [64]  (3.61 ns)

 <State 5>: 5.49ns
The critical path consists of the following:
	'dcmp' operation ('tmp_6') [64]  (3.61 ns)
	'and' operation ('and_ln1506') [65]  (0 ns)
	'and' operation ('and_ln1506_7') [67]  (0 ns)
	'select' operation ('select_ln1506') [68]  (0.525 ns)
	'store' operation ('store_ln96', nn.cpp:96) of variable 'select_ln1506' on array 'output_0_V' [69]  (1.35 ns)

 <State 6>: 4.14ns
The critical path consists of the following:
	'dcmp' operation ('tmp_7') [122]  (3.61 ns)
	'and' operation ('and_ln1506_8') [123]  (0 ns)
	'and' operation ('and_ln1506_9') [125]  (0 ns)
	'select' operation ('select_ln1506_3') [126]  (0.525 ns)

 <State 7>: 1.35ns
The critical path consists of the following:
	'store' operation ('store_ln96', nn.cpp:96) of variable 'select_ln1506_3' on array 'output_0_V' [127]  (1.35 ns)

 <State 8>: 0ns
The critical path consists of the following:


============================================================
+ Verbose Summary: Binding
============================================================
N/A
* FSMD analyzer results:
  - Output states:
 - Input state : 
  - Chain level:
	State 1
	State 2
	State 3
	State 4
	State 5
	State 6
	State 7
	State 8


============================================================
+ Verbose Summary: Datapath Resource usage 
============================================================
N/A
