

================================================================
== Vitis HLS Report for 'hw_act_layer3'
================================================================
* Date:           Mon Nov 18 06:18:33 2024

* Version:        2020.2 (Build 3064766 on Wed Nov 18 09:12:47 MST 2020)
* Project:        nn
* Solution:       solution1 (Vivado IP Flow Target)
* Product family: zynquplus
* Target device:  xczu3eg-sbva484-1-e


================================================================
== Performance Estimates
================================================================
+ Timing: 
    * Summary: 
    +--------+----------+----------+------------+
    |  Clock |  Target  | Estimated| Uncertainty|
    +--------+----------+----------+------------+
    |ap_clk  |  10.00 ns|  6.709 ns|     2.70 ns|
    +--------+----------+----------+------------+

+ Latency: 
    * Summary: 
    +---------+---------+----------+----------+-----+-----+---------+
    |  Latency (cycles) |  Latency (absolute) |  Interval | Pipeline|
    |   min   |   max   |    min   |    max   | min | max |   Type  |
    +---------+---------+----------+----------+-----+-----+---------+
    |       21|       21|  0.210 us|  0.210 us|   21|   21|     none|
    +---------+---------+----------+----------+-----+-----+---------+

    + Detail: 
        * Instance: 
        N/A

        * Loop: 
        +----------+---------+---------+----------+-----------+-----------+------+----------+
        |          |  Latency (cycles) | Iteration|  Initiation Interval  | Trip |          |
        | Loop Name|   min   |   max   |  Latency |  achieved |   target  | Count| Pipelined|
        +----------+---------+---------+----------+-----------+-----------+------+----------+
        |- loop1   |       19|       19|         6|          2|          1|     8|       yes|
        +----------+---------+---------+----------+-----------+-----------+------+----------+

============================================================
+ Verbose Summary: Synthesis Manager
============================================================
InlineROM: 1
ExposeGlobal: 0
============================================================
+ Verbose Summary: CDFG Model
============================================================
IsTopModel: 0
ResetActiveHigh: 1
IsCombinational: 0
IsDatapathOnly: 0
HasWiredReturn: 1
HasMFsm: 0
HasVarLatency: 1
IsPipeline: 0
IsRtlPipelined: 0
IsInstanceOverlapped: 0
IsDontTouch: 0
HasImplIP: 0
IsGatedGlobalClock: 0

+ Individual pipeline summary: 
  * Pipeline-0: initiation interval (II) = 2, depth = 6


============================================================
+ Verbose Summary: Schedule
============================================================
* Number of FSM states : 8
* Pipeline : 1
  Pipeline-0 : II = 2, D = 6, States = { 2 3 4 5 6 7 }
* Dataflow Pipeline: 0

* FSM state transitions: 
1 --> 2 
2 --> 8 3 
3 --> 4 
4 --> 5 
5 --> 6 
6 --> 7 
7 --> 2 
8 --> 

* FSM state operations: 

State 1 <SV = 0> <Delay = 0.48>
ST_1 : Operation 9 [1/1] (0.48ns)   --->   "%br_ln121 = br void" [nn.cpp:121]   --->   Operation 9 'br' 'br_ln121' <Predicate = true> <Delay = 0.48>

State 2 <SV = 1> <Delay = 0.79>
ST_2 : Operation 10 [1/1] (0.00ns)   --->   "%i = phi i5 %add_ln121, void %.split_ifconv, i5 0, void" [nn.cpp:121]   --->   Operation 10 'phi' 'i' <Predicate = true> <Delay = 0.00>
ST_2 : Operation 11 [1/1] (0.00ns)   --->   "%specpipeline_ln0 = specpipeline void @_ssdm_op_SpecPipeline, i32 4294967295, i32 0, i32 1, i32 0, void @p_str"   --->   Operation 11 'specpipeline' 'specpipeline_ln0' <Predicate = true> <Delay = 0.00>
ST_2 : Operation 12 [1/1] (0.00ns)   --->   "%tmp_23 = bitselect i1 @_ssdm_op_BitSelect.i1.i5.i32, i5 %i, i32 4" [nn.cpp:121]   --->   Operation 12 'bitselect' 'tmp_23' <Predicate = true> <Delay = 0.00>
ST_2 : Operation 13 [1/1] (0.00ns)   --->   "%empty = speclooptripcount i32 @_ssdm_op_SpecLoopTripCount, i64 8, i64 8, i64 8"   --->   Operation 13 'speclooptripcount' 'empty' <Predicate = true> <Delay = 0.00>
ST_2 : Operation 14 [1/1] (0.00ns)   --->   "%br_ln121 = br i1 %tmp_23, void %.split_ifconv, void" [nn.cpp:121]   --->   Operation 14 'br' 'br_ln121' <Predicate = true> <Delay = 0.00>
ST_2 : Operation 15 [1/1] (0.00ns)   --->   "%i_cast29 = zext i5 %i" [nn.cpp:121]   --->   Operation 15 'zext' 'i_cast29' <Predicate = (!tmp_23)> <Delay = 0.00>
ST_2 : Operation 16 [1/1] (0.00ns)   --->   "%empty_54 = trunc i5 %i" [nn.cpp:121]   --->   Operation 16 'trunc' 'empty_54' <Predicate = (!tmp_23)> <Delay = 0.00>
ST_2 : Operation 17 [1/1] (0.00ns)   --->   "%output_0_V_addr = getelementptr i32 %output_0_V, i64 0, i64 %i_cast29"   --->   Operation 17 'getelementptr' 'output_0_V_addr' <Predicate = (!tmp_23)> <Delay = 0.00>
ST_2 : Operation 18 [2/2] (0.79ns)   --->   "%p_Val2_s = load i4 %output_0_V_addr"   --->   Operation 18 'load' 'p_Val2_s' <Predicate = (!tmp_23)> <Delay = 0.79> <CoreInst = "RAM">   --->   Core 83 'RAM' <Latency = 1> <II = 1> <Delay = 0.79> <Storage> <Opcode : 'load' 'store'> <Ports = 2> <Width = 32> <Depth = 16> <RAM>
ST_2 : Operation 19 [1/1] (0.00ns)   --->   "%or_ln121 = or i4 %empty_54, i4 1" [nn.cpp:121]   --->   Operation 19 'or' 'or_ln121' <Predicate = (!tmp_23)> <Delay = 0.00>
ST_2 : Operation 20 [1/1] (0.00ns)   --->   "%zext_ln885 = zext i4 %or_ln121"   --->   Operation 20 'zext' 'zext_ln885' <Predicate = (!tmp_23)> <Delay = 0.00>
ST_2 : Operation 21 [1/1] (0.00ns)   --->   "%output_0_V_addr_1 = getelementptr i32 %output_0_V, i64 0, i64 %zext_ln885"   --->   Operation 21 'getelementptr' 'output_0_V_addr_1' <Predicate = (!tmp_23)> <Delay = 0.00>
ST_2 : Operation 22 [2/2] (0.79ns)   --->   "%p_Val2_4 = load i4 %output_0_V_addr_1"   --->   Operation 22 'load' 'p_Val2_4' <Predicate = (!tmp_23)> <Delay = 0.79> <CoreInst = "RAM">   --->   Core 83 'RAM' <Latency = 1> <II = 1> <Delay = 0.79> <Storage> <Opcode : 'load' 'store'> <Ports = 2> <Width = 32> <Depth = 16> <RAM>

State 3 <SV = 2> <Delay = 6.70>
ST_3 : Operation 23 [1/1] (0.87ns)   --->   "%add_ln121 = add i5 %i, i5 2" [nn.cpp:121]   --->   Operation 23 'add' 'add_ln121' <Predicate = (!tmp_23)> <Delay = 0.87> <CoreInst = "Adder">   --->   Core 1 'Adder' <Latency = 0> <II = 1> <Delay = 1.47> <FuncUnit> <Opcode : 'add' 'sub'> <InPorts = 2> <OutPorts = 1>
ST_3 : Operation 24 [1/2] (0.79ns)   --->   "%p_Val2_s = load i4 %output_0_V_addr"   --->   Operation 24 'load' 'p_Val2_s' <Predicate = (!tmp_23)> <Delay = 0.79> <CoreInst = "RAM">   --->   Core 83 'RAM' <Latency = 1> <II = 1> <Delay = 0.79> <Storage> <Opcode : 'load' 'store'> <Ports = 2> <Width = 32> <Depth = 16> <RAM>
ST_3 : Operation 25 [1/1] (0.00ns)   --->   "%p_Result_9 = bitselect i1 @_ssdm_op_BitSelect.i1.i32.i32, i32 %p_Val2_s, i32 31"   --->   Operation 25 'bitselect' 'p_Result_9' <Predicate = (!tmp_23)> <Delay = 0.00>
ST_3 : Operation 26 [1/1] (1.20ns)   --->   "%tmp_V = sub i32 0, i32 %p_Val2_s"   --->   Operation 26 'sub' 'tmp_V' <Predicate = (!tmp_23)> <Delay = 1.20> <CoreInst = "Adder">   --->   Core 1 'Adder' <Latency = 0> <II = 1> <Delay = 1.47> <FuncUnit> <Opcode : 'add' 'sub'> <InPorts = 2> <OutPorts = 1>
ST_3 : Operation 27 [1/1] (0.52ns)   --->   "%tmp_V_4 = select i1 %p_Result_9, i32 %tmp_V, i32 %p_Val2_s"   --->   Operation 27 'select' 'tmp_V_4' <Predicate = (!tmp_23)> <Delay = 0.52> <CoreInst = "Sel">   --->   Core 73 'Sel' <Latency = 0> <II = 1> <Delay = 0.52> <FuncUnit> <Opcode : 'select'> <InPorts = 3> <OutPorts = 1>
ST_3 : Operation 28 [1/1] (0.00ns)   --->   "%p_Result_10 = partselect i32 @_ssdm_op_PartSelect.i32.i32.i32.i32, i32 %tmp_V_4, i32 31, i32 0"   --->   Operation 28 'partselect' 'p_Result_10' <Predicate = (!tmp_23)> <Delay = 0.00>
ST_3 : Operation 29 [1/1] (0.00ns)   --->   "%l = cttz i32 @llvm.cttz.i32, i32 %p_Result_10, i1 1"   --->   Operation 29 'cttz' 'l' <Predicate = (!tmp_23)> <Delay = 0.00>
ST_3 : Operation 30 [1/1] (1.20ns)   --->   "%sub_ln894 = sub i32 32, i32 %l"   --->   Operation 30 'sub' 'sub_ln894' <Predicate = (!tmp_23)> <Delay = 1.20> <CoreInst = "Adder">   --->   Core 1 'Adder' <Latency = 0> <II = 1> <Delay = 1.47> <FuncUnit> <Opcode : 'add' 'sub'> <InPorts = 2> <OutPorts = 1>
ST_3 : Operation 31 [1/1] (1.20ns)   --->   "%lsb_index = add i32 %sub_ln894, i32 4294967243"   --->   Operation 31 'add' 'lsb_index' <Predicate = (!tmp_23)> <Delay = 1.20> <CoreInst = "Adder">   --->   Core 1 'Adder' <Latency = 0> <II = 1> <Delay = 1.47> <FuncUnit> <Opcode : 'add' 'sub'> <InPorts = 2> <OutPorts = 1>
ST_3 : Operation 32 [1/1] (0.00ns)   --->   "%tmp_25 = partselect i31 @_ssdm_op_PartSelect.i31.i32.i32.i32, i32 %lsb_index, i32 1, i32 31"   --->   Operation 32 'partselect' 'tmp_25' <Predicate = (!tmp_23)> <Delay = 0.00>
ST_3 : Operation 33 [1/1] (1.09ns)   --->   "%icmp_ln896 = icmp_sgt  i31 %tmp_25, i31 0"   --->   Operation 33 'icmp' 'icmp_ln896' <Predicate = (!tmp_23)> <Delay = 1.09> <CoreInst = "Cmp">   --->   Core 9 'Cmp' <Latency = 0> <II = 1> <Delay = 1.11> <FuncUnit> <Opcode : 'icmp'> <InPorts = 2> <OutPorts = 1>
ST_3 : Operation 34 [1/1] (0.00ns)   --->   "%trunc_ln897 = trunc i32 %sub_ln894"   --->   Operation 34 'trunc' 'trunc_ln897' <Predicate = (!tmp_23)> <Delay = 0.00>
ST_3 : Operation 35 [1/1] (0.88ns)   --->   "%sub_ln897 = sub i6 22, i6 %trunc_ln897"   --->   Operation 35 'sub' 'sub_ln897' <Predicate = (!tmp_23)> <Delay = 0.88> <CoreInst = "Adder">   --->   Core 1 'Adder' <Latency = 0> <II = 1> <Delay = 1.47> <FuncUnit> <Opcode : 'add' 'sub'> <InPorts = 2> <OutPorts = 1>
ST_3 : Operation 36 [1/1] (0.00ns) (grouped into LUT with out node icmp_ln899)   --->   "%zext_ln897 = zext i6 %sub_ln897"   --->   Operation 36 'zext' 'zext_ln897' <Predicate = (!tmp_23)> <Delay = 0.00>
ST_3 : Operation 37 [1/1] (0.00ns) (grouped into LUT with out node icmp_ln899)   --->   "%lshr_ln897 = lshr i32 4294967295, i32 %zext_ln897"   --->   Operation 37 'lshr' 'lshr_ln897' <Predicate = (!tmp_23)> <Delay = 0.00> <CoreInst = "Shifter">   --->   Core 75 'Shifter' <Latency = 0> <II = 1> <Delay = 1.45> <FuncUnit> <Opcode : 'shl' 'lshr' 'ashr'> <InPorts = 2> <OutPorts = 1>
ST_3 : Operation 38 [1/1] (0.00ns) (grouped into LUT with out node icmp_ln899)   --->   "%shl_ln899 = shl i32 1, i32 %lsb_index"   --->   Operation 38 'shl' 'shl_ln899' <Predicate = (!tmp_23)> <Delay = 0.00> <CoreInst = "Shifter">   --->   Core 75 'Shifter' <Latency = 0> <II = 1> <Delay = 1.45> <FuncUnit> <Opcode : 'shl' 'lshr' 'ashr'> <InPorts = 2> <OutPorts = 1>
ST_3 : Operation 39 [1/1] (0.00ns) (grouped into LUT with out node icmp_ln899)   --->   "%or_ln899_2 = or i32 %lshr_ln897, i32 %shl_ln899"   --->   Operation 39 'or' 'or_ln899_2' <Predicate = (!tmp_23)> <Delay = 0.00> <CoreInst = "LogicGate">   --->   Core 74 'LogicGate' <Latency = 0> <II = 1> <Delay = 0.33> <FuncUnit> <Opcode : 'and' 'or' 'xor'> <InPorts = 2> <OutPorts = 1>
ST_3 : Operation 40 [1/1] (0.00ns) (grouped into LUT with out node icmp_ln899)   --->   "%and_ln899 = and i32 %tmp_V_4, i32 %or_ln899_2"   --->   Operation 40 'and' 'and_ln899' <Predicate = (!tmp_23)> <Delay = 0.00> <CoreInst = "LogicGate">   --->   Core 74 'LogicGate' <Latency = 0> <II = 1> <Delay = 0.33> <FuncUnit> <Opcode : 'and' 'or' 'xor'> <InPorts = 2> <OutPorts = 1>
ST_3 : Operation 41 [1/1] (1.45ns) (out node of the LUT)   --->   "%icmp_ln899 = icmp_ne  i32 %and_ln899, i32 0"   --->   Operation 41 'icmp' 'icmp_ln899' <Predicate = (!tmp_23)> <Delay = 1.45> <CoreInst = "Cmp">   --->   Core 9 'Cmp' <Latency = 0> <II = 1> <Delay = 1.11> <FuncUnit> <Opcode : 'icmp'> <InPorts = 2> <OutPorts = 1>
ST_3 : Operation 42 [1/1] (0.00ns) (grouped into LUT with out node select_ln908)   --->   "%tmp_26 = bitselect i1 @_ssdm_op_BitSelect.i1.i32.i32, i32 %lsb_index, i32 31"   --->   Operation 42 'bitselect' 'tmp_26' <Predicate = (!tmp_23)> <Delay = 0.00>
ST_3 : Operation 43 [1/1] (0.00ns) (grouped into LUT with out node select_ln908)   --->   "%xor_ln899 = xor i1 %tmp_26, i1 1"   --->   Operation 43 'xor' 'xor_ln899' <Predicate = (!tmp_23)> <Delay = 0.00> <CoreInst = "LogicGate">   --->   Core 74 'LogicGate' <Latency = 0> <II = 1> <Delay = 0.33> <FuncUnit> <Opcode : 'and' 'or' 'xor'> <InPorts = 2> <OutPorts = 1>
ST_3 : Operation 44 [1/1] (0.00ns)   --->   "%p_Result_11 = bitselect i1 @_ssdm_op_BitSelect.i1.i32.i32, i32 %tmp_V_4, i32 %lsb_index"   --->   Operation 44 'bitselect' 'p_Result_11' <Predicate = (!tmp_23)> <Delay = 0.00>
ST_3 : Operation 45 [1/1] (1.11ns)   --->   "%icmp_ln908 = icmp_sgt  i32 %lsb_index, i32 0"   --->   Operation 45 'icmp' 'icmp_ln908' <Predicate = (!tmp_23)> <Delay = 1.11> <CoreInst = "Cmp">   --->   Core 9 'Cmp' <Latency = 0> <II = 1> <Delay = 1.11> <FuncUnit> <Opcode : 'icmp'> <InPorts = 2> <OutPorts = 1>
ST_3 : Operation 46 [1/1] (0.00ns) (grouped into LUT with out node select_ln908)   --->   "%select_ln896 = select i1 %icmp_ln896, i1 %icmp_ln899, i1 %p_Result_11"   --->   Operation 46 'select' 'select_ln896' <Predicate = (!tmp_23)> <Delay = 0.00> <CoreInst = "Sel">   --->   Core 73 'Sel' <Latency = 0> <II = 1> <Delay = 0.52> <FuncUnit> <Opcode : 'select'> <InPorts = 3> <OutPorts = 1>
ST_3 : Operation 47 [1/1] (1.20ns)   --->   "%add_ln908 = add i32 %sub_ln894, i32 4294967242"   --->   Operation 47 'add' 'add_ln908' <Predicate = (!tmp_23)> <Delay = 1.20> <CoreInst = "Adder">   --->   Core 1 'Adder' <Latency = 0> <II = 1> <Delay = 1.47> <FuncUnit> <Opcode : 'add' 'sub'> <InPorts = 2> <OutPorts = 1>
ST_3 : Operation 48 [1/1] (0.00ns) (grouped into LUT with out node select_ln908)   --->   "%and_ln899_1 = and i1 %p_Result_11, i1 %xor_ln899"   --->   Operation 48 'and' 'and_ln899_1' <Predicate = (!tmp_23)> <Delay = 0.00> <CoreInst = "LogicGate">   --->   Core 74 'LogicGate' <Latency = 0> <II = 1> <Delay = 0.33> <FuncUnit> <Opcode : 'and' 'or' 'xor'> <InPorts = 2> <OutPorts = 1>
ST_3 : Operation 49 [1/1] (1.20ns)   --->   "%sub_ln909 = sub i32 54, i32 %sub_ln894"   --->   Operation 49 'sub' 'sub_ln909' <Predicate = (!tmp_23)> <Delay = 1.20> <CoreInst = "Adder">   --->   Core 1 'Adder' <Latency = 0> <II = 1> <Delay = 1.47> <FuncUnit> <Opcode : 'add' 'sub'> <InPorts = 2> <OutPorts = 1>
ST_3 : Operation 50 [1/1] (0.33ns) (out node of the LUT)   --->   "%select_ln908 = select i1 %icmp_ln908, i1 %select_ln896, i1 %and_ln899_1"   --->   Operation 50 'select' 'select_ln908' <Predicate = (!tmp_23)> <Delay = 0.33> <CoreInst = "Sel">   --->   Core 73 'Sel' <Latency = 0> <II = 1> <Delay = 0.52> <FuncUnit> <Opcode : 'select'> <InPorts = 3> <OutPorts = 1>
ST_3 : Operation 51 [1/1] (0.00ns)   --->   "%trunc_ln893 = trunc i32 %l"   --->   Operation 51 'trunc' 'trunc_ln893' <Predicate = (!tmp_23)> <Delay = 0.00>
ST_3 : Operation 52 [1/2] (0.79ns)   --->   "%p_Val2_4 = load i4 %output_0_V_addr_1"   --->   Operation 52 'load' 'p_Val2_4' <Predicate = (!tmp_23)> <Delay = 0.79> <CoreInst = "RAM">   --->   Core 83 'RAM' <Latency = 1> <II = 1> <Delay = 0.79> <Storage> <Opcode : 'load' 'store'> <Ports = 2> <Width = 32> <Depth = 16> <RAM>
ST_3 : Operation 53 [1/1] (0.00ns)   --->   "%p_Result_13 = bitselect i1 @_ssdm_op_BitSelect.i1.i32.i32, i32 %p_Val2_4, i32 31"   --->   Operation 53 'bitselect' 'p_Result_13' <Predicate = (!tmp_23)> <Delay = 0.00>
ST_3 : Operation 54 [1/1] (1.20ns)   --->   "%tmp_V_2 = sub i32 0, i32 %p_Val2_4"   --->   Operation 54 'sub' 'tmp_V_2' <Predicate = (!tmp_23)> <Delay = 1.20> <CoreInst = "Adder">   --->   Core 1 'Adder' <Latency = 0> <II = 1> <Delay = 1.47> <FuncUnit> <Opcode : 'add' 'sub'> <InPorts = 2> <OutPorts = 1>
ST_3 : Operation 55 [1/1] (0.52ns)   --->   "%tmp_V_5 = select i1 %p_Result_13, i32 %tmp_V_2, i32 %p_Val2_4"   --->   Operation 55 'select' 'tmp_V_5' <Predicate = (!tmp_23)> <Delay = 0.52> <CoreInst = "Sel">   --->   Core 73 'Sel' <Latency = 0> <II = 1> <Delay = 0.52> <FuncUnit> <Opcode : 'select'> <InPorts = 3> <OutPorts = 1>
ST_3 : Operation 56 [1/1] (0.00ns)   --->   "%p_Result_14 = partselect i32 @_ssdm_op_PartSelect.i32.i32.i32.i32, i32 %tmp_V_5, i32 31, i32 0"   --->   Operation 56 'partselect' 'p_Result_14' <Predicate = (!tmp_23)> <Delay = 0.00>
ST_3 : Operation 57 [1/1] (0.00ns)   --->   "%l_1 = cttz i32 @llvm.cttz.i32, i32 %p_Result_14, i1 1"   --->   Operation 57 'cttz' 'l_1' <Predicate = (!tmp_23)> <Delay = 0.00>
ST_3 : Operation 58 [1/1] (1.20ns)   --->   "%sub_ln894_1 = sub i32 32, i32 %l_1"   --->   Operation 58 'sub' 'sub_ln894_1' <Predicate = (!tmp_23)> <Delay = 1.20> <CoreInst = "Adder">   --->   Core 1 'Adder' <Latency = 0> <II = 1> <Delay = 1.47> <FuncUnit> <Opcode : 'add' 'sub'> <InPorts = 2> <OutPorts = 1>
ST_3 : Operation 59 [1/1] (1.20ns)   --->   "%lsb_index_1 = add i32 %sub_ln894_1, i32 4294967243"   --->   Operation 59 'add' 'lsb_index_1' <Predicate = (!tmp_23)> <Delay = 1.20> <CoreInst = "Adder">   --->   Core 1 'Adder' <Latency = 0> <II = 1> <Delay = 1.47> <FuncUnit> <Opcode : 'add' 'sub'> <InPorts = 2> <OutPorts = 1>
ST_3 : Operation 60 [1/1] (0.00ns)   --->   "%tmp_29 = partselect i31 @_ssdm_op_PartSelect.i31.i32.i32.i32, i32 %lsb_index_1, i32 1, i32 31"   --->   Operation 60 'partselect' 'tmp_29' <Predicate = (!tmp_23)> <Delay = 0.00>
ST_3 : Operation 61 [1/1] (1.09ns)   --->   "%icmp_ln896_1 = icmp_sgt  i31 %tmp_29, i31 0"   --->   Operation 61 'icmp' 'icmp_ln896_1' <Predicate = (!tmp_23)> <Delay = 1.09> <CoreInst = "Cmp">   --->   Core 9 'Cmp' <Latency = 0> <II = 1> <Delay = 1.11> <FuncUnit> <Opcode : 'icmp'> <InPorts = 2> <OutPorts = 1>
ST_3 : Operation 62 [1/1] (0.00ns)   --->   "%trunc_ln897_1 = trunc i32 %sub_ln894_1"   --->   Operation 62 'trunc' 'trunc_ln897_1' <Predicate = (!tmp_23)> <Delay = 0.00>
ST_3 : Operation 63 [1/1] (0.88ns)   --->   "%sub_ln897_1 = sub i6 22, i6 %trunc_ln897_1"   --->   Operation 63 'sub' 'sub_ln897_1' <Predicate = (!tmp_23)> <Delay = 0.88> <CoreInst = "Adder">   --->   Core 1 'Adder' <Latency = 0> <II = 1> <Delay = 1.47> <FuncUnit> <Opcode : 'add' 'sub'> <InPorts = 2> <OutPorts = 1>
ST_3 : Operation 64 [1/1] (0.00ns) (grouped into LUT with out node icmp_ln899_1)   --->   "%zext_ln897_1 = zext i6 %sub_ln897_1"   --->   Operation 64 'zext' 'zext_ln897_1' <Predicate = (!tmp_23)> <Delay = 0.00>
ST_3 : Operation 65 [1/1] (0.00ns) (grouped into LUT with out node icmp_ln899_1)   --->   "%lshr_ln897_1 = lshr i32 4294967295, i32 %zext_ln897_1"   --->   Operation 65 'lshr' 'lshr_ln897_1' <Predicate = (!tmp_23)> <Delay = 0.00> <CoreInst = "Shifter">   --->   Core 75 'Shifter' <Latency = 0> <II = 1> <Delay = 1.45> <FuncUnit> <Opcode : 'shl' 'lshr' 'ashr'> <InPorts = 2> <OutPorts = 1>
ST_3 : Operation 66 [1/1] (0.00ns) (grouped into LUT with out node icmp_ln899_1)   --->   "%shl_ln899_1 = shl i32 1, i32 %lsb_index_1"   --->   Operation 66 'shl' 'shl_ln899_1' <Predicate = (!tmp_23)> <Delay = 0.00> <CoreInst = "Shifter">   --->   Core 75 'Shifter' <Latency = 0> <II = 1> <Delay = 1.45> <FuncUnit> <Opcode : 'shl' 'lshr' 'ashr'> <InPorts = 2> <OutPorts = 1>
ST_3 : Operation 67 [1/1] (0.00ns) (grouped into LUT with out node icmp_ln899_1)   --->   "%or_ln899 = or i32 %lshr_ln897_1, i32 %shl_ln899_1"   --->   Operation 67 'or' 'or_ln899' <Predicate = (!tmp_23)> <Delay = 0.00> <CoreInst = "LogicGate">   --->   Core 74 'LogicGate' <Latency = 0> <II = 1> <Delay = 0.33> <FuncUnit> <Opcode : 'and' 'or' 'xor'> <InPorts = 2> <OutPorts = 1>
ST_3 : Operation 68 [1/1] (0.00ns) (grouped into LUT with out node icmp_ln899_1)   --->   "%and_ln899_2 = and i32 %tmp_V_5, i32 %or_ln899"   --->   Operation 68 'and' 'and_ln899_2' <Predicate = (!tmp_23)> <Delay = 0.00> <CoreInst = "LogicGate">   --->   Core 74 'LogicGate' <Latency = 0> <II = 1> <Delay = 0.33> <FuncUnit> <Opcode : 'and' 'or' 'xor'> <InPorts = 2> <OutPorts = 1>
ST_3 : Operation 69 [1/1] (1.45ns) (out node of the LUT)   --->   "%icmp_ln899_1 = icmp_ne  i32 %and_ln899_2, i32 0"   --->   Operation 69 'icmp' 'icmp_ln899_1' <Predicate = (!tmp_23)> <Delay = 1.45> <CoreInst = "Cmp">   --->   Core 9 'Cmp' <Latency = 0> <II = 1> <Delay = 1.11> <FuncUnit> <Opcode : 'icmp'> <InPorts = 2> <OutPorts = 1>
ST_3 : Operation 70 [1/1] (0.00ns) (grouped into LUT with out node select_ln908_2)   --->   "%tmp_30 = bitselect i1 @_ssdm_op_BitSelect.i1.i32.i32, i32 %lsb_index_1, i32 31"   --->   Operation 70 'bitselect' 'tmp_30' <Predicate = (!tmp_23)> <Delay = 0.00>
ST_3 : Operation 71 [1/1] (0.00ns) (grouped into LUT with out node select_ln908_2)   --->   "%xor_ln899_1 = xor i1 %tmp_30, i1 1"   --->   Operation 71 'xor' 'xor_ln899_1' <Predicate = (!tmp_23)> <Delay = 0.00> <CoreInst = "LogicGate">   --->   Core 74 'LogicGate' <Latency = 0> <II = 1> <Delay = 0.33> <FuncUnit> <Opcode : 'and' 'or' 'xor'> <InPorts = 2> <OutPorts = 1>
ST_3 : Operation 72 [1/1] (0.00ns)   --->   "%p_Result_15 = bitselect i1 @_ssdm_op_BitSelect.i1.i32.i32, i32 %tmp_V_5, i32 %lsb_index_1"   --->   Operation 72 'bitselect' 'p_Result_15' <Predicate = (!tmp_23)> <Delay = 0.00>
ST_3 : Operation 73 [1/1] (1.11ns)   --->   "%icmp_ln908_1 = icmp_sgt  i32 %lsb_index_1, i32 0"   --->   Operation 73 'icmp' 'icmp_ln908_1' <Predicate = (!tmp_23)> <Delay = 1.11> <CoreInst = "Cmp">   --->   Core 9 'Cmp' <Latency = 0> <II = 1> <Delay = 1.11> <FuncUnit> <Opcode : 'icmp'> <InPorts = 2> <OutPorts = 1>
ST_3 : Operation 74 [1/1] (0.00ns) (grouped into LUT with out node select_ln908_2)   --->   "%select_ln896_1 = select i1 %icmp_ln896_1, i1 %icmp_ln899_1, i1 %p_Result_15"   --->   Operation 74 'select' 'select_ln896_1' <Predicate = (!tmp_23)> <Delay = 0.00> <CoreInst = "Sel">   --->   Core 73 'Sel' <Latency = 0> <II = 1> <Delay = 0.52> <FuncUnit> <Opcode : 'select'> <InPorts = 3> <OutPorts = 1>
ST_3 : Operation 75 [1/1] (0.00ns) (grouped into LUT with out node select_ln908_2)   --->   "%and_ln899_3 = and i1 %p_Result_15, i1 %xor_ln899_1"   --->   Operation 75 'and' 'and_ln899_3' <Predicate = (!tmp_23)> <Delay = 0.00> <CoreInst = "LogicGate">   --->   Core 74 'LogicGate' <Latency = 0> <II = 1> <Delay = 0.33> <FuncUnit> <Opcode : 'and' 'or' 'xor'> <InPorts = 2> <OutPorts = 1>
ST_3 : Operation 76 [1/1] (0.33ns) (out node of the LUT)   --->   "%select_ln908_2 = select i1 %icmp_ln908_1, i1 %select_ln896_1, i1 %and_ln899_3"   --->   Operation 76 'select' 'select_ln908_2' <Predicate = (!tmp_23)> <Delay = 0.33> <CoreInst = "Sel">   --->   Core 73 'Sel' <Latency = 0> <II = 1> <Delay = 0.52> <FuncUnit> <Opcode : 'select'> <InPorts = 3> <OutPorts = 1>
ST_3 : Operation 77 [1/1] (0.00ns)   --->   "%trunc_ln893_1 = trunc i32 %l_1"   --->   Operation 77 'trunc' 'trunc_ln893_1' <Predicate = (!tmp_23)> <Delay = 0.00>

State 4 <SV = 3> <Delay = 6.60>
ST_4 : Operation 78 [1/1] (0.00ns)   --->   "%zext_ln907 = zext i32 %tmp_V_4"   --->   Operation 78 'zext' 'zext_ln907' <Predicate = (!tmp_23)> <Delay = 0.00>
ST_4 : Operation 79 [1/1] (0.00ns) (grouped into LUT with out node m_3)   --->   "%zext_ln908 = zext i32 %add_ln908"   --->   Operation 79 'zext' 'zext_ln908' <Predicate = (!tmp_23 & icmp_ln908)> <Delay = 0.00>
ST_4 : Operation 80 [1/1] (0.00ns) (grouped into LUT with out node m_3)   --->   "%lshr_ln908 = lshr i64 %zext_ln907, i64 %zext_ln908"   --->   Operation 80 'lshr' 'lshr_ln908' <Predicate = (!tmp_23 & icmp_ln908)> <Delay = 0.00> <CoreInst = "Shifter">   --->   Core 75 'Shifter' <Latency = 0> <II = 1> <Delay = 1.45> <FuncUnit> <Opcode : 'shl' 'lshr' 'ashr'> <InPorts = 2> <OutPorts = 1>
ST_4 : Operation 81 [1/1] (0.00ns) (grouped into LUT with out node m_3)   --->   "%zext_ln909 = zext i32 %sub_ln909"   --->   Operation 81 'zext' 'zext_ln909' <Predicate = (!tmp_23 & !icmp_ln908)> <Delay = 0.00>
ST_4 : Operation 82 [1/1] (0.00ns) (grouped into LUT with out node m_3)   --->   "%shl_ln909 = shl i64 %zext_ln907, i64 %zext_ln909"   --->   Operation 82 'shl' 'shl_ln909' <Predicate = (!tmp_23 & !icmp_ln908)> <Delay = 0.00> <CoreInst = "Shifter">   --->   Core 75 'Shifter' <Latency = 0> <II = 1> <Delay = 1.45> <FuncUnit> <Opcode : 'shl' 'lshr' 'ashr'> <InPorts = 2> <OutPorts = 1>
ST_4 : Operation 83 [1/1] (0.00ns) (grouped into LUT with out node m_3)   --->   "%m_2 = select i1 %icmp_ln908, i64 %lshr_ln908, i64 %shl_ln909"   --->   Operation 83 'select' 'm_2' <Predicate = (!tmp_23)> <Delay = 0.00> <CoreInst = "Sel">   --->   Core 73 'Sel' <Latency = 0> <II = 1> <Delay = 0.52> <FuncUnit> <Opcode : 'select'> <InPorts = 3> <OutPorts = 1>
ST_4 : Operation 84 [1/1] (0.00ns) (grouped into LUT with out node m_3)   --->   "%zext_ln911 = zext i1 %select_ln908"   --->   Operation 84 'zext' 'zext_ln911' <Predicate = (!tmp_23)> <Delay = 0.00>
ST_4 : Operation 85 [1/1] (1.47ns) (out node of the LUT)   --->   "%m_3 = add i64 %m_2, i64 %zext_ln911"   --->   Operation 85 'add' 'm_3' <Predicate = (!tmp_23)> <Delay = 1.47> <CoreInst = "Adder">   --->   Core 1 'Adder' <Latency = 0> <II = 1> <Delay = 1.47> <FuncUnit> <Opcode : 'add' 'sub'> <InPorts = 2> <OutPorts = 1>
ST_4 : Operation 86 [1/1] (0.00ns)   --->   "%m_8 = partselect i63 @_ssdm_op_PartSelect.i63.i64.i32.i32, i64 %m_3, i32 1, i32 63"   --->   Operation 86 'partselect' 'm_8' <Predicate = (!tmp_23)> <Delay = 0.00>
ST_4 : Operation 87 [1/1] (0.00ns)   --->   "%zext_ln912 = zext i63 %m_8"   --->   Operation 87 'zext' 'zext_ln912' <Predicate = (!tmp_23)> <Delay = 0.00>
ST_4 : Operation 88 [1/1] (0.00ns)   --->   "%p_Result_s = bitselect i1 @_ssdm_op_BitSelect.i1.i64.i32, i64 %m_3, i32 54"   --->   Operation 88 'bitselect' 'p_Result_s' <Predicate = (!tmp_23)> <Delay = 0.00>
ST_4 : Operation 89 [1/1] (0.45ns)   --->   "%select_ln893 = select i1 %p_Result_s, i11 1023, i11 1022"   --->   Operation 89 'select' 'select_ln893' <Predicate = (!tmp_23)> <Delay = 0.45> <CoreInst = "Sel">   --->   Core 73 'Sel' <Latency = 0> <II = 1> <Delay = 0.52> <FuncUnit> <Opcode : 'select'> <InPorts = 3> <OutPorts = 1>
ST_4 : Operation 90 [1/1] (0.00ns) (grouped into TernaryAdder)   --->   "%sub_ln915 = sub i11 24, i11 %trunc_ln893"   --->   Operation 90 'sub' 'sub_ln915' <Predicate = (!tmp_23)> <Delay = 0.00> <CoreInst = "TAddSub">   --->   Core 10 'TAddSub' <Latency = 0> <II = 1> <Delay = 0.53> <IPBlock> <Opcode : 'add' 'sub'> <InPorts = 3> <OutPorts = 1> <Sync>
ST_4 : Operation 91 [1/1] (1.07ns) (root node of TernaryAdder)   --->   "%add_ln915 = add i11 %sub_ln915, i11 %select_ln893"   --->   Operation 91 'add' 'add_ln915' <Predicate = (!tmp_23)> <Delay = 1.07> <CoreInst = "TAddSub">   --->   Core 10 'TAddSub' <Latency = 0> <II = 1> <Delay = 0.53> <IPBlock> <Opcode : 'add' 'sub'> <InPorts = 3> <OutPorts = 1> <Sync>
ST_4 : Operation 92 [1/1] (0.00ns)   --->   "%tmp = bitconcatenate i12 @_ssdm_op_BitConcatenate.i12.i1.i11, i1 %p_Result_9, i11 %add_ln915"   --->   Operation 92 'bitconcatenate' 'tmp' <Predicate = (!tmp_23)> <Delay = 0.00>
ST_4 : Operation 93 [1/1] (0.00ns)   --->   "%p_Result_12 = partset i64 @_ssdm_op_PartSet.i64.i64.i12.i32.i32, i64 %zext_ln912, i12 %tmp, i32 52, i32 63"   --->   Operation 93 'partset' 'p_Result_12' <Predicate = (!tmp_23)> <Delay = 0.00>
ST_4 : Operation 94 [1/1] (0.00ns)   --->   "%bitcast_ln734 = bitcast i64 %p_Result_12"   --->   Operation 94 'bitcast' 'bitcast_ln734' <Predicate = (!tmp_23)> <Delay = 0.00>
ST_4 : Operation 95 [1/1] (0.00ns)   --->   "%trunc_ln5 = partselect i52 @_ssdm_op_PartSelect.i52.i64.i32.i32, i64 %m_3, i32 1, i32 52"   --->   Operation 95 'partselect' 'trunc_ln5' <Predicate = (!tmp_23)> <Delay = 0.00>
ST_4 : Operation 96 [1/1] (0.85ns)   --->   "%icmp_ln1506 = icmp_ne  i11 %add_ln915, i11 2047"   --->   Operation 96 'icmp' 'icmp_ln1506' <Predicate = (!tmp_23)> <Delay = 0.85> <CoreInst = "Cmp">   --->   Core 9 'Cmp' <Latency = 0> <II = 1> <Delay = 1.11> <FuncUnit> <Opcode : 'icmp'> <InPorts = 2> <OutPorts = 1>
ST_4 : Operation 97 [1/1] (1.34ns)   --->   "%icmp_ln1506_1 = icmp_eq  i52 %trunc_ln5, i52 0"   --->   Operation 97 'icmp' 'icmp_ln1506_1' <Predicate = (!tmp_23)> <Delay = 1.34> <CoreInst = "Cmp">   --->   Core 9 'Cmp' <Latency = 0> <II = 1> <Delay = 1.11> <FuncUnit> <Opcode : 'icmp'> <InPorts = 2> <OutPorts = 1>
ST_4 : Operation 98 [2/2] (3.61ns)   --->   "%tmp_2 = fcmp_olt  i64 %bitcast_ln734, i64 0"   --->   Operation 98 'dcmp' 'tmp_2' <Predicate = (!tmp_23)> <Delay = 3.61> <CoreInst = "DCompare">   --->   Core 38 'DCompare' <Latency = 1> <II = 1> <Delay = 3.61> <FuncUnit> <Opcode : 'dcmp'> <InPorts = 2> <OutPorts = 1>
ST_4 : Operation 99 [1/1] (0.00ns)   --->   "%zext_ln907_1 = zext i32 %tmp_V_5"   --->   Operation 99 'zext' 'zext_ln907_1' <Predicate = (!tmp_23)> <Delay = 0.00>
ST_4 : Operation 100 [1/1] (1.20ns)   --->   "%add_ln908_1 = add i32 %sub_ln894_1, i32 4294967242"   --->   Operation 100 'add' 'add_ln908_1' <Predicate = (!tmp_23 & icmp_ln908_1)> <Delay = 1.20> <CoreInst = "Adder">   --->   Core 1 'Adder' <Latency = 0> <II = 1> <Delay = 1.47> <FuncUnit> <Opcode : 'add' 'sub'> <InPorts = 2> <OutPorts = 1>
ST_4 : Operation 101 [1/1] (0.00ns) (grouped into LUT with out node m_5)   --->   "%zext_ln908_1 = zext i32 %add_ln908_1"   --->   Operation 101 'zext' 'zext_ln908_1' <Predicate = (!tmp_23 & icmp_ln908_1)> <Delay = 0.00>
ST_4 : Operation 102 [1/1] (0.00ns) (grouped into LUT with out node m_5)   --->   "%lshr_ln908_1 = lshr i64 %zext_ln907_1, i64 %zext_ln908_1"   --->   Operation 102 'lshr' 'lshr_ln908_1' <Predicate = (!tmp_23 & icmp_ln908_1)> <Delay = 0.00> <CoreInst = "Shifter">   --->   Core 75 'Shifter' <Latency = 0> <II = 1> <Delay = 1.45> <FuncUnit> <Opcode : 'shl' 'lshr' 'ashr'> <InPorts = 2> <OutPorts = 1>
ST_4 : Operation 103 [1/1] (1.20ns)   --->   "%sub_ln909_1 = sub i32 54, i32 %sub_ln894_1"   --->   Operation 103 'sub' 'sub_ln909_1' <Predicate = (!tmp_23 & !icmp_ln908_1)> <Delay = 1.20> <CoreInst = "Adder">   --->   Core 1 'Adder' <Latency = 0> <II = 1> <Delay = 1.47> <FuncUnit> <Opcode : 'add' 'sub'> <InPorts = 2> <OutPorts = 1>
ST_4 : Operation 104 [1/1] (0.00ns) (grouped into LUT with out node m_5)   --->   "%zext_ln909_1 = zext i32 %sub_ln909_1"   --->   Operation 104 'zext' 'zext_ln909_1' <Predicate = (!tmp_23 & !icmp_ln908_1)> <Delay = 0.00>
ST_4 : Operation 105 [1/1] (0.00ns) (grouped into LUT with out node m_5)   --->   "%shl_ln909_1 = shl i64 %zext_ln907_1, i64 %zext_ln909_1"   --->   Operation 105 'shl' 'shl_ln909_1' <Predicate = (!tmp_23 & !icmp_ln908_1)> <Delay = 0.00> <CoreInst = "Shifter">   --->   Core 75 'Shifter' <Latency = 0> <II = 1> <Delay = 1.45> <FuncUnit> <Opcode : 'shl' 'lshr' 'ashr'> <InPorts = 2> <OutPorts = 1>
ST_4 : Operation 106 [1/1] (0.00ns) (grouped into LUT with out node m_5)   --->   "%m_4 = select i1 %icmp_ln908_1, i64 %lshr_ln908_1, i64 %shl_ln909_1"   --->   Operation 106 'select' 'm_4' <Predicate = (!tmp_23)> <Delay = 0.00> <CoreInst = "Sel">   --->   Core 73 'Sel' <Latency = 0> <II = 1> <Delay = 0.52> <FuncUnit> <Opcode : 'select'> <InPorts = 3> <OutPorts = 1>
ST_4 : Operation 107 [1/1] (0.00ns) (grouped into LUT with out node m_5)   --->   "%zext_ln911_1 = zext i1 %select_ln908_2"   --->   Operation 107 'zext' 'zext_ln911_1' <Predicate = (!tmp_23)> <Delay = 0.00>
ST_4 : Operation 108 [1/1] (1.47ns) (out node of the LUT)   --->   "%m_5 = add i64 %m_4, i64 %zext_ln911_1"   --->   Operation 108 'add' 'm_5' <Predicate = (!tmp_23)> <Delay = 1.47> <CoreInst = "Adder">   --->   Core 1 'Adder' <Latency = 0> <II = 1> <Delay = 1.47> <FuncUnit> <Opcode : 'add' 'sub'> <InPorts = 2> <OutPorts = 1>
ST_4 : Operation 109 [1/1] (0.00ns)   --->   "%m = partselect i63 @_ssdm_op_PartSelect.i63.i64.i32.i32, i64 %m_5, i32 1, i32 63"   --->   Operation 109 'partselect' 'm' <Predicate = (!tmp_23)> <Delay = 0.00>
ST_4 : Operation 110 [1/1] (0.00ns)   --->   "%zext_ln912_1 = zext i63 %m"   --->   Operation 110 'zext' 'zext_ln912_1' <Predicate = (!tmp_23)> <Delay = 0.00>
ST_4 : Operation 111 [1/1] (0.00ns)   --->   "%p_Result_7 = bitselect i1 @_ssdm_op_BitSelect.i1.i64.i32, i64 %m_5, i32 54"   --->   Operation 111 'bitselect' 'p_Result_7' <Predicate = (!tmp_23)> <Delay = 0.00>
ST_4 : Operation 112 [1/1] (0.45ns)   --->   "%select_ln893_1 = select i1 %p_Result_7, i11 1023, i11 1022"   --->   Operation 112 'select' 'select_ln893_1' <Predicate = (!tmp_23)> <Delay = 0.45> <CoreInst = "Sel">   --->   Core 73 'Sel' <Latency = 0> <II = 1> <Delay = 0.52> <FuncUnit> <Opcode : 'select'> <InPorts = 3> <OutPorts = 1>
ST_4 : Operation 113 [1/1] (0.00ns) (grouped into TernaryAdder)   --->   "%sub_ln915_1 = sub i11 24, i11 %trunc_ln893_1"   --->   Operation 113 'sub' 'sub_ln915_1' <Predicate = (!tmp_23)> <Delay = 0.00> <CoreInst = "TAddSub">   --->   Core 10 'TAddSub' <Latency = 0> <II = 1> <Delay = 0.53> <IPBlock> <Opcode : 'add' 'sub'> <InPorts = 3> <OutPorts = 1> <Sync>
ST_4 : Operation 114 [1/1] (1.07ns) (root node of TernaryAdder)   --->   "%add_ln915_1 = add i11 %sub_ln915_1, i11 %select_ln893_1"   --->   Operation 114 'add' 'add_ln915_1' <Predicate = (!tmp_23)> <Delay = 1.07> <CoreInst = "TAddSub">   --->   Core 10 'TAddSub' <Latency = 0> <II = 1> <Delay = 0.53> <IPBlock> <Opcode : 'add' 'sub'> <InPorts = 3> <OutPorts = 1> <Sync>
ST_4 : Operation 115 [1/1] (0.00ns)   --->   "%tmp_1 = bitconcatenate i12 @_ssdm_op_BitConcatenate.i12.i1.i11, i1 %p_Result_13, i11 %add_ln915_1"   --->   Operation 115 'bitconcatenate' 'tmp_1' <Predicate = (!tmp_23)> <Delay = 0.00>
ST_4 : Operation 116 [1/1] (0.00ns)   --->   "%p_Result_16 = partset i64 @_ssdm_op_PartSet.i64.i64.i12.i32.i32, i64 %zext_ln912_1, i12 %tmp_1, i32 52, i32 63"   --->   Operation 116 'partset' 'p_Result_16' <Predicate = (!tmp_23)> <Delay = 0.00>
ST_4 : Operation 117 [1/1] (0.00ns)   --->   "%trunc_ln1506_1 = partselect i52 @_ssdm_op_PartSelect.i52.i64.i32.i32, i64 %m_5, i32 1, i32 52"   --->   Operation 117 'partselect' 'trunc_ln1506_1' <Predicate = (!tmp_23)> <Delay = 0.00>
ST_4 : Operation 118 [1/1] (0.85ns)   --->   "%icmp_ln1506_2 = icmp_ne  i11 %add_ln915_1, i11 2047"   --->   Operation 118 'icmp' 'icmp_ln1506_2' <Predicate = (!tmp_23)> <Delay = 0.85> <CoreInst = "Cmp">   --->   Core 9 'Cmp' <Latency = 0> <II = 1> <Delay = 1.11> <FuncUnit> <Opcode : 'icmp'> <InPorts = 2> <OutPorts = 1>
ST_4 : Operation 119 [1/1] (1.34ns)   --->   "%icmp_ln1506_3 = icmp_eq  i52 %trunc_ln1506_1, i52 0"   --->   Operation 119 'icmp' 'icmp_ln1506_3' <Predicate = (!tmp_23)> <Delay = 1.34> <CoreInst = "Cmp">   --->   Core 9 'Cmp' <Latency = 0> <II = 1> <Delay = 1.11> <FuncUnit> <Opcode : 'icmp'> <InPorts = 2> <OutPorts = 1>

State 5 <SV = 4> <Delay = 4.92>
ST_5 : Operation 120 [1/1] (0.00ns) (grouped into LUT with out node select_ln1506)   --->   "%or_ln1506 = or i1 %icmp_ln1506_1, i1 %icmp_ln1506"   --->   Operation 120 'or' 'or_ln1506' <Predicate = (!tmp_23)> <Delay = 0.00> <CoreInst = "LogicGate">   --->   Core 74 'LogicGate' <Latency = 0> <II = 1> <Delay = 0.33> <FuncUnit> <Opcode : 'and' 'or' 'xor'> <InPorts = 2> <OutPorts = 1>
ST_5 : Operation 121 [1/2] (3.61ns)   --->   "%tmp_2 = fcmp_olt  i64 %bitcast_ln734, i64 0"   --->   Operation 121 'dcmp' 'tmp_2' <Predicate = (!tmp_23)> <Delay = 3.61> <CoreInst = "DCompare">   --->   Core 38 'DCompare' <Latency = 1> <II = 1> <Delay = 3.61> <FuncUnit> <Opcode : 'dcmp'> <InPorts = 2> <OutPorts = 1>
ST_5 : Operation 122 [1/1] (0.00ns) (grouped into LUT with out node select_ln1506)   --->   "%and_ln1506 = and i1 %or_ln1506, i1 %tmp_2"   --->   Operation 122 'and' 'and_ln1506' <Predicate = (!tmp_23)> <Delay = 0.00> <CoreInst = "LogicGate">   --->   Core 74 'LogicGate' <Latency = 0> <II = 1> <Delay = 0.33> <FuncUnit> <Opcode : 'and' 'or' 'xor'> <InPorts = 2> <OutPorts = 1>
ST_5 : Operation 123 [1/1] (1.11ns)   --->   "%icmp_ln885 = icmp_ne  i32 %p_Val2_s, i32 0"   --->   Operation 123 'icmp' 'icmp_ln885' <Predicate = (!tmp_23)> <Delay = 1.11> <CoreInst = "Cmp">   --->   Core 9 'Cmp' <Latency = 0> <II = 1> <Delay = 1.11> <FuncUnit> <Opcode : 'icmp'> <InPorts = 2> <OutPorts = 1>
ST_5 : Operation 124 [1/1] (0.00ns) (grouped into LUT with out node select_ln1506)   --->   "%and_ln1506_1 = and i1 %icmp_ln885, i1 %and_ln1506"   --->   Operation 124 'and' 'and_ln1506_1' <Predicate = (!tmp_23)> <Delay = 0.00> <CoreInst = "LogicGate">   --->   Core 74 'LogicGate' <Latency = 0> <II = 1> <Delay = 0.33> <FuncUnit> <Opcode : 'and' 'or' 'xor'> <InPorts = 2> <OutPorts = 1>
ST_5 : Operation 125 [1/1] (0.52ns) (out node of the LUT)   --->   "%select_ln1506 = select i1 %and_ln1506_1, i32 0, i32 %p_Val2_s"   --->   Operation 125 'select' 'select_ln1506' <Predicate = (!tmp_23)> <Delay = 0.52> <CoreInst = "Sel">   --->   Core 73 'Sel' <Latency = 0> <II = 1> <Delay = 0.52> <FuncUnit> <Opcode : 'select'> <InPorts = 3> <OutPorts = 1>
ST_5 : Operation 126 [1/1] (0.79ns)   --->   "%store_ln124 = store i32 %select_ln1506, i4 %output_0_V_addr" [nn.cpp:124]   --->   Operation 126 'store' 'store_ln124' <Predicate = (!tmp_23)> <Delay = 0.79> <CoreInst = "RAM">   --->   Core 83 'RAM' <Latency = 1> <II = 1> <Delay = 0.79> <Storage> <Opcode : 'load' 'store'> <Ports = 2> <Width = 32> <Depth = 16> <RAM>
ST_5 : Operation 127 [1/1] (0.00ns)   --->   "%bitcast_ln734_1 = bitcast i64 %p_Result_16"   --->   Operation 127 'bitcast' 'bitcast_ln734_1' <Predicate = (!tmp_23)> <Delay = 0.00>
ST_5 : Operation 128 [2/2] (3.61ns)   --->   "%tmp_3 = fcmp_olt  i64 %bitcast_ln734_1, i64 0"   --->   Operation 128 'dcmp' 'tmp_3' <Predicate = (!tmp_23)> <Delay = 3.61> <CoreInst = "DCompare">   --->   Core 38 'DCompare' <Latency = 1> <II = 1> <Delay = 3.61> <FuncUnit> <Opcode : 'dcmp'> <InPorts = 2> <OutPorts = 1>

State 6 <SV = 5> <Delay = 4.13>
ST_6 : Operation 129 [1/1] (0.00ns) (grouped into LUT with out node select_ln1506_1)   --->   "%or_ln1506_1 = or i1 %icmp_ln1506_3, i1 %icmp_ln1506_2"   --->   Operation 129 'or' 'or_ln1506_1' <Predicate = (!tmp_23)> <Delay = 0.00> <CoreInst = "LogicGate">   --->   Core 74 'LogicGate' <Latency = 0> <II = 1> <Delay = 0.33> <FuncUnit> <Opcode : 'and' 'or' 'xor'> <InPorts = 2> <OutPorts = 1>
ST_6 : Operation 130 [1/2] (3.61ns)   --->   "%tmp_3 = fcmp_olt  i64 %bitcast_ln734_1, i64 0"   --->   Operation 130 'dcmp' 'tmp_3' <Predicate = (!tmp_23)> <Delay = 3.61> <CoreInst = "DCompare">   --->   Core 38 'DCompare' <Latency = 1> <II = 1> <Delay = 3.61> <FuncUnit> <Opcode : 'dcmp'> <InPorts = 2> <OutPorts = 1>
ST_6 : Operation 131 [1/1] (0.00ns) (grouped into LUT with out node select_ln1506_1)   --->   "%and_ln1506_2 = and i1 %or_ln1506_1, i1 %tmp_3"   --->   Operation 131 'and' 'and_ln1506_2' <Predicate = (!tmp_23)> <Delay = 0.00> <CoreInst = "LogicGate">   --->   Core 74 'LogicGate' <Latency = 0> <II = 1> <Delay = 0.33> <FuncUnit> <Opcode : 'and' 'or' 'xor'> <InPorts = 2> <OutPorts = 1>
ST_6 : Operation 132 [1/1] (1.11ns)   --->   "%icmp_ln885_1 = icmp_ne  i32 %p_Val2_4, i32 0"   --->   Operation 132 'icmp' 'icmp_ln885_1' <Predicate = (!tmp_23)> <Delay = 1.11> <CoreInst = "Cmp">   --->   Core 9 'Cmp' <Latency = 0> <II = 1> <Delay = 1.11> <FuncUnit> <Opcode : 'icmp'> <InPorts = 2> <OutPorts = 1>
ST_6 : Operation 133 [1/1] (0.00ns) (grouped into LUT with out node select_ln1506_1)   --->   "%and_ln1506_3 = and i1 %icmp_ln885_1, i1 %and_ln1506_2"   --->   Operation 133 'and' 'and_ln1506_3' <Predicate = (!tmp_23)> <Delay = 0.00> <CoreInst = "LogicGate">   --->   Core 74 'LogicGate' <Latency = 0> <II = 1> <Delay = 0.33> <FuncUnit> <Opcode : 'and' 'or' 'xor'> <InPorts = 2> <OutPorts = 1>
ST_6 : Operation 134 [1/1] (0.52ns) (out node of the LUT)   --->   "%select_ln1506_1 = select i1 %and_ln1506_3, i32 0, i32 %p_Val2_4"   --->   Operation 134 'select' 'select_ln1506_1' <Predicate = (!tmp_23)> <Delay = 0.52> <CoreInst = "Sel">   --->   Core 73 'Sel' <Latency = 0> <II = 1> <Delay = 0.52> <FuncUnit> <Opcode : 'select'> <InPorts = 3> <OutPorts = 1>

State 7 <SV = 6> <Delay = 0.79>
ST_7 : Operation 135 [1/1] (0.00ns)   --->   "%specloopname_ln121 = specloopname void @_ssdm_op_SpecLoopName, void @empty_3" [nn.cpp:121]   --->   Operation 135 'specloopname' 'specloopname_ln121' <Predicate = (!tmp_23)> <Delay = 0.00>
ST_7 : Operation 136 [1/1] (0.79ns)   --->   "%store_ln124 = store i32 %select_ln1506_1, i4 %output_0_V_addr_1" [nn.cpp:124]   --->   Operation 136 'store' 'store_ln124' <Predicate = (!tmp_23)> <Delay = 0.79> <CoreInst = "RAM">   --->   Core 83 'RAM' <Latency = 1> <II = 1> <Delay = 0.79> <Storage> <Opcode : 'load' 'store'> <Ports = 2> <Width = 32> <Depth = 16> <RAM>
ST_7 : Operation 137 [1/1] (0.00ns)   --->   "%br_ln0 = br void"   --->   Operation 137 'br' 'br_ln0' <Predicate = (!tmp_23)> <Delay = 0.00>

State 8 <SV = 2> <Delay = 0.00>
ST_8 : Operation 138 [1/1] (0.00ns)   --->   "%ret_ln129 = ret" [nn.cpp:129]   --->   Operation 138 'ret' 'ret_ln129' <Predicate = true> <Delay = 0.00>


============================================================
+ Verbose Summary: Timing violations
============================================================
Target clock period: 10ns, clock uncertainty: 2.7ns.

 <State 1>: 0.489ns
The critical path consists of the following:
	multiplexor before 'phi' operation ('i', nn.cpp:121) with incoming values : ('add_ln121', nn.cpp:121) [4]  (0.489 ns)

 <State 2>: 0.79ns
The critical path consists of the following:
	'phi' operation ('i', nn.cpp:121) with incoming values : ('add_ln121', nn.cpp:121) [4]  (0 ns)
	'getelementptr' operation ('output_0_V_addr') [14]  (0 ns)
	'load' operation ('__Val2__') on array 'output_0_V' [15]  (0.79 ns)

 <State 3>: 6.71ns
The critical path consists of the following:
	'load' operation ('__Val2__') on array 'output_0_V' [15]  (0.79 ns)
	'sub' operation ('tmp.V') [17]  (1.2 ns)
	'select' operation ('tmp.V') [18]  (0.525 ns)
	'cttz' operation ('l') [20]  (0 ns)
	'sub' operation ('sub_ln894') [21]  (1.2 ns)
	'add' operation ('lsb_index') [22]  (1.2 ns)
	'shl' operation ('shl_ln899') [29]  (0 ns)
	'or' operation ('or_ln899_2') [30]  (0 ns)
	'and' operation ('and_ln899') [31]  (0 ns)
	'icmp' operation ('icmp_ln899') [32]  (1.45 ns)
	'select' operation ('select_ln896') [38]  (0 ns)
	'select' operation ('select_ln908') [46]  (0.331 ns)

 <State 4>: 6.61ns
The critical path consists of the following:
	'lshr' operation ('lshr_ln908') [41]  (0 ns)
	'select' operation ('m') [47]  (0 ns)
	'add' operation ('m') [49]  (1.47 ns)
	'select' operation ('select_ln893') [53]  (0.451 ns)
	'add' operation ('add_ln915') [56]  (1.07 ns)
	'dcmp' operation ('tmp_2') [64]  (3.61 ns)

 <State 5>: 4.93ns
The critical path consists of the following:
	'dcmp' operation ('tmp_2') [64]  (3.61 ns)
	'and' operation ('and_ln1506') [65]  (0 ns)
	'and' operation ('and_ln1506_1') [67]  (0 ns)
	'select' operation ('select_ln1506') [68]  (0.525 ns)
	'store' operation ('store_ln124', nn.cpp:124) of variable 'select_ln1506' on array 'output_0_V' [69]  (0.79 ns)

 <State 6>: 4.14ns
The critical path consists of the following:
	'dcmp' operation ('tmp_3') [122]  (3.61 ns)
	'and' operation ('and_ln1506_2') [123]  (0 ns)
	'and' operation ('and_ln1506_3') [125]  (0 ns)
	'select' operation ('select_ln1506_1') [126]  (0.525 ns)

 <State 7>: 0.79ns
The critical path consists of the following:
	'store' operation ('store_ln124', nn.cpp:124) of variable 'select_ln1506_1' on array 'output_0_V' [127]  (0.79 ns)

 <State 8>: 0ns
The critical path consists of the following:


============================================================
+ Verbose Summary: Binding
============================================================
N/A
* FSMD analyzer results:
  - Output states:
 - Input state : 
  - Chain level:
	State 1
	State 2
	State 3
	State 4
	State 5
	State 6
	State 7
	State 8


============================================================
+ Verbose Summary: Datapath Resource usage 
============================================================
N/A
