INFO: Applying HLS Y2K22 patch v1.2 for IP revision
INFO: [HLS 200-10] Running '/tools/Xilinx/Vitis_HLS/2020.2/bin/unwrapped/lnx64.o/vitis_hls'
INFO: [HLS 200-10] For user 'samuel' on host 'samuel-ASUS-TUF-Gaming-A15-FA507NU-FA507NU' (Linux_x86_64 version 5.15.0-125-generic) on Tue Nov 19 12:32:03 CET 2024
INFO: [HLS 200-10] On os Ubuntu 20.04.6 LTS
INFO: [HLS 200-10] In directory '/home/samuel/VitisHLS/nn'
Sourcing Tcl script '/home/samuel/VitisHLS/nn/nn/solution1/csim.tcl'
INFO: [HLS 200-1510] Running: open_project nn 
INFO: [HLS 200-10] Opening project '/home/samuel/VitisHLS/nn/nn'.
INFO: [HLS 200-1510] Running: set_top nn_inference 
INFO: [HLS 200-1510] Running: add_files nn.cpp 
INFO: [HLS 200-10] Adding design file 'nn.cpp' to the project
INFO: [HLS 200-1510] Running: add_files nn.hpp 
INFO: [HLS 200-10] Adding design file 'nn.hpp' to the project
INFO: [HLS 200-1510] Running: add_files -tb nn_tb.cpp -cflags -Wno-unknown-pragmas -csimflags -Wno-unknown-pragmas 
INFO: [HLS 200-10] Adding test bench file 'nn_tb.cpp' to the project
INFO: [HLS 200-1510] Running: open_solution solution1 -flow_target vivado 
INFO: [HLS 200-10] Opening solution '/home/samuel/VitisHLS/nn/nn/solution1'.
INFO: [SYN 201-201] Setting up clock 'default' with a period of 10ns.
INFO: [HLS 200-10] Setting target device to 'xczu3eg-sbva484-1-e'
INFO: [HLS 200-1505] Using flow_target 'vivado'
Resolution: For help on HLS 200-1505 see www.xilinx.com/cgi-bin/docs/rdoc?v=2020.2;t=hls+guidance;d=200-1505.html
INFO: [HLS 200-1510] Running: set_part xczu3eg-sbva484-1-e 
INFO: [HLS 200-1510] Running: create_clock -period 10 -name default 
INFO: [SYN 201-201] Setting up clock 'default' with a period of 10ns.
INFO: [HLS 200-1510] Running: set_directive_top -name nn_inference nn_inference 
INFO: [HLS 200-1510] Running: csim_design -quiet 
INFO: [SIM 211-2] *************** CSIM start ***************
INFO: [SIM 211-4] CSIM will launch GCC as the compiler.
   Compiling ../../../../nn_tb.cpp in debug mode
   Generating csim.exe
make: Warning: File '/dev/null' has modification time 3437 s in the future
make: warning:  Clock skew detected.  Your build may be incomplete.
Checking for number 3:
NN Prediction: 3

Checking for number 4:
NN Prediction: 4

Checking for number 5:
NN Prediction: 5

INFO: [SIM 211-1] CSim done with 0 errors.
INFO: [SIM 211-3] *************** CSIM finish ***************
INFO: [HLS 200-111] Finished Command csim_design CPU user time: 2.42 seconds. CPU system time: 0.46 seconds. Elapsed time: 2.49 seconds; current allocated memory: 93.185 MB.
