
*** Running vivado
    with args -log u96v2_sbc_mp4d_zynq_ultra_ps_e_0_0.vds -m64 -product Vivado -mode batch -messageDb vivado.pb -notrace -source u96v2_sbc_mp4d_zynq_ultra_ps_e_0_0.tcl


****** Vivado v2020.2 (64-bit)
  **** SW Build 3064766 on Wed Nov 18 09:12:47 MST 2020
  **** IP Build 3064653 on Wed Nov 18 14:17:31 MST 2020
    ** Copyright 1986-2020 Xilinx, Inc. All Rights Reserved.

source u96v2_sbc_mp4d_zynq_ultra_ps_e_0_0.tcl -notrace
INFO: [IP_Flow 19-234] Refreshing IP repositories
INFO: [IP_Flow 19-1700] Loaded user IP repository '/tools/Xilinx/MPSoC4Drones/ip'.
INFO: [IP_Flow 19-2313] Loaded Vivado IP repository '/tools/Xilinx/Vivado/2020.2/data/ip'.
Command: synth_design -top u96v2_sbc_mp4d_zynq_ultra_ps_e_0_0 -part xczu3eg-sbva484-1-i -mode out_of_context
Starting synth_design
Attempting to get a license for feature 'Synthesis' and/or device 'xczu3eg'
INFO: [Common 17-349] Got license for feature 'Synthesis' and/or device 'xczu3eg'
INFO: [Device 21-403] Loading part xczu3eg-sbva484-1-i
INFO: [Synth 8-7079] Multithreading enabled for synth_design using a maximum of 4 processes.
INFO: [Synth 8-7078] Launching helper process for spawning children vivado processes
INFO: [Synth 8-7075] Helper process launched with PID 8280
---------------------------------------------------------------------------------
Starting RTL Elaboration : Time (s): cpu = 00:00:04 ; elapsed = 00:00:07 . Memory (MB): peak = 2718.426 ; gain = 30.906 ; free physical = 115 ; free virtual = 13503
---------------------------------------------------------------------------------
INFO: [Synth 8-638] synthesizing module 'u96v2_sbc_mp4d_zynq_ultra_ps_e_0_0' [/tools/Xilinx/MPSoC4Drones/hdl/projects/u96v2_sbc_mp4d_2020_2/u96v2_sbc_mp4d.gen/sources_1/bd/u96v2_sbc_mp4d/ip/u96v2_sbc_mp4d_zynq_ultra_ps_e_0_0/synth/u96v2_sbc_mp4d_zynq_ultra_ps_e_0_0.vhd:104]
	Parameter C_DP_USE_AUDIO bound to: 0 - type: integer 
	Parameter C_DP_USE_VIDEO bound to: 0 - type: integer 
	Parameter C_MAXIGP0_DATA_WIDTH bound to: 128 - type: integer 
	Parameter C_MAXIGP1_DATA_WIDTH bound to: 128 - type: integer 
	Parameter C_MAXIGP2_DATA_WIDTH bound to: 32 - type: integer 
	Parameter C_SAXIGP0_DATA_WIDTH bound to: 128 - type: integer 
	Parameter C_SAXIGP1_DATA_WIDTH bound to: 128 - type: integer 
	Parameter C_SAXIGP2_DATA_WIDTH bound to: 128 - type: integer 
	Parameter C_SAXIGP3_DATA_WIDTH bound to: 128 - type: integer 
	Parameter C_SAXIGP4_DATA_WIDTH bound to: 128 - type: integer 
	Parameter C_SAXIGP5_DATA_WIDTH bound to: 128 - type: integer 
	Parameter C_SAXIGP6_DATA_WIDTH bound to: 128 - type: integer 
	Parameter C_USE_DIFF_RW_CLK_GP0 bound to: 0 - type: integer 
	Parameter C_USE_DIFF_RW_CLK_GP1 bound to: 0 - type: integer 
	Parameter C_USE_DIFF_RW_CLK_GP2 bound to: 0 - type: integer 
	Parameter C_USE_DIFF_RW_CLK_GP3 bound to: 0 - type: integer 
	Parameter C_USE_DIFF_RW_CLK_GP4 bound to: 0 - type: integer 
	Parameter C_USE_DIFF_RW_CLK_GP5 bound to: 0 - type: integer 
	Parameter C_USE_DIFF_RW_CLK_GP6 bound to: 0 - type: integer 
	Parameter C_EN_FIFO_ENET0 bound to: 0 - type: string 
	Parameter C_EN_FIFO_ENET1 bound to: 0 - type: string 
	Parameter C_EN_FIFO_ENET2 bound to: 0 - type: string 
	Parameter C_EN_FIFO_ENET3 bound to: 0 - type: string 
	Parameter C_PL_CLK0_BUF bound to: TRUE - type: string 
	Parameter C_PL_CLK1_BUF bound to: FALSE - type: string 
	Parameter C_PL_CLK2_BUF bound to: FALSE - type: string 
	Parameter C_PL_CLK3_BUF bound to: FALSE - type: string 
	Parameter C_TRACE_PIPELINE_WIDTH bound to: 8 - type: integer 
	Parameter C_EN_EMIO_TRACE bound to: 0 - type: integer 
	Parameter C_TRACE_DATA_WIDTH bound to: 32 - type: integer 
	Parameter C_USE_DEBUG_TEST bound to: 0 - type: integer 
	Parameter C_SD0_INTERNAL_BUS_WIDTH bound to: 4 - type: integer 
	Parameter C_SD1_INTERNAL_BUS_WIDTH bound to: 4 - type: integer 
	Parameter C_NUM_F2P_0_INTR_INPUTS bound to: 8 - type: integer 
	Parameter C_NUM_F2P_1_INTR_INPUTS bound to: 1 - type: integer 
	Parameter C_EMIO_GPIO_WIDTH bound to: 30 - type: integer 
	Parameter C_NUM_FABRIC_RESETS bound to: 1 - type: integer 
INFO: [Synth 8-3491] module 'zynq_ultra_ps_e_v3_3_3_zynq_ultra_ps_e' declared at '/tools/Xilinx/MPSoC4Drones/hdl/projects/u96v2_sbc_mp4d_2020_2/u96v2_sbc_mp4d.gen/sources_1/bd/u96v2_sbc_mp4d/ip/u96v2_sbc_mp4d_zynq_ultra_ps_e_0_0/hdl/zynq_ultra_ps_e_v3_3_3.v:282' bound to instance 'U0' of component 'zynq_ultra_ps_e_v3_3_3_zynq_ultra_ps_e' [/tools/Xilinx/MPSoC4Drones/hdl/projects/u96v2_sbc_mp4d_2020_2/u96v2_sbc_mp4d.gen/sources_1/bd/u96v2_sbc_mp4d/ip/u96v2_sbc_mp4d_zynq_ultra_ps_e_0_0/synth/u96v2_sbc_mp4d_zynq_ultra_ps_e_0_0.vhd:1697]
INFO: [Synth 8-6157] synthesizing module 'zynq_ultra_ps_e_v3_3_3_zynq_ultra_ps_e' [/tools/Xilinx/MPSoC4Drones/hdl/projects/u96v2_sbc_mp4d_2020_2/u96v2_sbc_mp4d.gen/sources_1/bd/u96v2_sbc_mp4d/ip/u96v2_sbc_mp4d_zynq_ultra_ps_e_0_0/hdl/zynq_ultra_ps_e_v3_3_3.v:282]
	Parameter C_MAXIGP0_DATA_WIDTH bound to: 128 - type: integer 
	Parameter C_MAXIGP1_DATA_WIDTH bound to: 128 - type: integer 
	Parameter C_MAXIGP2_DATA_WIDTH bound to: 32 - type: integer 
	Parameter C_SAXIGP0_DATA_WIDTH bound to: 128 - type: integer 
	Parameter C_SAXIGP1_DATA_WIDTH bound to: 128 - type: integer 
	Parameter C_SAXIGP2_DATA_WIDTH bound to: 128 - type: integer 
	Parameter C_SAXIGP3_DATA_WIDTH bound to: 128 - type: integer 
	Parameter C_SAXIGP4_DATA_WIDTH bound to: 128 - type: integer 
	Parameter C_SAXIGP5_DATA_WIDTH bound to: 128 - type: integer 
	Parameter C_SAXIGP6_DATA_WIDTH bound to: 128 - type: integer 
	Parameter C_SD0_INTERNAL_BUS_WIDTH bound to: 4 - type: integer 
	Parameter C_SD1_INTERNAL_BUS_WIDTH bound to: 4 - type: integer 
	Parameter C_PL_CLK0_BUF bound to: TRUE - type: string 
	Parameter C_PL_CLK1_BUF bound to: FALSE - type: string 
	Parameter C_PL_CLK2_BUF bound to: FALSE - type: string 
	Parameter C_PL_CLK3_BUF bound to: FALSE - type: string 
	Parameter C_NUM_F2P_0_INTR_INPUTS bound to: 8 - type: integer 
	Parameter C_NUM_F2P_1_INTR_INPUTS bound to: 1 - type: integer 
	Parameter C_NUM_FABRIC_RESETS bound to: 1 - type: integer 
	Parameter C_EMIO_GPIO_WIDTH bound to: 30 - type: integer 
	Parameter C_USE_DIFF_RW_CLK_GP0 bound to: 0 - type: integer 
	Parameter C_USE_DIFF_RW_CLK_GP1 bound to: 0 - type: integer 
	Parameter C_USE_DIFF_RW_CLK_GP2 bound to: 0 - type: integer 
	Parameter C_USE_DIFF_RW_CLK_GP3 bound to: 0 - type: integer 
	Parameter C_USE_DIFF_RW_CLK_GP4 bound to: 0 - type: integer 
	Parameter C_USE_DIFF_RW_CLK_GP5 bound to: 0 - type: integer 
	Parameter C_USE_DIFF_RW_CLK_GP6 bound to: 0 - type: integer 
	Parameter C_TRACE_PIPELINE_WIDTH bound to: 8 - type: integer 
	Parameter C_EN_EMIO_TRACE bound to: 0 - type: integer 
	Parameter C_EN_FIFO_ENET0 bound to: 0 - type: string 
	Parameter C_EN_FIFO_ENET1 bound to: 0 - type: string 
	Parameter C_EN_FIFO_ENET2 bound to: 0 - type: string 
	Parameter C_EN_FIFO_ENET3 bound to: 0 - type: string 
	Parameter C_TRACE_DATA_WIDTH bound to: 32 - type: integer 
	Parameter C_USE_DEBUG_TEST bound to: 0 - type: integer 
	Parameter C_DP_USE_AUDIO bound to: 0 - type: integer 
	Parameter C_DP_USE_VIDEO bound to: 0 - type: integer 
INFO: [Synth 8-6157] synthesizing module 'BUFG_PS' [/tools/Xilinx/Vivado/2020.2/scripts/rt/data/unisim_comp.v:1307]
	Parameter SIM_DEVICE bound to: ULTRASCALE_PLUS - type: string 
	Parameter STARTUP_SYNC bound to: FALSE - type: string 
INFO: [Synth 8-6155] done synthesizing module 'BUFG_PS' (1#1) [/tools/Xilinx/Vivado/2020.2/scripts/rt/data/unisim_comp.v:1307]
INFO: [Synth 8-6157] synthesizing module 'PS8' [/tools/Xilinx/Vivado/2020.2/scripts/rt/data/unisim_comp.v:63280]
INFO: [Synth 8-6155] done synthesizing module 'PS8' (2#1) [/tools/Xilinx/Vivado/2020.2/scripts/rt/data/unisim_comp.v:63280]
WARNING: [Synth 8-689] width (4) of port connection 'EMIOSDIO0DATAOUT' does not match port width (8) of module 'PS8' [/tools/Xilinx/MPSoC4Drones/hdl/projects/u96v2_sbc_mp4d_2020_2/u96v2_sbc_mp4d.gen/sources_1/bd/u96v2_sbc_mp4d/ip/u96v2_sbc_mp4d_zynq_ultra_ps_e_0_0/hdl/zynq_ultra_ps_e_v3_3_3.v:4646]
WARNING: [Synth 8-689] width (4) of port connection 'EMIOSDIO0DATAENA' does not match port width (8) of module 'PS8' [/tools/Xilinx/MPSoC4Drones/hdl/projects/u96v2_sbc_mp4d_2020_2/u96v2_sbc_mp4d.gen/sources_1/bd/u96v2_sbc_mp4d/ip/u96v2_sbc_mp4d_zynq_ultra_ps_e_0_0/hdl/zynq_ultra_ps_e_v3_3_3.v:4647]
WARNING: [Synth 8-689] width (4) of port connection 'EMIOSDIO1DATAOUT' does not match port width (8) of module 'PS8' [/tools/Xilinx/MPSoC4Drones/hdl/projects/u96v2_sbc_mp4d_2020_2/u96v2_sbc_mp4d.gen/sources_1/bd/u96v2_sbc_mp4d/ip/u96v2_sbc_mp4d_zynq_ultra_ps_e_0_0/hdl/zynq_ultra_ps_e_v3_3_3.v:4659]
WARNING: [Synth 8-689] width (4) of port connection 'EMIOSDIO1DATAENA' does not match port width (8) of module 'PS8' [/tools/Xilinx/MPSoC4Drones/hdl/projects/u96v2_sbc_mp4d_2020_2/u96v2_sbc_mp4d.gen/sources_1/bd/u96v2_sbc_mp4d/ip/u96v2_sbc_mp4d_zynq_ultra_ps_e_0_0/hdl/zynq_ultra_ps_e_v3_3_3.v:4660]
WARNING: [Synth 8-7071] port 'PSS_ALTO_CORE_PAD_MGTTXN0OUT' of module 'PS8' is unconnected for instance 'PS8_i' [/tools/Xilinx/MPSoC4Drones/hdl/projects/u96v2_sbc_mp4d_2020_2/u96v2_sbc_mp4d.gen/sources_1/bd/u96v2_sbc_mp4d/ip/u96v2_sbc_mp4d_zynq_ultra_ps_e_0_0/hdl/zynq_ultra_ps_e_v3_3_3.v:3836]
WARNING: [Synth 8-7071] port 'PSS_ALTO_CORE_PAD_MGTTXN1OUT' of module 'PS8' is unconnected for instance 'PS8_i' [/tools/Xilinx/MPSoC4Drones/hdl/projects/u96v2_sbc_mp4d_2020_2/u96v2_sbc_mp4d.gen/sources_1/bd/u96v2_sbc_mp4d/ip/u96v2_sbc_mp4d_zynq_ultra_ps_e_0_0/hdl/zynq_ultra_ps_e_v3_3_3.v:3836]
WARNING: [Synth 8-7071] port 'PSS_ALTO_CORE_PAD_MGTTXN2OUT' of module 'PS8' is unconnected for instance 'PS8_i' [/tools/Xilinx/MPSoC4Drones/hdl/projects/u96v2_sbc_mp4d_2020_2/u96v2_sbc_mp4d.gen/sources_1/bd/u96v2_sbc_mp4d/ip/u96v2_sbc_mp4d_zynq_ultra_ps_e_0_0/hdl/zynq_ultra_ps_e_v3_3_3.v:3836]
WARNING: [Synth 8-7071] port 'PSS_ALTO_CORE_PAD_MGTTXN3OUT' of module 'PS8' is unconnected for instance 'PS8_i' [/tools/Xilinx/MPSoC4Drones/hdl/projects/u96v2_sbc_mp4d_2020_2/u96v2_sbc_mp4d.gen/sources_1/bd/u96v2_sbc_mp4d/ip/u96v2_sbc_mp4d_zynq_ultra_ps_e_0_0/hdl/zynq_ultra_ps_e_v3_3_3.v:3836]
WARNING: [Synth 8-7071] port 'PSS_ALTO_CORE_PAD_MGTTXP0OUT' of module 'PS8' is unconnected for instance 'PS8_i' [/tools/Xilinx/MPSoC4Drones/hdl/projects/u96v2_sbc_mp4d_2020_2/u96v2_sbc_mp4d.gen/sources_1/bd/u96v2_sbc_mp4d/ip/u96v2_sbc_mp4d_zynq_ultra_ps_e_0_0/hdl/zynq_ultra_ps_e_v3_3_3.v:3836]
WARNING: [Synth 8-7071] port 'PSS_ALTO_CORE_PAD_MGTTXP1OUT' of module 'PS8' is unconnected for instance 'PS8_i' [/tools/Xilinx/MPSoC4Drones/hdl/projects/u96v2_sbc_mp4d_2020_2/u96v2_sbc_mp4d.gen/sources_1/bd/u96v2_sbc_mp4d/ip/u96v2_sbc_mp4d_zynq_ultra_ps_e_0_0/hdl/zynq_ultra_ps_e_v3_3_3.v:3836]
WARNING: [Synth 8-7071] port 'PSS_ALTO_CORE_PAD_MGTTXP2OUT' of module 'PS8' is unconnected for instance 'PS8_i' [/tools/Xilinx/MPSoC4Drones/hdl/projects/u96v2_sbc_mp4d_2020_2/u96v2_sbc_mp4d.gen/sources_1/bd/u96v2_sbc_mp4d/ip/u96v2_sbc_mp4d_zynq_ultra_ps_e_0_0/hdl/zynq_ultra_ps_e_v3_3_3.v:3836]
WARNING: [Synth 8-7071] port 'PSS_ALTO_CORE_PAD_MGTTXP3OUT' of module 'PS8' is unconnected for instance 'PS8_i' [/tools/Xilinx/MPSoC4Drones/hdl/projects/u96v2_sbc_mp4d_2020_2/u96v2_sbc_mp4d.gen/sources_1/bd/u96v2_sbc_mp4d/ip/u96v2_sbc_mp4d_zynq_ultra_ps_e_0_0/hdl/zynq_ultra_ps_e_v3_3_3.v:3836]
WARNING: [Synth 8-7071] port 'PSS_ALTO_CORE_PAD_PADO' of module 'PS8' is unconnected for instance 'PS8_i' [/tools/Xilinx/MPSoC4Drones/hdl/projects/u96v2_sbc_mp4d_2020_2/u96v2_sbc_mp4d.gen/sources_1/bd/u96v2_sbc_mp4d/ip/u96v2_sbc_mp4d_zynq_ultra_ps_e_0_0/hdl/zynq_ultra_ps_e_v3_3_3.v:3836]
WARNING: [Synth 8-7071] port 'PSS_ALTO_CORE_PAD_BOOTMODE' of module 'PS8' is unconnected for instance 'PS8_i' [/tools/Xilinx/MPSoC4Drones/hdl/projects/u96v2_sbc_mp4d_2020_2/u96v2_sbc_mp4d.gen/sources_1/bd/u96v2_sbc_mp4d/ip/u96v2_sbc_mp4d_zynq_ultra_ps_e_0_0/hdl/zynq_ultra_ps_e_v3_3_3.v:3836]
WARNING: [Synth 8-7071] port 'PSS_ALTO_CORE_PAD_CLK' of module 'PS8' is unconnected for instance 'PS8_i' [/tools/Xilinx/MPSoC4Drones/hdl/projects/u96v2_sbc_mp4d_2020_2/u96v2_sbc_mp4d.gen/sources_1/bd/u96v2_sbc_mp4d/ip/u96v2_sbc_mp4d_zynq_ultra_ps_e_0_0/hdl/zynq_ultra_ps_e_v3_3_3.v:3836]
WARNING: [Synth 8-7071] port 'PSS_ALTO_CORE_PAD_DONEB' of module 'PS8' is unconnected for instance 'PS8_i' [/tools/Xilinx/MPSoC4Drones/hdl/projects/u96v2_sbc_mp4d_2020_2/u96v2_sbc_mp4d.gen/sources_1/bd/u96v2_sbc_mp4d/ip/u96v2_sbc_mp4d_zynq_ultra_ps_e_0_0/hdl/zynq_ultra_ps_e_v3_3_3.v:3836]
WARNING: [Synth 8-7071] port 'PSS_ALTO_CORE_PAD_DRAMA' of module 'PS8' is unconnected for instance 'PS8_i' [/tools/Xilinx/MPSoC4Drones/hdl/projects/u96v2_sbc_mp4d_2020_2/u96v2_sbc_mp4d.gen/sources_1/bd/u96v2_sbc_mp4d/ip/u96v2_sbc_mp4d_zynq_ultra_ps_e_0_0/hdl/zynq_ultra_ps_e_v3_3_3.v:3836]
WARNING: [Synth 8-7071] port 'PSS_ALTO_CORE_PAD_DRAMACTN' of module 'PS8' is unconnected for instance 'PS8_i' [/tools/Xilinx/MPSoC4Drones/hdl/projects/u96v2_sbc_mp4d_2020_2/u96v2_sbc_mp4d.gen/sources_1/bd/u96v2_sbc_mp4d/ip/u96v2_sbc_mp4d_zynq_ultra_ps_e_0_0/hdl/zynq_ultra_ps_e_v3_3_3.v:3836]
WARNING: [Synth 8-7071] port 'PSS_ALTO_CORE_PAD_DRAMALERTN' of module 'PS8' is unconnected for instance 'PS8_i' [/tools/Xilinx/MPSoC4Drones/hdl/projects/u96v2_sbc_mp4d_2020_2/u96v2_sbc_mp4d.gen/sources_1/bd/u96v2_sbc_mp4d/ip/u96v2_sbc_mp4d_zynq_ultra_ps_e_0_0/hdl/zynq_ultra_ps_e_v3_3_3.v:3836]
WARNING: [Synth 8-7071] port 'PSS_ALTO_CORE_PAD_DRAMBA' of module 'PS8' is unconnected for instance 'PS8_i' [/tools/Xilinx/MPSoC4Drones/hdl/projects/u96v2_sbc_mp4d_2020_2/u96v2_sbc_mp4d.gen/sources_1/bd/u96v2_sbc_mp4d/ip/u96v2_sbc_mp4d_zynq_ultra_ps_e_0_0/hdl/zynq_ultra_ps_e_v3_3_3.v:3836]
WARNING: [Synth 8-7071] port 'PSS_ALTO_CORE_PAD_DRAMBG' of module 'PS8' is unconnected for instance 'PS8_i' [/tools/Xilinx/MPSoC4Drones/hdl/projects/u96v2_sbc_mp4d_2020_2/u96v2_sbc_mp4d.gen/sources_1/bd/u96v2_sbc_mp4d/ip/u96v2_sbc_mp4d_zynq_ultra_ps_e_0_0/hdl/zynq_ultra_ps_e_v3_3_3.v:3836]
WARNING: [Synth 8-7071] port 'PSS_ALTO_CORE_PAD_DRAMCK' of module 'PS8' is unconnected for instance 'PS8_i' [/tools/Xilinx/MPSoC4Drones/hdl/projects/u96v2_sbc_mp4d_2020_2/u96v2_sbc_mp4d.gen/sources_1/bd/u96v2_sbc_mp4d/ip/u96v2_sbc_mp4d_zynq_ultra_ps_e_0_0/hdl/zynq_ultra_ps_e_v3_3_3.v:3836]
WARNING: [Synth 8-7071] port 'PSS_ALTO_CORE_PAD_DRAMCKE' of module 'PS8' is unconnected for instance 'PS8_i' [/tools/Xilinx/MPSoC4Drones/hdl/projects/u96v2_sbc_mp4d_2020_2/u96v2_sbc_mp4d.gen/sources_1/bd/u96v2_sbc_mp4d/ip/u96v2_sbc_mp4d_zynq_ultra_ps_e_0_0/hdl/zynq_ultra_ps_e_v3_3_3.v:3836]
WARNING: [Synth 8-7071] port 'PSS_ALTO_CORE_PAD_DRAMCKN' of module 'PS8' is unconnected for instance 'PS8_i' [/tools/Xilinx/MPSoC4Drones/hdl/projects/u96v2_sbc_mp4d_2020_2/u96v2_sbc_mp4d.gen/sources_1/bd/u96v2_sbc_mp4d/ip/u96v2_sbc_mp4d_zynq_ultra_ps_e_0_0/hdl/zynq_ultra_ps_e_v3_3_3.v:3836]
WARNING: [Synth 8-7071] port 'PSS_ALTO_CORE_PAD_DRAMCSN' of module 'PS8' is unconnected for instance 'PS8_i' [/tools/Xilinx/MPSoC4Drones/hdl/projects/u96v2_sbc_mp4d_2020_2/u96v2_sbc_mp4d.gen/sources_1/bd/u96v2_sbc_mp4d/ip/u96v2_sbc_mp4d_zynq_ultra_ps_e_0_0/hdl/zynq_ultra_ps_e_v3_3_3.v:3836]
WARNING: [Synth 8-7071] port 'PSS_ALTO_CORE_PAD_DRAMDM' of module 'PS8' is unconnected for instance 'PS8_i' [/tools/Xilinx/MPSoC4Drones/hdl/projects/u96v2_sbc_mp4d_2020_2/u96v2_sbc_mp4d.gen/sources_1/bd/u96v2_sbc_mp4d/ip/u96v2_sbc_mp4d_zynq_ultra_ps_e_0_0/hdl/zynq_ultra_ps_e_v3_3_3.v:3836]
WARNING: [Synth 8-7071] port 'PSS_ALTO_CORE_PAD_DRAMDQ' of module 'PS8' is unconnected for instance 'PS8_i' [/tools/Xilinx/MPSoC4Drones/hdl/projects/u96v2_sbc_mp4d_2020_2/u96v2_sbc_mp4d.gen/sources_1/bd/u96v2_sbc_mp4d/ip/u96v2_sbc_mp4d_zynq_ultra_ps_e_0_0/hdl/zynq_ultra_ps_e_v3_3_3.v:3836]
WARNING: [Synth 8-7071] port 'PSS_ALTO_CORE_PAD_DRAMDQS' of module 'PS8' is unconnected for instance 'PS8_i' [/tools/Xilinx/MPSoC4Drones/hdl/projects/u96v2_sbc_mp4d_2020_2/u96v2_sbc_mp4d.gen/sources_1/bd/u96v2_sbc_mp4d/ip/u96v2_sbc_mp4d_zynq_ultra_ps_e_0_0/hdl/zynq_ultra_ps_e_v3_3_3.v:3836]
WARNING: [Synth 8-7071] port 'PSS_ALTO_CORE_PAD_DRAMDQSN' of module 'PS8' is unconnected for instance 'PS8_i' [/tools/Xilinx/MPSoC4Drones/hdl/projects/u96v2_sbc_mp4d_2020_2/u96v2_sbc_mp4d.gen/sources_1/bd/u96v2_sbc_mp4d/ip/u96v2_sbc_mp4d_zynq_ultra_ps_e_0_0/hdl/zynq_ultra_ps_e_v3_3_3.v:3836]
WARNING: [Synth 8-7071] port 'PSS_ALTO_CORE_PAD_DRAMODT' of module 'PS8' is unconnected for instance 'PS8_i' [/tools/Xilinx/MPSoC4Drones/hdl/projects/u96v2_sbc_mp4d_2020_2/u96v2_sbc_mp4d.gen/sources_1/bd/u96v2_sbc_mp4d/ip/u96v2_sbc_mp4d_zynq_ultra_ps_e_0_0/hdl/zynq_ultra_ps_e_v3_3_3.v:3836]
WARNING: [Synth 8-7071] port 'PSS_ALTO_CORE_PAD_DRAMPARITY' of module 'PS8' is unconnected for instance 'PS8_i' [/tools/Xilinx/MPSoC4Drones/hdl/projects/u96v2_sbc_mp4d_2020_2/u96v2_sbc_mp4d.gen/sources_1/bd/u96v2_sbc_mp4d/ip/u96v2_sbc_mp4d_zynq_ultra_ps_e_0_0/hdl/zynq_ultra_ps_e_v3_3_3.v:3836]
WARNING: [Synth 8-7071] port 'PSS_ALTO_CORE_PAD_DRAMRAMRSTN' of module 'PS8' is unconnected for instance 'PS8_i' [/tools/Xilinx/MPSoC4Drones/hdl/projects/u96v2_sbc_mp4d_2020_2/u96v2_sbc_mp4d.gen/sources_1/bd/u96v2_sbc_mp4d/ip/u96v2_sbc_mp4d_zynq_ultra_ps_e_0_0/hdl/zynq_ultra_ps_e_v3_3_3.v:3836]
WARNING: [Synth 8-7071] port 'PSS_ALTO_CORE_PAD_ERROROUT' of module 'PS8' is unconnected for instance 'PS8_i' [/tools/Xilinx/MPSoC4Drones/hdl/projects/u96v2_sbc_mp4d_2020_2/u96v2_sbc_mp4d.gen/sources_1/bd/u96v2_sbc_mp4d/ip/u96v2_sbc_mp4d_zynq_ultra_ps_e_0_0/hdl/zynq_ultra_ps_e_v3_3_3.v:3836]
WARNING: [Synth 8-7071] port 'PSS_ALTO_CORE_PAD_ERRORSTATUS' of module 'PS8' is unconnected for instance 'PS8_i' [/tools/Xilinx/MPSoC4Drones/hdl/projects/u96v2_sbc_mp4d_2020_2/u96v2_sbc_mp4d.gen/sources_1/bd/u96v2_sbc_mp4d/ip/u96v2_sbc_mp4d_zynq_ultra_ps_e_0_0/hdl/zynq_ultra_ps_e_v3_3_3.v:3836]
WARNING: [Synth 8-7071] port 'PSS_ALTO_CORE_PAD_INITB' of module 'PS8' is unconnected for instance 'PS8_i' [/tools/Xilinx/MPSoC4Drones/hdl/projects/u96v2_sbc_mp4d_2020_2/u96v2_sbc_mp4d.gen/sources_1/bd/u96v2_sbc_mp4d/ip/u96v2_sbc_mp4d_zynq_ultra_ps_e_0_0/hdl/zynq_ultra_ps_e_v3_3_3.v:3836]
WARNING: [Synth 8-7071] port 'PSS_ALTO_CORE_PAD_JTAGTCK' of module 'PS8' is unconnected for instance 'PS8_i' [/tools/Xilinx/MPSoC4Drones/hdl/projects/u96v2_sbc_mp4d_2020_2/u96v2_sbc_mp4d.gen/sources_1/bd/u96v2_sbc_mp4d/ip/u96v2_sbc_mp4d_zynq_ultra_ps_e_0_0/hdl/zynq_ultra_ps_e_v3_3_3.v:3836]
WARNING: [Synth 8-7071] port 'PSS_ALTO_CORE_PAD_JTAGTDI' of module 'PS8' is unconnected for instance 'PS8_i' [/tools/Xilinx/MPSoC4Drones/hdl/projects/u96v2_sbc_mp4d_2020_2/u96v2_sbc_mp4d.gen/sources_1/bd/u96v2_sbc_mp4d/ip/u96v2_sbc_mp4d_zynq_ultra_ps_e_0_0/hdl/zynq_ultra_ps_e_v3_3_3.v:3836]
WARNING: [Synth 8-7071] port 'PSS_ALTO_CORE_PAD_JTAGTDO' of module 'PS8' is unconnected for instance 'PS8_i' [/tools/Xilinx/MPSoC4Drones/hdl/projects/u96v2_sbc_mp4d_2020_2/u96v2_sbc_mp4d.gen/sources_1/bd/u96v2_sbc_mp4d/ip/u96v2_sbc_mp4d_zynq_ultra_ps_e_0_0/hdl/zynq_ultra_ps_e_v3_3_3.v:3836]
WARNING: [Synth 8-7071] port 'PSS_ALTO_CORE_PAD_JTAGTMS' of module 'PS8' is unconnected for instance 'PS8_i' [/tools/Xilinx/MPSoC4Drones/hdl/projects/u96v2_sbc_mp4d_2020_2/u96v2_sbc_mp4d.gen/sources_1/bd/u96v2_sbc_mp4d/ip/u96v2_sbc_mp4d_zynq_ultra_ps_e_0_0/hdl/zynq_ultra_ps_e_v3_3_3.v:3836]
WARNING: [Synth 8-7071] port 'PSS_ALTO_CORE_PAD_MIO' of module 'PS8' is unconnected for instance 'PS8_i' [/tools/Xilinx/MPSoC4Drones/hdl/projects/u96v2_sbc_mp4d_2020_2/u96v2_sbc_mp4d.gen/sources_1/bd/u96v2_sbc_mp4d/ip/u96v2_sbc_mp4d_zynq_ultra_ps_e_0_0/hdl/zynq_ultra_ps_e_v3_3_3.v:3836]
WARNING: [Synth 8-7071] port 'PSS_ALTO_CORE_PAD_PORB' of module 'PS8' is unconnected for instance 'PS8_i' [/tools/Xilinx/MPSoC4Drones/hdl/projects/u96v2_sbc_mp4d_2020_2/u96v2_sbc_mp4d.gen/sources_1/bd/u96v2_sbc_mp4d/ip/u96v2_sbc_mp4d_zynq_ultra_ps_e_0_0/hdl/zynq_ultra_ps_e_v3_3_3.v:3836]
WARNING: [Synth 8-7071] port 'PSS_ALTO_CORE_PAD_PROGB' of module 'PS8' is unconnected for instance 'PS8_i' [/tools/Xilinx/MPSoC4Drones/hdl/projects/u96v2_sbc_mp4d_2020_2/u96v2_sbc_mp4d.gen/sources_1/bd/u96v2_sbc_mp4d/ip/u96v2_sbc_mp4d_zynq_ultra_ps_e_0_0/hdl/zynq_ultra_ps_e_v3_3_3.v:3836]
WARNING: [Synth 8-7071] port 'PSS_ALTO_CORE_PAD_RCALIBINOUT' of module 'PS8' is unconnected for instance 'PS8_i' [/tools/Xilinx/MPSoC4Drones/hdl/projects/u96v2_sbc_mp4d_2020_2/u96v2_sbc_mp4d.gen/sources_1/bd/u96v2_sbc_mp4d/ip/u96v2_sbc_mp4d_zynq_ultra_ps_e_0_0/hdl/zynq_ultra_ps_e_v3_3_3.v:3836]
WARNING: [Synth 8-7071] port 'PSS_ALTO_CORE_PAD_SRSTB' of module 'PS8' is unconnected for instance 'PS8_i' [/tools/Xilinx/MPSoC4Drones/hdl/projects/u96v2_sbc_mp4d_2020_2/u96v2_sbc_mp4d.gen/sources_1/bd/u96v2_sbc_mp4d/ip/u96v2_sbc_mp4d_zynq_ultra_ps_e_0_0/hdl/zynq_ultra_ps_e_v3_3_3.v:3836]
WARNING: [Synth 8-7071] port 'PSS_ALTO_CORE_PAD_ZQ' of module 'PS8' is unconnected for instance 'PS8_i' [/tools/Xilinx/MPSoC4Drones/hdl/projects/u96v2_sbc_mp4d_2020_2/u96v2_sbc_mp4d.gen/sources_1/bd/u96v2_sbc_mp4d/ip/u96v2_sbc_mp4d_zynq_ultra_ps_e_0_0/hdl/zynq_ultra_ps_e_v3_3_3.v:3836]
WARNING: [Synth 8-7071] port 'PSS_ALTO_CORE_PAD_MGTRXN0IN' of module 'PS8' is unconnected for instance 'PS8_i' [/tools/Xilinx/MPSoC4Drones/hdl/projects/u96v2_sbc_mp4d_2020_2/u96v2_sbc_mp4d.gen/sources_1/bd/u96v2_sbc_mp4d/ip/u96v2_sbc_mp4d_zynq_ultra_ps_e_0_0/hdl/zynq_ultra_ps_e_v3_3_3.v:3836]
WARNING: [Synth 8-7071] port 'PSS_ALTO_CORE_PAD_MGTRXN1IN' of module 'PS8' is unconnected for instance 'PS8_i' [/tools/Xilinx/MPSoC4Drones/hdl/projects/u96v2_sbc_mp4d_2020_2/u96v2_sbc_mp4d.gen/sources_1/bd/u96v2_sbc_mp4d/ip/u96v2_sbc_mp4d_zynq_ultra_ps_e_0_0/hdl/zynq_ultra_ps_e_v3_3_3.v:3836]
WARNING: [Synth 8-7071] port 'PSS_ALTO_CORE_PAD_MGTRXN2IN' of module 'PS8' is unconnected for instance 'PS8_i' [/tools/Xilinx/MPSoC4Drones/hdl/projects/u96v2_sbc_mp4d_2020_2/u96v2_sbc_mp4d.gen/sources_1/bd/u96v2_sbc_mp4d/ip/u96v2_sbc_mp4d_zynq_ultra_ps_e_0_0/hdl/zynq_ultra_ps_e_v3_3_3.v:3836]
WARNING: [Synth 8-7071] port 'PSS_ALTO_CORE_PAD_MGTRXN3IN' of module 'PS8' is unconnected for instance 'PS8_i' [/tools/Xilinx/MPSoC4Drones/hdl/projects/u96v2_sbc_mp4d_2020_2/u96v2_sbc_mp4d.gen/sources_1/bd/u96v2_sbc_mp4d/ip/u96v2_sbc_mp4d_zynq_ultra_ps_e_0_0/hdl/zynq_ultra_ps_e_v3_3_3.v:3836]
WARNING: [Synth 8-7071] port 'PSS_ALTO_CORE_PAD_MGTRXP0IN' of module 'PS8' is unconnected for instance 'PS8_i' [/tools/Xilinx/MPSoC4Drones/hdl/projects/u96v2_sbc_mp4d_2020_2/u96v2_sbc_mp4d.gen/sources_1/bd/u96v2_sbc_mp4d/ip/u96v2_sbc_mp4d_zynq_ultra_ps_e_0_0/hdl/zynq_ultra_ps_e_v3_3_3.v:3836]
WARNING: [Synth 8-7071] port 'PSS_ALTO_CORE_PAD_MGTRXP1IN' of module 'PS8' is unconnected for instance 'PS8_i' [/tools/Xilinx/MPSoC4Drones/hdl/projects/u96v2_sbc_mp4d_2020_2/u96v2_sbc_mp4d.gen/sources_1/bd/u96v2_sbc_mp4d/ip/u96v2_sbc_mp4d_zynq_ultra_ps_e_0_0/hdl/zynq_ultra_ps_e_v3_3_3.v:3836]
WARNING: [Synth 8-7071] port 'PSS_ALTO_CORE_PAD_MGTRXP2IN' of module 'PS8' is unconnected for instance 'PS8_i' [/tools/Xilinx/MPSoC4Drones/hdl/projects/u96v2_sbc_mp4d_2020_2/u96v2_sbc_mp4d.gen/sources_1/bd/u96v2_sbc_mp4d/ip/u96v2_sbc_mp4d_zynq_ultra_ps_e_0_0/hdl/zynq_ultra_ps_e_v3_3_3.v:3836]
WARNING: [Synth 8-7071] port 'PSS_ALTO_CORE_PAD_MGTRXP3IN' of module 'PS8' is unconnected for instance 'PS8_i' [/tools/Xilinx/MPSoC4Drones/hdl/projects/u96v2_sbc_mp4d_2020_2/u96v2_sbc_mp4d.gen/sources_1/bd/u96v2_sbc_mp4d/ip/u96v2_sbc_mp4d_zynq_ultra_ps_e_0_0/hdl/zynq_ultra_ps_e_v3_3_3.v:3836]
WARNING: [Synth 8-7071] port 'PSS_ALTO_CORE_PAD_PADI' of module 'PS8' is unconnected for instance 'PS8_i' [/tools/Xilinx/MPSoC4Drones/hdl/projects/u96v2_sbc_mp4d_2020_2/u96v2_sbc_mp4d.gen/sources_1/bd/u96v2_sbc_mp4d/ip/u96v2_sbc_mp4d_zynq_ultra_ps_e_0_0/hdl/zynq_ultra_ps_e_v3_3_3.v:3836]
WARNING: [Synth 8-7071] port 'PSS_ALTO_CORE_PAD_REFN0IN' of module 'PS8' is unconnected for instance 'PS8_i' [/tools/Xilinx/MPSoC4Drones/hdl/projects/u96v2_sbc_mp4d_2020_2/u96v2_sbc_mp4d.gen/sources_1/bd/u96v2_sbc_mp4d/ip/u96v2_sbc_mp4d_zynq_ultra_ps_e_0_0/hdl/zynq_ultra_ps_e_v3_3_3.v:3836]
WARNING: [Synth 8-7071] port 'PSS_ALTO_CORE_PAD_REFN1IN' of module 'PS8' is unconnected for instance 'PS8_i' [/tools/Xilinx/MPSoC4Drones/hdl/projects/u96v2_sbc_mp4d_2020_2/u96v2_sbc_mp4d.gen/sources_1/bd/u96v2_sbc_mp4d/ip/u96v2_sbc_mp4d_zynq_ultra_ps_e_0_0/hdl/zynq_ultra_ps_e_v3_3_3.v:3836]
WARNING: [Synth 8-7071] port 'PSS_ALTO_CORE_PAD_REFN2IN' of module 'PS8' is unconnected for instance 'PS8_i' [/tools/Xilinx/MPSoC4Drones/hdl/projects/u96v2_sbc_mp4d_2020_2/u96v2_sbc_mp4d.gen/sources_1/bd/u96v2_sbc_mp4d/ip/u96v2_sbc_mp4d_zynq_ultra_ps_e_0_0/hdl/zynq_ultra_ps_e_v3_3_3.v:3836]
WARNING: [Synth 8-7071] port 'PSS_ALTO_CORE_PAD_REFN3IN' of module 'PS8' is unconnected for instance 'PS8_i' [/tools/Xilinx/MPSoC4Drones/hdl/projects/u96v2_sbc_mp4d_2020_2/u96v2_sbc_mp4d.gen/sources_1/bd/u96v2_sbc_mp4d/ip/u96v2_sbc_mp4d_zynq_ultra_ps_e_0_0/hdl/zynq_ultra_ps_e_v3_3_3.v:3836]
WARNING: [Synth 8-7071] port 'PSS_ALTO_CORE_PAD_REFP0IN' of module 'PS8' is unconnected for instance 'PS8_i' [/tools/Xilinx/MPSoC4Drones/hdl/projects/u96v2_sbc_mp4d_2020_2/u96v2_sbc_mp4d.gen/sources_1/bd/u96v2_sbc_mp4d/ip/u96v2_sbc_mp4d_zynq_ultra_ps_e_0_0/hdl/zynq_ultra_ps_e_v3_3_3.v:3836]
WARNING: [Synth 8-7071] port 'PSS_ALTO_CORE_PAD_REFP1IN' of module 'PS8' is unconnected for instance 'PS8_i' [/tools/Xilinx/MPSoC4Drones/hdl/projects/u96v2_sbc_mp4d_2020_2/u96v2_sbc_mp4d.gen/sources_1/bd/u96v2_sbc_mp4d/ip/u96v2_sbc_mp4d_zynq_ultra_ps_e_0_0/hdl/zynq_ultra_ps_e_v3_3_3.v:3836]
WARNING: [Synth 8-7071] port 'PSS_ALTO_CORE_PAD_REFP2IN' of module 'PS8' is unconnected for instance 'PS8_i' [/tools/Xilinx/MPSoC4Drones/hdl/projects/u96v2_sbc_mp4d_2020_2/u96v2_sbc_mp4d.gen/sources_1/bd/u96v2_sbc_mp4d/ip/u96v2_sbc_mp4d_zynq_ultra_ps_e_0_0/hdl/zynq_ultra_ps_e_v3_3_3.v:3836]
WARNING: [Synth 8-7071] port 'PSS_ALTO_CORE_PAD_REFP3IN' of module 'PS8' is unconnected for instance 'PS8_i' [/tools/Xilinx/MPSoC4Drones/hdl/projects/u96v2_sbc_mp4d_2020_2/u96v2_sbc_mp4d.gen/sources_1/bd/u96v2_sbc_mp4d/ip/u96v2_sbc_mp4d_zynq_ultra_ps_e_0_0/hdl/zynq_ultra_ps_e_v3_3_3.v:3836]
WARNING: [Synth 8-7023] instance 'PS8_i' of module 'PS8' has 1015 connections declared, but only 957 given [/tools/Xilinx/MPSoC4Drones/hdl/projects/u96v2_sbc_mp4d_2020_2/u96v2_sbc_mp4d.gen/sources_1/bd/u96v2_sbc_mp4d/ip/u96v2_sbc_mp4d_zynq_ultra_ps_e_0_0/hdl/zynq_ultra_ps_e_v3_3_3.v:3836]
INFO: [Synth 8-6155] done synthesizing module 'zynq_ultra_ps_e_v3_3_3_zynq_ultra_ps_e' (3#1) [/tools/Xilinx/MPSoC4Drones/hdl/projects/u96v2_sbc_mp4d_2020_2/u96v2_sbc_mp4d.gen/sources_1/bd/u96v2_sbc_mp4d/ip/u96v2_sbc_mp4d_zynq_ultra_ps_e_0_0/hdl/zynq_ultra_ps_e_v3_3_3.v:282]
INFO: [Synth 8-256] done synthesizing module 'u96v2_sbc_mp4d_zynq_ultra_ps_e_0_0' (4#1) [/tools/Xilinx/MPSoC4Drones/hdl/projects/u96v2_sbc_mp4d_2020_2/u96v2_sbc_mp4d.gen/sources_1/bd/u96v2_sbc_mp4d/ip/u96v2_sbc_mp4d_zynq_ultra_ps_e_0_0/synth/u96v2_sbc_mp4d_zynq_ultra_ps_e_0_0.vhd:104]
---------------------------------------------------------------------------------
Finished RTL Elaboration : Time (s): cpu = 00:00:06 ; elapsed = 00:00:14 . Memory (MB): peak = 2775.332 ; gain = 87.812 ; free physical = 2917 ; free virtual = 14066
---------------------------------------------------------------------------------
---------------------------------------------------------------------------------
Start Handling Custom Attributes
---------------------------------------------------------------------------------
---------------------------------------------------------------------------------
Finished Handling Custom Attributes : Time (s): cpu = 00:00:06 ; elapsed = 00:00:14 . Memory (MB): peak = 2790.176 ; gain = 102.656 ; free physical = 2953 ; free virtual = 14103
---------------------------------------------------------------------------------
---------------------------------------------------------------------------------
Finished RTL Optimization Phase 1 : Time (s): cpu = 00:00:06 ; elapsed = 00:00:14 . Memory (MB): peak = 2790.176 ; gain = 102.656 ; free physical = 2953 ; free virtual = 14103
---------------------------------------------------------------------------------
Netlist sorting complete. Time (s): cpu = 00:00:00.02 ; elapsed = 00:00:00.02 . Memory (MB): peak = 2800.082 ; gain = 0.000 ; free physical = 2861 ; free virtual = 14068
INFO: [Project 1-570] Preparing netlist for logic optimization

Processing XDC Constraints
Initializing timing engine
Parsing XDC File [/tools/Xilinx/MPSoC4Drones/hdl/projects/u96v2_sbc_mp4d_2020_2/u96v2_sbc_mp4d.gen/sources_1/bd/u96v2_sbc_mp4d/ip/u96v2_sbc_mp4d_zynq_ultra_ps_e_0_0/u96v2_sbc_mp4d_zynq_ultra_ps_e_0_0_ooc.xdc] for cell 'U0'
Finished Parsing XDC File [/tools/Xilinx/MPSoC4Drones/hdl/projects/u96v2_sbc_mp4d_2020_2/u96v2_sbc_mp4d.gen/sources_1/bd/u96v2_sbc_mp4d/ip/u96v2_sbc_mp4d_zynq_ultra_ps_e_0_0/u96v2_sbc_mp4d_zynq_ultra_ps_e_0_0_ooc.xdc] for cell 'U0'
Parsing XDC File [/tools/Xilinx/MPSoC4Drones/hdl/projects/u96v2_sbc_mp4d_2020_2/u96v2_sbc_mp4d.gen/sources_1/bd/u96v2_sbc_mp4d/ip/u96v2_sbc_mp4d_zynq_ultra_ps_e_0_0/u96v2_sbc_mp4d_zynq_ultra_ps_e_0_0.xdc] for cell 'U0'
Finished Parsing XDC File [/tools/Xilinx/MPSoC4Drones/hdl/projects/u96v2_sbc_mp4d_2020_2/u96v2_sbc_mp4d.gen/sources_1/bd/u96v2_sbc_mp4d/ip/u96v2_sbc_mp4d_zynq_ultra_ps_e_0_0/u96v2_sbc_mp4d_zynq_ultra_ps_e_0_0.xdc] for cell 'U0'
Parsing XDC File [/tools/Xilinx/MPSoC4Drones/hdl/projects/u96v2_sbc_mp4d_2020_2/u96v2_sbc_mp4d.runs/u96v2_sbc_mp4d_zynq_ultra_ps_e_0_0_synth_1/dont_touch.xdc]
Finished Parsing XDC File [/tools/Xilinx/MPSoC4Drones/hdl/projects/u96v2_sbc_mp4d_2020_2/u96v2_sbc_mp4d.runs/u96v2_sbc_mp4d_zynq_ultra_ps_e_0_0_synth_1/dont_touch.xdc]
Completed Processing XDC Constraints

Netlist sorting complete. Time (s): cpu = 00:00:00 ; elapsed = 00:00:00 . Memory (MB): peak = 2883.926 ; gain = 0.000 ; free physical = 2456 ; free virtual = 13777
INFO: [Project 1-111] Unisim Transformation Summary:
No Unisim elements were transformed.

Constraint Validation Runtime : Time (s): cpu = 00:00:00.03 ; elapsed = 00:00:00.08 . Memory (MB): peak = 2883.926 ; gain = 0.000 ; free physical = 2436 ; free virtual = 13775
---------------------------------------------------------------------------------
Finished Constraint Validation : Time (s): cpu = 00:00:14 ; elapsed = 00:00:28 . Memory (MB): peak = 2883.926 ; gain = 196.406 ; free physical = 2254 ; free virtual = 13620
---------------------------------------------------------------------------------
---------------------------------------------------------------------------------
Start Loading Part and Timing Information
---------------------------------------------------------------------------------
Loading part: xczu3eg-sbva484-1-i
INFO: [Synth 8-6742] Reading net delay rules and data
---------------------------------------------------------------------------------
Finished Loading Part and Timing Information : Time (s): cpu = 00:00:14 ; elapsed = 00:00:28 . Memory (MB): peak = 2883.926 ; gain = 196.406 ; free physical = 2252 ; free virtual = 13619
---------------------------------------------------------------------------------
---------------------------------------------------------------------------------
Start Applying 'set_property' XDC Constraints
---------------------------------------------------------------------------------
Applied set_property DONT_TOUCH = true for U0/PS8_i. (constraint file  /tools/Xilinx/MPSoC4Drones/hdl/projects/u96v2_sbc_mp4d_2020_2/u96v2_sbc_mp4d.gen/sources_1/bd/u96v2_sbc_mp4d/ip/u96v2_sbc_mp4d_zynq_ultra_ps_e_0_0/u96v2_sbc_mp4d_zynq_ultra_ps_e_0_0.xdc, line 25).
Applied set_property KEEP_HIERARCHY = SOFT for U0. (constraint file  /tools/Xilinx/MPSoC4Drones/hdl/projects/u96v2_sbc_mp4d_2020_2/u96v2_sbc_mp4d.runs/u96v2_sbc_mp4d_zynq_ultra_ps_e_0_0_synth_1/dont_touch.xdc, line 9).
---------------------------------------------------------------------------------
Finished applying 'set_property' XDC Constraints : Time (s): cpu = 00:00:14 ; elapsed = 00:00:28 . Memory (MB): peak = 2883.926 ; gain = 196.406 ; free physical = 2252 ; free virtual = 13618
---------------------------------------------------------------------------------
---------------------------------------------------------------------------------
Finished RTL Optimization Phase 2 : Time (s): cpu = 00:00:15 ; elapsed = 00:00:28 . Memory (MB): peak = 2883.926 ; gain = 196.406 ; free physical = 2279 ; free virtual = 13649
---------------------------------------------------------------------------------
---------------------------------------------------------------------------------
Start RTL Component Statistics 
---------------------------------------------------------------------------------
Detailed RTL Component Info : 
+---Registers : 
	                1 Bit    Registers := 1     
---------------------------------------------------------------------------------
Finished RTL Component Statistics 
---------------------------------------------------------------------------------
---------------------------------------------------------------------------------
Start Part Resource Summary
---------------------------------------------------------------------------------
Part Resources:
DSPs: 360 (col length:72)
BRAMs: 432 (col length: RAMB18 72 RAMB36 36)
---------------------------------------------------------------------------------
Finished Part Resource Summary
---------------------------------------------------------------------------------
---------------------------------------------------------------------------------
Start Cross Boundary and Area Optimization
---------------------------------------------------------------------------------
---------------------------------------------------------------------------------
Finished Cross Boundary and Area Optimization : Time (s): cpu = 00:00:15 ; elapsed = 00:00:29 . Memory (MB): peak = 2883.926 ; gain = 196.406 ; free physical = 2243 ; free virtual = 13622
---------------------------------------------------------------------------------
---------------------------------------------------------------------------------
Start Applying XDC Timing Constraints
---------------------------------------------------------------------------------
---------------------------------------------------------------------------------
Finished Applying XDC Timing Constraints : Time (s): cpu = 00:00:28 ; elapsed = 00:01:05 . Memory (MB): peak = 4423.395 ; gain = 1735.875 ; free physical = 146 ; free virtual = 11370
---------------------------------------------------------------------------------
---------------------------------------------------------------------------------
Start Timing Optimization
---------------------------------------------------------------------------------
---------------------------------------------------------------------------------
Finished Timing Optimization : Time (s): cpu = 00:00:28 ; elapsed = 00:01:05 . Memory (MB): peak = 4448.402 ; gain = 1760.883 ; free physical = 129 ; free virtual = 11346
---------------------------------------------------------------------------------
---------------------------------------------------------------------------------
Start Technology Mapping
---------------------------------------------------------------------------------
---------------------------------------------------------------------------------
Finished Technology Mapping : Time (s): cpu = 00:00:28 ; elapsed = 00:01:05 . Memory (MB): peak = 4464.418 ; gain = 1776.898 ; free physical = 120 ; free virtual = 11333
---------------------------------------------------------------------------------
---------------------------------------------------------------------------------
Start IO Insertion
---------------------------------------------------------------------------------
---------------------------------------------------------------------------------
Start Flattening Before IO Insertion
---------------------------------------------------------------------------------
---------------------------------------------------------------------------------
Finished Flattening Before IO Insertion
---------------------------------------------------------------------------------
---------------------------------------------------------------------------------
Start Final Netlist Cleanup
---------------------------------------------------------------------------------
---------------------------------------------------------------------------------
Finished Final Netlist Cleanup
---------------------------------------------------------------------------------
INFO: [Synth 8-3295] tying undriven pin trace_ctl_pipe[0]_inferred:in0 to constant 0
INFO: [Synth 8-3295] tying undriven pin trace_data_pipe[0]_inferred:in0[31] to constant 0
INFO: [Synth 8-3295] tying undriven pin trace_data_pipe[0]_inferred:in0[30] to constant 0
INFO: [Synth 8-3295] tying undriven pin trace_data_pipe[0]_inferred:in0[29] to constant 0
INFO: [Synth 8-3295] tying undriven pin trace_data_pipe[0]_inferred:in0[28] to constant 0
INFO: [Synth 8-3295] tying undriven pin trace_data_pipe[0]_inferred:in0[27] to constant 0
INFO: [Synth 8-3295] tying undriven pin trace_data_pipe[0]_inferred:in0[26] to constant 0
INFO: [Synth 8-3295] tying undriven pin trace_data_pipe[0]_inferred:in0[25] to constant 0
INFO: [Synth 8-3295] tying undriven pin trace_data_pipe[0]_inferred:in0[24] to constant 0
INFO: [Synth 8-3295] tying undriven pin trace_data_pipe[0]_inferred:in0[23] to constant 0
INFO: [Synth 8-3295] tying undriven pin trace_data_pipe[0]_inferred:in0[22] to constant 0
INFO: [Synth 8-3295] tying undriven pin trace_data_pipe[0]_inferred:in0[21] to constant 0
INFO: [Synth 8-3295] tying undriven pin trace_data_pipe[0]_inferred:in0[20] to constant 0
INFO: [Synth 8-3295] tying undriven pin trace_data_pipe[0]_inferred:in0[19] to constant 0
INFO: [Synth 8-3295] tying undriven pin trace_data_pipe[0]_inferred:in0[18] to constant 0
INFO: [Synth 8-3295] tying undriven pin trace_data_pipe[0]_inferred:in0[17] to constant 0
INFO: [Synth 8-3295] tying undriven pin trace_data_pipe[0]_inferred:in0[16] to constant 0
INFO: [Synth 8-3295] tying undriven pin trace_data_pipe[0]_inferred:in0[15] to constant 0
INFO: [Synth 8-3295] tying undriven pin trace_data_pipe[0]_inferred:in0[14] to constant 0
INFO: [Synth 8-3295] tying undriven pin trace_data_pipe[0]_inferred:in0[13] to constant 0
INFO: [Synth 8-3295] tying undriven pin trace_data_pipe[0]_inferred:in0[12] to constant 0
INFO: [Synth 8-3295] tying undriven pin trace_data_pipe[0]_inferred:in0[11] to constant 0
INFO: [Synth 8-3295] tying undriven pin trace_data_pipe[0]_inferred:in0[10] to constant 0
INFO: [Synth 8-3295] tying undriven pin trace_data_pipe[0]_inferred:in0[9] to constant 0
INFO: [Synth 8-3295] tying undriven pin trace_data_pipe[0]_inferred:in0[8] to constant 0
INFO: [Synth 8-3295] tying undriven pin trace_data_pipe[0]_inferred:in0[7] to constant 0
INFO: [Synth 8-3295] tying undriven pin trace_data_pipe[0]_inferred:in0[6] to constant 0
INFO: [Synth 8-3295] tying undriven pin trace_data_pipe[0]_inferred:in0[5] to constant 0
INFO: [Synth 8-3295] tying undriven pin trace_data_pipe[0]_inferred:in0[4] to constant 0
INFO: [Synth 8-3295] tying undriven pin trace_data_pipe[0]_inferred:in0[3] to constant 0
INFO: [Synth 8-3295] tying undriven pin trace_data_pipe[0]_inferred:in0[2] to constant 0
INFO: [Synth 8-3295] tying undriven pin trace_data_pipe[0]_inferred:in0[1] to constant 0
INFO: [Synth 8-3295] tying undriven pin trace_data_pipe[0]_inferred:in0[0] to constant 0
INFO: [Synth 8-3295] tying undriven pin trace_ctl_pipe[7]_inferred:in0 to constant 0
INFO: [Synth 8-3295] tying undriven pin trace_ctl_pipe[6]_inferred:in0 to constant 0
INFO: [Synth 8-3295] tying undriven pin trace_ctl_pipe[5]_inferred:in0 to constant 0
INFO: [Synth 8-3295] tying undriven pin trace_ctl_pipe[4]_inferred:in0 to constant 0
INFO: [Synth 8-3295] tying undriven pin trace_ctl_pipe[3]_inferred:in0 to constant 0
INFO: [Synth 8-3295] tying undriven pin trace_ctl_pipe[2]_inferred:in0 to constant 0
INFO: [Synth 8-3295] tying undriven pin trace_ctl_pipe[1]_inferred:in0 to constant 0
INFO: [Synth 8-3295] tying undriven pin trace_data_pipe[7]_inferred:in0[31] to constant 0
INFO: [Synth 8-3295] tying undriven pin trace_data_pipe[7]_inferred:in0[30] to constant 0
INFO: [Synth 8-3295] tying undriven pin trace_data_pipe[7]_inferred:in0[29] to constant 0
INFO: [Synth 8-3295] tying undriven pin trace_data_pipe[7]_inferred:in0[28] to constant 0
INFO: [Synth 8-3295] tying undriven pin trace_data_pipe[7]_inferred:in0[27] to constant 0
INFO: [Synth 8-3295] tying undriven pin trace_data_pipe[7]_inferred:in0[26] to constant 0
INFO: [Synth 8-3295] tying undriven pin trace_data_pipe[7]_inferred:in0[25] to constant 0
INFO: [Synth 8-3295] tying undriven pin trace_data_pipe[7]_inferred:in0[24] to constant 0
INFO: [Synth 8-3295] tying undriven pin trace_data_pipe[7]_inferred:in0[23] to constant 0
INFO: [Synth 8-3295] tying undriven pin trace_data_pipe[7]_inferred:in0[22] to constant 0
INFO: [Synth 8-3295] tying undriven pin trace_data_pipe[7]_inferred:in0[21] to constant 0
INFO: [Synth 8-3295] tying undriven pin trace_data_pipe[7]_inferred:in0[20] to constant 0
INFO: [Synth 8-3295] tying undriven pin trace_data_pipe[7]_inferred:in0[19] to constant 0
INFO: [Synth 8-3295] tying undriven pin trace_data_pipe[7]_inferred:in0[18] to constant 0
INFO: [Synth 8-3295] tying undriven pin trace_data_pipe[7]_inferred:in0[17] to constant 0
INFO: [Synth 8-3295] tying undriven pin trace_data_pipe[7]_inferred:in0[16] to constant 0
INFO: [Synth 8-3295] tying undriven pin trace_data_pipe[7]_inferred:in0[15] to constant 0
INFO: [Synth 8-3295] tying undriven pin trace_data_pipe[7]_inferred:in0[14] to constant 0
INFO: [Synth 8-3295] tying undriven pin trace_data_pipe[7]_inferred:in0[13] to constant 0
INFO: [Synth 8-3295] tying undriven pin trace_data_pipe[7]_inferred:in0[12] to constant 0
INFO: [Synth 8-3295] tying undriven pin trace_data_pipe[7]_inferred:in0[11] to constant 0
INFO: [Synth 8-3295] tying undriven pin trace_data_pipe[7]_inferred:in0[10] to constant 0
INFO: [Synth 8-3295] tying undriven pin trace_data_pipe[7]_inferred:in0[9] to constant 0
INFO: [Synth 8-3295] tying undriven pin trace_data_pipe[7]_inferred:in0[8] to constant 0
INFO: [Synth 8-3295] tying undriven pin trace_data_pipe[7]_inferred:in0[7] to constant 0
INFO: [Synth 8-3295] tying undriven pin trace_data_pipe[7]_inferred:in0[6] to constant 0
INFO: [Synth 8-3295] tying undriven pin trace_data_pipe[7]_inferred:in0[5] to constant 0
INFO: [Synth 8-3295] tying undriven pin trace_data_pipe[7]_inferred:in0[4] to constant 0
INFO: [Synth 8-3295] tying undriven pin trace_data_pipe[7]_inferred:in0[3] to constant 0
INFO: [Synth 8-3295] tying undriven pin trace_data_pipe[7]_inferred:in0[2] to constant 0
INFO: [Synth 8-3295] tying undriven pin trace_data_pipe[7]_inferred:in0[1] to constant 0
INFO: [Synth 8-3295] tying undriven pin trace_data_pipe[7]_inferred:in0[0] to constant 0
INFO: [Synth 8-3295] tying undriven pin trace_data_pipe[6]_inferred:in0[31] to constant 0
INFO: [Synth 8-3295] tying undriven pin trace_data_pipe[6]_inferred:in0[30] to constant 0
INFO: [Synth 8-3295] tying undriven pin trace_data_pipe[6]_inferred:in0[29] to constant 0
INFO: [Synth 8-3295] tying undriven pin trace_data_pipe[6]_inferred:in0[28] to constant 0
INFO: [Synth 8-3295] tying undriven pin trace_data_pipe[6]_inferred:in0[27] to constant 0
INFO: [Synth 8-3295] tying undriven pin trace_data_pipe[6]_inferred:in0[26] to constant 0
INFO: [Synth 8-3295] tying undriven pin trace_data_pipe[6]_inferred:in0[25] to constant 0
INFO: [Synth 8-3295] tying undriven pin trace_data_pipe[6]_inferred:in0[24] to constant 0
INFO: [Synth 8-3295] tying undriven pin trace_data_pipe[6]_inferred:in0[23] to constant 0
INFO: [Synth 8-3295] tying undriven pin trace_data_pipe[6]_inferred:in0[22] to constant 0
INFO: [Synth 8-3295] tying undriven pin trace_data_pipe[6]_inferred:in0[21] to constant 0
INFO: [Synth 8-3295] tying undriven pin trace_data_pipe[6]_inferred:in0[20] to constant 0
INFO: [Synth 8-3295] tying undriven pin trace_data_pipe[6]_inferred:in0[19] to constant 0
INFO: [Synth 8-3295] tying undriven pin trace_data_pipe[6]_inferred:in0[18] to constant 0
INFO: [Synth 8-3295] tying undriven pin trace_data_pipe[6]_inferred:in0[17] to constant 0
INFO: [Synth 8-3295] tying undriven pin trace_data_pipe[6]_inferred:in0[16] to constant 0
INFO: [Synth 8-3295] tying undriven pin trace_data_pipe[6]_inferred:in0[15] to constant 0
INFO: [Synth 8-3295] tying undriven pin trace_data_pipe[6]_inferred:in0[14] to constant 0
INFO: [Synth 8-3295] tying undriven pin trace_data_pipe[6]_inferred:in0[13] to constant 0
INFO: [Synth 8-3295] tying undriven pin trace_data_pipe[6]_inferred:in0[12] to constant 0
INFO: [Synth 8-3295] tying undriven pin trace_data_pipe[6]_inferred:in0[11] to constant 0
INFO: [Synth 8-3295] tying undriven pin trace_data_pipe[6]_inferred:in0[10] to constant 0
INFO: [Synth 8-3295] tying undriven pin trace_data_pipe[6]_inferred:in0[9] to constant 0
INFO: [Synth 8-3295] tying undriven pin trace_data_pipe[6]_inferred:in0[8] to constant 0
INFO: [Synth 8-3295] tying undriven pin trace_data_pipe[6]_inferred:in0[7] to constant 0
INFO: [Synth 8-3295] tying undriven pin trace_data_pipe[6]_inferred:in0[6] to constant 0
INFO: [Synth 8-3295] tying undriven pin trace_data_pipe[6]_inferred:in0[5] to constant 0
INFO: [Synth 8-3295] tying undriven pin trace_data_pipe[6]_inferred:in0[4] to constant 0
INFO: [Common 17-14] Message 'Synth 8-3295' appears 100 times and further instances of the messages will be disabled. Use the Tcl command set_msg_config to change the current settings.
---------------------------------------------------------------------------------
Finished IO Insertion : Time (s): cpu = 00:00:31 ; elapsed = 00:01:08 . Memory (MB): peak = 4467.387 ; gain = 1779.867 ; free physical = 136 ; free virtual = 11185
---------------------------------------------------------------------------------
---------------------------------------------------------------------------------
Start Renaming Generated Instances
---------------------------------------------------------------------------------
---------------------------------------------------------------------------------
Finished Renaming Generated Instances : Time (s): cpu = 00:00:31 ; elapsed = 00:01:08 . Memory (MB): peak = 4467.387 ; gain = 1779.867 ; free physical = 136 ; free virtual = 11185
---------------------------------------------------------------------------------
---------------------------------------------------------------------------------
Start Rebuilding User Hierarchy
---------------------------------------------------------------------------------
---------------------------------------------------------------------------------
Finished Rebuilding User Hierarchy : Time (s): cpu = 00:00:31 ; elapsed = 00:01:08 . Memory (MB): peak = 4467.387 ; gain = 1779.867 ; free physical = 136 ; free virtual = 11185
---------------------------------------------------------------------------------
---------------------------------------------------------------------------------
Start Renaming Generated Ports
---------------------------------------------------------------------------------
---------------------------------------------------------------------------------
Finished Renaming Generated Ports : Time (s): cpu = 00:00:31 ; elapsed = 00:01:08 . Memory (MB): peak = 4467.387 ; gain = 1779.867 ; free physical = 134 ; free virtual = 11183
---------------------------------------------------------------------------------
---------------------------------------------------------------------------------
Start Handling Custom Attributes
---------------------------------------------------------------------------------
---------------------------------------------------------------------------------
Finished Handling Custom Attributes : Time (s): cpu = 00:00:31 ; elapsed = 00:01:08 . Memory (MB): peak = 4467.387 ; gain = 1779.867 ; free physical = 131 ; free virtual = 11180
---------------------------------------------------------------------------------
---------------------------------------------------------------------------------
Start Renaming Generated Nets
---------------------------------------------------------------------------------
---------------------------------------------------------------------------------
Finished Renaming Generated Nets : Time (s): cpu = 00:00:31 ; elapsed = 00:01:08 . Memory (MB): peak = 4467.387 ; gain = 1779.867 ; free physical = 129 ; free virtual = 11178
---------------------------------------------------------------------------------
---------------------------------------------------------------------------------
Start Writing Synthesis Report
---------------------------------------------------------------------------------

Report BlackBoxes: 
+-+--------------+----------+
| |BlackBox name |Instances |
+-+--------------+----------+
+-+--------------+----------+

Report Cell Usage: 
+------+--------+------+
|      |Cell    |Count |
+------+--------+------+
|1     |BUFG_PS |     1|
|2     |LUT1    |   264|
|3     |PS8     |     1|
+------+--------+------+
---------------------------------------------------------------------------------
Finished Writing Synthesis Report : Time (s): cpu = 00:00:31 ; elapsed = 00:01:08 . Memory (MB): peak = 4467.387 ; gain = 1779.867 ; free physical = 120 ; free virtual = 11169
---------------------------------------------------------------------------------
Synthesis finished with 0 errors, 0 critical warnings and 0 warnings.
Synthesis Optimization Runtime : Time (s): cpu = 00:00:26 ; elapsed = 00:00:59 . Memory (MB): peak = 4467.387 ; gain = 1686.117 ; free physical = 159 ; free virtual = 11211
Synthesis Optimization Complete : Time (s): cpu = 00:00:31 ; elapsed = 00:01:08 . Memory (MB): peak = 4467.395 ; gain = 1779.867 ; free physical = 159 ; free virtual = 11211
INFO: [Project 1-571] Translating synthesized netlist
Netlist sorting complete. Time (s): cpu = 00:00:00.02 ; elapsed = 00:00:00.03 . Memory (MB): peak = 4467.395 ; gain = 0.000 ; free physical = 99 ; free virtual = 11210
INFO: [Project 1-570] Preparing netlist for logic optimization
INFO: [Opt 31-138] Pushed 0 inverter(s) to 0 load pin(s).
Netlist sorting complete. Time (s): cpu = 00:00:00 ; elapsed = 00:00:00 . Memory (MB): peak = 4496.137 ; gain = 0.000 ; free physical = 165 ; free virtual = 11229
INFO: [Project 1-111] Unisim Transformation Summary:
No Unisim elements were transformed.

INFO: [Common 17-83] Releasing license: Synthesis
126 Infos, 63 Warnings, 0 Critical Warnings and 0 Errors encountered.
synth_design completed successfully
synth_design: Time (s): cpu = 00:00:42 ; elapsed = 00:01:23 . Memory (MB): peak = 4496.137 ; gain = 2137.016 ; free physical = 1308 ; free virtual = 12391
INFO: [Common 17-1381] The checkpoint '/tools/Xilinx/MPSoC4Drones/hdl/projects/u96v2_sbc_mp4d_2020_2/u96v2_sbc_mp4d.runs/u96v2_sbc_mp4d_zynq_ultra_ps_e_0_0_synth_1/u96v2_sbc_mp4d_zynq_ultra_ps_e_0_0.dcp' has been generated.
WARNING: [Common 17-576] 'use_project_ipc' is deprecated. This option is deprecated and no longer used.
INFO: [Coretcl 2-1648] Added synthesis output to IP cache for IP u96v2_sbc_mp4d_zynq_ultra_ps_e_0_0, cache-ID = a0484c9e2f8cf07c
INFO: [Common 17-1381] The checkpoint '/tools/Xilinx/MPSoC4Drones/hdl/projects/u96v2_sbc_mp4d_2020_2/u96v2_sbc_mp4d.runs/u96v2_sbc_mp4d_zynq_ultra_ps_e_0_0_synth_1/u96v2_sbc_mp4d_zynq_ultra_ps_e_0_0.dcp' has been generated.
INFO: [runtcl-4] Executing : report_utilization -file u96v2_sbc_mp4d_zynq_ultra_ps_e_0_0_utilization_synth.rpt -pb u96v2_sbc_mp4d_zynq_ultra_ps_e_0_0_utilization_synth.pb
INFO: [Common 17-206] Exiting Vivado at Fri Nov 15 12:43:45 2024...
