
+------------------+------------------------------------+
| Setting          |     Configuration                  |
+------------------+------------------------------------+
| Task             |     build                          |
+------------------+------------------------------------+
| Board            |     u96v2_sbc                      |
+------------------+------------------------------------+
| Project          |     mp4d                           |
+------------------+------------------------------------+
| SDK              |     no                             |
+------------------+------------------------------------+
| No Close Project |     yes                            |
+------------------+------------------------------------+
| Device           |     zynqmp                         |
+------------------+------------------------------------+

Your Build Took
seconds [363]

or a total of:

days [0]
hrs  [0]
min  [6]
sec  [3]

to complete