#-----------------------------------------------------------
# Vivado v2020.2 (64-bit)
# SW Build 3064766 on Wed Nov 18 09:12:47 MST 2020
# IP Build 3064653 on Wed Nov 18 14:17:31 MST 2020
# Start of session at: Tue Nov 12 15:03:02 2024
# Process ID: 9813
# Current directory: /tools/Xilinx/MPSoC4Drones/hdl/projects/u96v2_sbc_mp4d_2020_2
# Command line: vivado u96v2_sbc_mp4d.xpr
# Log file: /tools/Xilinx/MPSoC4Drones/hdl/projects/u96v2_sbc_mp4d_2020_2/vivado.log
# Journal file: /tools/Xilinx/MPSoC4Drones/hdl/projects/u96v2_sbc_mp4d_2020_2/vivado.jou
#-----------------------------------------------------------
start_gui
open_project u96v2_sbc_mp4d.xpr
Scanning sources...
Finished scanning sources
INFO: [IP_Flow 19-234] Refreshing IP repositories
INFO: [IP_Flow 19-1700] Loaded user IP repository '/tools/Xilinx/MPSoC4Drones/ip'.
INFO: [IP_Flow 19-2313] Loaded Vivado IP repository '/tools/Xilinx/Vivado/2020.2/data/ip'.
open_project: Time (s): cpu = 00:00:20 ; elapsed = 00:00:12 . Memory (MB): peak = 7370.785 ; gain = 80.348 ; free physical = 142 ; free virtual = 16879
INFO: [IP_Flow 19-3899] Cannot get the environment domain name variable for the component vendor name. Setting the vendor name to 'user.org'.
update_compile_order -fileset sources_1
open_bd_design {/tools/Xilinx/MPSoC4Drones/hdl/projects/u96v2_sbc_mp4d_2020_2/u96v2_sbc_mp4d.srcs/sources_1/bd/u96v2_sbc_mp4d/u96v2_sbc_mp4d.bd}
Reading block design file </tools/Xilinx/MPSoC4Drones/hdl/projects/u96v2_sbc_mp4d_2020_2/u96v2_sbc_mp4d.srcs/sources_1/bd/u96v2_sbc_mp4d/u96v2_sbc_mp4d.bd>...
Adding component instance block -- xilinx.com:ip:axi_intc:4.1 - axi_intc_0
Adding component instance block -- xilinx.com:ip:smartconnect:1.0 - axi_smc
Adding component instance block -- xilinx.com:ip:proc_sys_reset:5.0 - rst_ps8_0_100M
Adding component instance block -- xilinx.com:ip:xlconcat:2.1 - xlconcat_0
Adding component instance block -- xilinx.com:ip:xlconstant:1.1 - xlconstant_0
Adding component instance block -- xilinx.com:ip:zynq_ultra_ps_e:3.3 - zynq_ultra_ps_e_0
Adding component instance block -- xilinx.com:ip:axi_dma:7.1 - axi_dma_0
Excluding slave segment /zynq_ultra_ps_e_0/SAXIGP2/HP0_DDR_LOW from address space /zynq_ultra_ps_e_0/Data.
Excluding slave segment /zynq_ultra_ps_e_0/SAXIGP2/HP0_LPS_OCM from address space /zynq_ultra_ps_e_0/Data.
Excluding slave segment /zynq_ultra_ps_e_0/SAXIGP2/HP0_LPS_OCM from address space /axi_dma_0/Data_MM2S.
Excluding slave segment /zynq_ultra_ps_e_0/SAXIGP2/HP0_LPS_OCM from address space /axi_dma_0/Data_S2MM.
Successfully read diagram <u96v2_sbc_mp4d> from block design file </tools/Xilinx/MPSoC4Drones/hdl/projects/u96v2_sbc_mp4d_2020_2/u96v2_sbc_mp4d.srcs/sources_1/bd/u96v2_sbc_mp4d/u96v2_sbc_mp4d.bd>
open_bd_design: Time (s): cpu = 00:00:16 ; elapsed = 00:00:08 . Memory (MB): peak = 8628.016 ; gain = 1045.129 ; free physical = 140 ; free virtual = 16741
regenerate_bd_layout -routing
regenerate_bd_layout
delete_bd_objs [get_bd_nets axi_dma_0_mm2s_introut] [get_bd_intf_nets axi_smc_M02_AXI] [get_bd_intf_nets axi_dma_0_M_AXI_MM2S] [get_bd_intf_nets axi_dma_0_M_AXI_S2MM] [get_bd_intf_nets axi_dma_0_M_AXIS_MM2S] [get_bd_cells axi_dma_0]
delete_bd_objs [get_bd_intf_nets axi_smc_M01_AXI] [get_bd_nets axi_intc_0_irq] [get_bd_nets xlconstant_0_dout] [get_bd_cells axi_intc_0]
delete_bd_objs [get_bd_cells xlconstant_0]
regenerate_bd_layout
startgroup
set_property -dict [list CONFIG.NUM_MI {1} CONFIG.NUM_SI {1}] [get_bd_cells axi_smc]
endgroup
startgroup
create_bd_cell -type ip -vlnv xilinx.com:ip:axi_bram_ctrl:4.1 axi_bram_ctrl_0
INFO: [xilinx.com:ip:axi_bram_ctrl:4.1-2] u96v2_sbc_mp4d_axi_bram_ctrl_0_0: In IP Integrator, please note that memory depth value gets calculated based on the Data Width of the IP and Address range selected in the Address Editor.Incase a validation error occured on the range of this parameter, please check if the selected Data width and the Address Range are valid. For valid Data width and memory depth values, please refer to the AXI BRAM Controller Product Guide.
INFO: [xilinx.com:ip:axi_bram_ctrl:4.1-1] u96v2_sbc_mp4d_axi_bram_ctrl_0_0: In IP Integrator, The Maximum address range supported is 2G. Selecting the address range more than 2G in the address editor may resets the value of Memory depth to default value (1024). please refer to the AXI BRAM Controller Product Guide.
endgroup
set_property location {3.5 1466 56} [get_bd_cells axi_bram_ctrl_0]
startgroup
apply_bd_automation -rule xilinx.com:bd_rule:bram_cntlr -config {BRAM "Auto" }  [get_bd_intf_pins axi_bram_ctrl_0/BRAM_PORTA]
apply_bd_automation -rule xilinx.com:bd_rule:bram_cntlr -config {BRAM "Auto" }  [get_bd_intf_pins axi_bram_ctrl_0/BRAM_PORTB]
apply_bd_automation -rule xilinx.com:bd_rule:axi4 -config { Clk_master {/zynq_ultra_ps_e_0/pl_clk0 (100 MHz)} Clk_slave {Auto} Clk_xbar {/zynq_ultra_ps_e_0/pl_clk0 (100 MHz)} Master {/zynq_ultra_ps_e_0/M_AXI_HPM0_FPD} Slave {/axi_bram_ctrl_0/S_AXI} ddr_seg {Auto} intc_ip {/axi_smc} master_apm {0}}  [get_bd_intf_pins axi_bram_ctrl_0/S_AXI]
Slave segment '/axi_bram_ctrl_0/S_AXI/Mem0' is being assigned into address space '/zynq_ultra_ps_e_0/Data' at <0xA000_0000 [ 8K ]>.
endgroup
connect_bd_net [get_bd_pins axi_bram_ctrl_0_bram/clkb] [get_bd_pins zynq_ultra_ps_e_0/pl_clk0]
WARNING: [BD 41-1306] The connection to interface pin </axi_bram_ctrl_0_bram/clkb> is being overridden by the user with net </zynq_ultra_ps_e_0_pl_clk0>. This pin will not be connected as a part of interface connection <BRAM_PORTB>.
startgroup
create_bd_cell -type ip -vlnv xilinx.com:ip:xlconstant:1.1 xlconstant_0
endgroup
set_property location {3 1083 267} [get_bd_cells xlconstant_0]
connect_bd_net [get_bd_pins axi_bram_ctrl_0_bram/enb] [get_bd_pins xlconstant_0/dout]
WARNING: [BD 41-1306] The connection to interface pin </axi_bram_ctrl_0_bram/enb> is being overridden by the user with net <xlconstant_0_dout>. This pin will not be connected as a part of interface connection <BRAM_PORTB>.
connect_bd_net [get_bd_pins axi_bram_ctrl_0_bram/rstb] [get_bd_pins zynq_ultra_ps_e_0/pl_resetn0]
WARNING: [BD 41-1306] The connection to interface pin </axi_bram_ctrl_0_bram/rstb> is being overridden by the user with net </zynq_ultra_ps_e_0_pl_resetn0>. This pin will not be connected as a part of interface connection <BRAM_PORTB>.
delete_bd_objs [get_bd_nets zynq_ultra_ps_e_0_pl_resetn0]
undo
INFO: [Common 17-17] undo 'delete_bd_objs [get_bd_nets zynq_ultra_ps_e_0_pl_resetn0]'
delete_bd_objs [get_bd_nets zynq_ultra_ps_e_0_pl_resetn0]
connect_bd_net [get_bd_pins zynq_ultra_ps_e_0/pl_resetn0] [get_bd_pins rst_ps8_0_100M/ext_reset_in]
connect_bd_net [get_bd_pins axi_bram_ctrl_0_bram/rstb] [get_bd_pins rst_ps8_0_100M/peripheral_aresetn]
WARNING: [BD 41-1306] The connection to interface pin </axi_bram_ctrl_0_bram/rstb> is being overridden by the user with net </proc_sys_reset_0_peripheral_aresetn>. This pin will not be connected as a part of interface connection <BRAM_PORTB>.
startgroup
create_bd_cell -type ip -vlnv xilinx.com:ip:xlconstant:1.1 xlconstant_1
endgroup
set_property location {3 1071 363} [get_bd_cells xlconstant_1]
expected number but got ""
ERROR: [IP_Flow 19-3317] Tcl Error found in 'validate_PARAM_VALUE.CONST_VAL' method. expected number but got ""
expected number but got ""
ERROR: [IP_Flow 19-3317] Tcl Error found in 'validate_PARAM_VALUE.CONST_VAL' method. expected number but got ""
set_property -dict [list CONFIG.CONST_WIDTH {4} CONFIG.CONST_VAL {b1111}] [get_bd_cells xlconstant_1]
connect_bd_net [get_bd_pins xlconstant_1/dout] [get_bd_pins axi_bram_ctrl_0_bram/web]
WARNING: [BD 41-1306] The connection to interface pin </axi_bram_ctrl_0_bram/web> is being overridden by the user with net <xlconstant_1_dout>. This pin will not be connected as a part of interface connection <BRAM_PORTB>.
INFO: [PSU-1]  DP_AUDIO clock source: RPLL is also being used by other peripheral clocks. Their outputs may get impacted if any driver changes DP_AUDIO PLL source to support runtime audio change 
INFO: [PSU-1]  DP_AUDIO clock source: RPLL is also being used by other peripheral clocks. Their outputs may get impacted if any driver changes DP_AUDIO PLL source to support runtime audio change 
WARNING: [IP_Flow 19-474] Invalid Parameter 'Component_Name'
regenerate_bd_layout
INFO: [PSU-1]  DP_AUDIO clock source: RPLL is also being used by other peripheral clocks. Their outputs may get impacted if any driver changes DP_AUDIO PLL source to support runtime audio change 
WARNING: [IP_Flow 19-474] Invalid Parameter 'Component_Name'
INFO: [PSU-1]  DP_AUDIO clock source: RPLL is also being used by other peripheral clocks. Their outputs may get impacted if any driver changes DP_AUDIO PLL source to support runtime audio change 
WARNING: [IP_Flow 19-474] Invalid Parameter 'Component_Name'
INFO: [PSU-1]  DP_AUDIO clock source: RPLL is also being used by other peripheral clocks. Their outputs may get impacted if any driver changes DP_AUDIO PLL source to support runtime audio change 
delete_bd_objs [get_bd_intf_nets axi_smc_M00_AXI]
INFO: [PSU-1]  DP_AUDIO clock source: RPLL is also being used by other peripheral clocks. Their outputs may get impacted if any driver changes DP_AUDIO PLL source to support runtime audio change 
WARNING: [IP_Flow 19-474] Invalid Parameter 'Component_Name'
INFO: [PSU-1]  DP_AUDIO clock source: RPLL is also being used by other peripheral clocks. Their outputs may get impacted if any driver changes DP_AUDIO PLL source to support runtime audio change 
startgroup
set_property -dict [list CONFIG.PSU__USE__S_AXI_GP2 {0}] [get_bd_cells zynq_ultra_ps_e_0]
INFO: [PSU-1]  DP_AUDIO clock source: RPLL is also being used by other peripheral clocks. Their outputs may get impacted if any driver changes DP_AUDIO PLL source to support runtime audio change 
WARNING: [BD 41-1684] Pin /zynq_ultra_ps_e_0/saxihp0_fpd_aclk is now disabled. All connections to this pin have been removed. 
endgroup
delete_bd_objs [get_bd_nets xlconcat_0_dout] [get_bd_cells xlconcat_0]
regenerate_bd_layout
WARNING: [IP_Flow 19-4067] Ignoring invalid widget type specified checkbox.Providing a default widget
WARNING: [IP_Flow 19-4067] Ignoring invalid widget type specified checkbox.Providing a default widget
startgroup
endgroup
validate_bd_design
INFO: [Ipptcl 7-1463] No Compatible Board Interface found. Board Tab not created in customize GUI
WARNING: [BD 41-2180] Resetting the memory initialization file of </axi_bram_ctrl_0_bram> to default.
WARNING: [BD 41-2589] Platform should have atleast one axi memory mapped master interface. Enable a master AXI interface as platform AXI_PORT.
WARNING: [BD 41-237] Bus Interface property AWUSER_WIDTH does not match between /axi_bram_ctrl_0/S_AXI(0) and /axi_smc/M01_AXI(16)
WARNING: [BD 41-237] Bus Interface property ARUSER_WIDTH does not match between /axi_bram_ctrl_0/S_AXI(0) and /axi_smc/M01_AXI(16)
WARNING: [BD 41-1271] The connection to the pin: /axi_bram_ctrl_0_bram/web has been overridden by the user. This pin will not be connected as a part of the interface connection: axi_bram_ctrl_0_BRAM_PORTB 
WARNING: [BD 41-1271] The connection to the pin: /axi_bram_ctrl_0_bram/clkb has been overridden by the user. This pin will not be connected as a part of the interface connection: axi_bram_ctrl_0_BRAM_PORTB 
WARNING: [BD 41-1271] The connection to the pin: /axi_bram_ctrl_0_bram/rstb has been overridden by the user. This pin will not be connected as a part of the interface connection: axi_bram_ctrl_0_BRAM_PORTB 
WARNING: [BD 41-1271] The connection to the pin: /axi_bram_ctrl_0_bram/enb has been overridden by the user. This pin will not be connected as a part of the interface connection: axi_bram_ctrl_0_BRAM_PORTB 
import_files -norecurse {/home/nicklas/Documents/DAS_kandidate/Embedded_Systems/Blok2_UART/Exercise2_UART.srcs/sources_1/imports/UART_files/tx_mod_fsm.vhd /home/nicklas/Documents/DAS_kandidate/Embedded_Systems/Blok2_UART/Exercise2_UART.srcs/sources_1/imports/UART_files/rx_mod_rtl.vhd /home/nicklas/Documents/DAS_kandidate/Embedded_Systems/Blok2_UART/Exercise2_UART.srcs/sources_1/imports/UART_files/clk_divider.vhd}
update_compile_order -fileset sources_1
create_bd_cell -type module -reference clk_divider clk_divider_0
INFO: [IP_Flow 19-5107] Inferred bus interface 'rst' of definition 'xilinx.com:signal:reset:1.0' (from Xilinx Repository).
INFO: [IP_Flow 19-5107] Inferred bus interface 'clk' of definition 'xilinx.com:signal:clock:1.0' (from Xilinx Repository).
INFO: [IP_Flow 19-4728] Bus Interface 'clk': Added interface parameter 'ASSOCIATED_RESET' with value 'rst'.
WARNING: [IP_Flow 19-5661] Bus Interface 'clk' does not have any bus interfaces associated with it.
INFO: [IP_Flow 19-234] Refreshing IP repositories
INFO: [IP_Flow 19-1700] Loaded user IP repository '/tools/Xilinx/MPSoC4Drones/ip'.
create_bd_cell -type module -reference rx_mod rx_mod_0
INFO: [IP_Flow 19-5107] Inferred bus interface 'rst' of definition 'xilinx.com:signal:reset:1.0' (from Xilinx Repository).
INFO: [IP_Flow 19-5107] Inferred bus interface 'clk' of definition 'xilinx.com:signal:clock:1.0' (from Xilinx Repository).
INFO: [IP_Flow 19-5107] Inferred bus interface 'intr' of definition 'xilinx.com:signal:interrupt:1.0' (from Xilinx Repository).
INFO: [IP_Flow 19-4728] Bus Interface 'intr': Added interface parameter 'SENSITIVITY' with value 'LEVEL_HIGH'.
INFO: [IP_Flow 19-4728] Bus Interface 'clk': Added interface parameter 'ASSOCIATED_RESET' with value 'rst'.
WARNING: [IP_Flow 19-5661] Bus Interface 'clk' does not have any bus interfaces associated with it.
INFO: [IP_Flow 19-234] Refreshing IP repositories
INFO: [IP_Flow 19-1700] Loaded user IP repository '/tools/Xilinx/MPSoC4Drones/ip'.
create_bd_cell -type module -reference tx_mod tx_mod_0
INFO: [IP_Flow 19-5107] Inferred bus interface 'rst' of definition 'xilinx.com:signal:reset:1.0' (from Xilinx Repository).
INFO: [IP_Flow 19-234] Refreshing IP repositories
INFO: [IP_Flow 19-1700] Loaded user IP repository '/tools/Xilinx/MPSoC4Drones/ip'.
connect_bd_net [get_bd_pins clk_divider_0/clk] [get_bd_pins zynq_ultra_ps_e_0/pl_clk0]
connect_bd_net [get_bd_pins clk_divider_0/rst] [get_bd_pins rst_ps8_0_100M/peripheral_aresetn]
connect_bd_net [get_bd_pins rx_mod_0/clk] [get_bd_pins clk_divider_0/clk_div]
startgroup
connect_bd_net [get_bd_pins tx_mod_0/rst] [get_bd_pins tx_mod_0/clkfast]
endgroup
delete_bd_objs [get_bd_nets Net]
connect_bd_net [get_bd_pins tx_mod_0/clkfast] [get_bd_pins clk_divider_0/clk_div]
connect_bd_net [get_bd_pins rx_mod_0/rst] [get_bd_pins rst_ps8_0_100M/peripheral_aresetn]
connect_bd_net [get_bd_pins tx_mod_0/rst] [get_bd_pins rst_ps8_0_100M/peripheral_aresetn]
startgroup
connect_bd_net [get_bd_pins rx_mod_0/data_out] [get_bd_pins tx_mod_0/data_in]
endgroup
connect_bd_net [get_bd_pins rx_mod_0/intr] [get_bd_pins tx_mod_0/shift_load]
startgroup
make_bd_pins_external  [get_bd_pins rx_mod_0/sin]
endgroup
startgroup
endgroup
WARNING: [IP_Flow 19-4067] Ignoring invalid widget type specified checkbox.Providing a default widget
WARNING: [IP_Flow 19-4067] Ignoring invalid widget type specified checkbox.Providing a default widget
startgroup
endgroup
delete_bd_objs [get_bd_nets rx_mod_0_data_out] [get_bd_nets rx_mod_0_intr] [get_bd_cells tx_mod_0]
delete_bd_objs [get_bd_nets clk_divider_0_clk_div] [get_bd_nets sin_0_1] [get_bd_cells rx_mod_0]
delete_bd_objs [get_bd_cells clk_divider_0]
delete_bd_objs [get_bd_ports sin_0]
validate_bd_design
INFO: [Ipptcl 7-1463] No Compatible Board Interface found. Board Tab not created in customize GUI
WARNING: [BD 41-2589] Platform should have atleast one axi memory mapped master interface. Enable a master AXI interface as platform AXI_PORT.
WARNING: [BD 41-237] Bus Interface property AWUSER_WIDTH does not match between /axi_bram_ctrl_0/S_AXI(0) and /axi_smc/M01_AXI(16)
WARNING: [BD 41-237] Bus Interface property ARUSER_WIDTH does not match between /axi_bram_ctrl_0/S_AXI(0) and /axi_smc/M01_AXI(16)
WARNING: [BD 41-1271] The connection to the pin: /axi_bram_ctrl_0_bram/web has been overridden by the user. This pin will not be connected as a part of the interface connection: axi_bram_ctrl_0_BRAM_PORTB 
WARNING: [BD 41-1271] The connection to the pin: /axi_bram_ctrl_0_bram/clkb has been overridden by the user. This pin will not be connected as a part of the interface connection: axi_bram_ctrl_0_BRAM_PORTB 
WARNING: [BD 41-1271] The connection to the pin: /axi_bram_ctrl_0_bram/rstb has been overridden by the user. This pin will not be connected as a part of the interface connection: axi_bram_ctrl_0_BRAM_PORTB 
WARNING: [BD 41-1271] The connection to the pin: /axi_bram_ctrl_0_bram/enb has been overridden by the user. This pin will not be connected as a part of the interface connection: axi_bram_ctrl_0_BRAM_PORTB 
validate_bd_design: Time (s): cpu = 00:00:05 ; elapsed = 00:00:05 . Memory (MB): peak = 9195.191 ; gain = 0.000 ; free physical = 279 ; free virtual = 16221
delete_bd_objs [get_bd_intf_nets axi_bram_ctrl_0_BRAM_PORTB]
startgroup
set_property -dict [list CONFIG.SINGLE_PORT_BRAM {1}] [get_bd_cells axi_bram_ctrl_0]
endgroup
set_property location {4 1405 223} [get_bd_cells axi_bram_ctrl_0_bram]
set_property offset 0x00A0000000 [get_bd_addr_segs {zynq_ultra_ps_e_0/Data/SEG_axi_bram_ctrl_0_Mem0}]
set_property range 4K [get_bd_addr_segs {zynq_ultra_ps_e_0/Data/SEG_axi_bram_ctrl_0_Mem0}]
set_property range 8K [get_bd_addr_segs {zynq_ultra_ps_e_0/Data/SEG_axi_bram_ctrl_0_Mem0}]
set_property offset 0x00A0000000 [get_bd_addr_segs {zynq_ultra_ps_e_0/Data/SEG_axi_bram_ctrl_0_Mem0}]
startgroup
create_bd_cell -type ip -vlnv xilinx.com:ip:xlconstant:1.1 xlconstant_2
endgroup
set_property location {2 815 304} [get_bd_cells xlconstant_2]
expected number but got ""
ERROR: [IP_Flow 19-3317] Tcl Error found in 'validate_PARAM_VALUE.CONST_VAL' method. expected number but got ""
can't use non-numeric string as operand of "%"
ERROR: [IP_Flow 19-3317] Tcl Error found in 'validate_PARAM_VALUE.CONST_WIDTH' method. can't use non-numeric string as operand of "%"
can't use non-numeric string as operand of "%"
ERROR: [IP_Flow 19-3317] Tcl Error found in 'validate_PARAM_VALUE.CONST_WIDTH' method. can't use non-numeric string as operand of "%"
can't use non-numeric string as operand of "%"
ERROR: [IP_Flow 19-3317] Tcl Error found in 'validate_PARAM_VALUE.CONST_WIDTH' method. can't use non-numeric string as operand of "%"
set_property -dict [list CONFIG.CONST_WIDTH {39} CONFIG.CONST_VAL {0x00A0000000}] [get_bd_cells xlconstant_2]
set_property -dict [list CONFIG.CONST_WIDTH {40}] [get_bd_cells xlconstant_2]
set_property -dict [list CONFIG.CONST_WIDTH {32} CONFIG.CONST_VAL {0xA0000000}] [get_bd_cells xlconstant_2]
connect_bd_net [get_bd_pins xlconstant_2/dout] [get_bd_pins axi_bram_ctrl_0_bram/dinb]
WARNING: [BD 41-1306] The connection to interface pin </axi_bram_ctrl_0_bram/dinb> is being overridden by the user with net <xlconstant_2_dout>. This pin will not be connected as a part of interface connection <BRAM_PORTB>.
set_property location {2 815 248} [get_bd_cells xlconstant_2]
save_bd_design
Wrote  : </tools/Xilinx/MPSoC4Drones/hdl/projects/u96v2_sbc_mp4d_2020_2/u96v2_sbc_mp4d.srcs/sources_1/bd/u96v2_sbc_mp4d/u96v2_sbc_mp4d.bd> 
Wrote  : </tools/Xilinx/MPSoC4Drones/hdl/projects/u96v2_sbc_mp4d_2020_2/u96v2_sbc_mp4d.srcs/sources_1/bd/u96v2_sbc_mp4d/ui/bd_9932bf8f.ui> 
