
*** Running vivado
    with args -log u96v2_sbc_mp4d_not_gate_0_0.vds -m64 -product Vivado -mode batch -messageDb vivado.pb -notrace -source u96v2_sbc_mp4d_not_gate_0_0.tcl


****** Vivado v2020.2 (64-bit)
  **** SW Build 3064766 on Wed Nov 18 09:12:47 MST 2020
  **** IP Build 3064653 on Wed Nov 18 14:17:31 MST 2020
    ** Copyright 1986-2020 Xilinx, Inc. All Rights Reserved.

source u96v2_sbc_mp4d_not_gate_0_0.tcl -notrace
INFO: [IP_Flow 19-234] Refreshing IP repositories
INFO: [IP_Flow 19-1700] Loaded user IP repository '/tools/Xilinx/MPSoC4Drones/ip'.
INFO: [IP_Flow 19-2313] Loaded Vivado IP repository '/tools/Xilinx/Vivado/2020.2/data/ip'.
Command: synth_design -top u96v2_sbc_mp4d_not_gate_0_0 -part xczu3eg-sbva484-1-i -mode out_of_context
Starting synth_design
WARNING: [IP_Flow 19-3571] IP 'u96v2_sbc_mp4d_not_gate_0_0' is restricted:
* Module reference is stale and needs refreshing.
Attempting to get a license for feature 'Synthesis' and/or device 'xczu3eg'
INFO: [Common 17-349] Got license for feature 'Synthesis' and/or device 'xczu3eg'
INFO: [Device 21-403] Loading part xczu3eg-sbva484-1-i
INFO: [Synth 8-7079] Multithreading enabled for synth_design using a maximum of 4 processes.
INFO: [Synth 8-7078] Launching helper process for spawning children vivado processes
INFO: [Synth 8-7075] Helper process launched with PID 465859
---------------------------------------------------------------------------------
Starting RTL Elaboration : Time (s): cpu = 00:00:04 ; elapsed = 00:00:07 . Memory (MB): peak = 2707.461 ; gain = 30.906 ; free physical = 103 ; free virtual = 12644
---------------------------------------------------------------------------------
INFO: [Synth 8-638] synthesizing module 'u96v2_sbc_mp4d_not_gate_0_0' [/tools/Xilinx/MPSoC4Drones/hdl/projects/u96v2_sbc_mp4d_2020_2/u96v2_sbc_mp4d.gen/sources_1/bd/u96v2_sbc_mp4d/ip/u96v2_sbc_mp4d_not_gate_0_0/synth/u96v2_sbc_mp4d_not_gate_0_0.vhd:63]
INFO: [Synth 8-3491] module 'not_gate' declared at '/tools/Xilinx/MPSoC4Drones/hdl/projects/u96v2_sbc_mp4d_2020_2/u96v2_sbc_mp4d.srcs/sources_1/imports/vhdl/not_gate.vhd:34' bound to instance 'U0' of component 'not_gate' [/tools/Xilinx/MPSoC4Drones/hdl/projects/u96v2_sbc_mp4d_2020_2/u96v2_sbc_mp4d.gen/sources_1/bd/u96v2_sbc_mp4d/ip/u96v2_sbc_mp4d_not_gate_0_0/synth/u96v2_sbc_mp4d_not_gate_0_0.vhd:81]
INFO: [Synth 8-638] synthesizing module 'not_gate' [/tools/Xilinx/MPSoC4Drones/hdl/projects/u96v2_sbc_mp4d_2020_2/u96v2_sbc_mp4d.srcs/sources_1/imports/vhdl/not_gate.vhd:39]
INFO: [Synth 8-256] done synthesizing module 'not_gate' (1#1) [/tools/Xilinx/MPSoC4Drones/hdl/projects/u96v2_sbc_mp4d_2020_2/u96v2_sbc_mp4d.srcs/sources_1/imports/vhdl/not_gate.vhd:39]
INFO: [Synth 8-256] done synthesizing module 'u96v2_sbc_mp4d_not_gate_0_0' (2#1) [/tools/Xilinx/MPSoC4Drones/hdl/projects/u96v2_sbc_mp4d_2020_2/u96v2_sbc_mp4d.gen/sources_1/bd/u96v2_sbc_mp4d/ip/u96v2_sbc_mp4d_not_gate_0_0/synth/u96v2_sbc_mp4d_not_gate_0_0.vhd:63]
---------------------------------------------------------------------------------
Finished RTL Elaboration : Time (s): cpu = 00:00:05 ; elapsed = 00:00:13 . Memory (MB): peak = 2751.367 ; gain = 74.812 ; free physical = 2898 ; free virtual = 13138
---------------------------------------------------------------------------------
---------------------------------------------------------------------------------
Start Handling Custom Attributes
---------------------------------------------------------------------------------
---------------------------------------------------------------------------------
Finished Handling Custom Attributes : Time (s): cpu = 00:00:06 ; elapsed = 00:00:14 . Memory (MB): peak = 2769.211 ; gain = 92.656 ; free physical = 2843 ; free virtual = 13165
---------------------------------------------------------------------------------
---------------------------------------------------------------------------------
Finished RTL Optimization Phase 1 : Time (s): cpu = 00:00:06 ; elapsed = 00:00:14 . Memory (MB): peak = 2769.211 ; gain = 92.656 ; free physical = 2846 ; free virtual = 13168
---------------------------------------------------------------------------------
Netlist sorting complete. Time (s): cpu = 00:00:00 ; elapsed = 00:00:00 . Memory (MB): peak = 2769.211 ; gain = 0.000 ; free physical = 2835 ; free virtual = 13159
INFO: [Project 1-570] Preparing netlist for logic optimization

Processing XDC Constraints
Initializing timing engine
Completed Processing XDC Constraints

Netlist sorting complete. Time (s): cpu = 00:00:00 ; elapsed = 00:00:00 . Memory (MB): peak = 2848.086 ; gain = 0.000 ; free physical = 2398 ; free virtual = 12862
INFO: [Project 1-111] Unisim Transformation Summary:
No Unisim elements were transformed.

Constraint Validation Runtime : Time (s): cpu = 00:00:00.02 ; elapsed = 00:00:00.07 . Memory (MB): peak = 2858.992 ; gain = 10.906 ; free physical = 2376 ; free virtual = 12861
---------------------------------------------------------------------------------
Finished Constraint Validation : Time (s): cpu = 00:00:11 ; elapsed = 00:00:23 . Memory (MB): peak = 2858.992 ; gain = 182.438 ; free physical = 2331 ; free virtual = 12892
---------------------------------------------------------------------------------
---------------------------------------------------------------------------------
Start Loading Part and Timing Information
---------------------------------------------------------------------------------
Loading part: xczu3eg-sbva484-1-i
INFO: [Synth 8-6742] Reading net delay rules and data
---------------------------------------------------------------------------------
Finished Loading Part and Timing Information : Time (s): cpu = 00:00:11 ; elapsed = 00:00:23 . Memory (MB): peak = 2858.992 ; gain = 182.438 ; free physical = 2331 ; free virtual = 12893
---------------------------------------------------------------------------------
---------------------------------------------------------------------------------
Start Applying 'set_property' XDC Constraints
---------------------------------------------------------------------------------
---------------------------------------------------------------------------------
Finished applying 'set_property' XDC Constraints : Time (s): cpu = 00:00:11 ; elapsed = 00:00:23 . Memory (MB): peak = 2858.992 ; gain = 182.438 ; free physical = 2330 ; free virtual = 12892
---------------------------------------------------------------------------------
---------------------------------------------------------------------------------
Finished RTL Optimization Phase 2 : Time (s): cpu = 00:00:11 ; elapsed = 00:00:24 . Memory (MB): peak = 2858.992 ; gain = 182.438 ; free physical = 2365 ; free virtual = 12926
---------------------------------------------------------------------------------
---------------------------------------------------------------------------------
Start RTL Component Statistics 
---------------------------------------------------------------------------------
Detailed RTL Component Info : 
---------------------------------------------------------------------------------
Finished RTL Component Statistics 
---------------------------------------------------------------------------------
---------------------------------------------------------------------------------
Start Part Resource Summary
---------------------------------------------------------------------------------
Part Resources:
DSPs: 360 (col length:72)
BRAMs: 432 (col length: RAMB18 72 RAMB36 36)
---------------------------------------------------------------------------------
Finished Part Resource Summary
---------------------------------------------------------------------------------
---------------------------------------------------------------------------------
Start Cross Boundary and Area Optimization
---------------------------------------------------------------------------------
---------------------------------------------------------------------------------
Finished Cross Boundary and Area Optimization : Time (s): cpu = 00:00:11 ; elapsed = 00:00:25 . Memory (MB): peak = 2858.992 ; gain = 182.438 ; free physical = 2217 ; free virtual = 12882
---------------------------------------------------------------------------------
---------------------------------------------------------------------------------
Start Applying XDC Timing Constraints
---------------------------------------------------------------------------------
---------------------------------------------------------------------------------
Finished Applying XDC Timing Constraints : Time (s): cpu = 00:00:24 ; elapsed = 00:01:02 . Memory (MB): peak = 3302.406 ; gain = 625.852 ; free physical = 127 ; free virtual = 10980
---------------------------------------------------------------------------------
---------------------------------------------------------------------------------
Start Timing Optimization
---------------------------------------------------------------------------------
---------------------------------------------------------------------------------
Finished Timing Optimization : Time (s): cpu = 00:00:24 ; elapsed = 00:01:02 . Memory (MB): peak = 3302.406 ; gain = 625.852 ; free physical = 127 ; free virtual = 10980
---------------------------------------------------------------------------------
---------------------------------------------------------------------------------
Start Technology Mapping
---------------------------------------------------------------------------------
---------------------------------------------------------------------------------
Finished Technology Mapping : Time (s): cpu = 00:00:24 ; elapsed = 00:01:02 . Memory (MB): peak = 3321.438 ; gain = 644.883 ; free physical = 127 ; free virtual = 10973
---------------------------------------------------------------------------------
---------------------------------------------------------------------------------
Start IO Insertion
---------------------------------------------------------------------------------
---------------------------------------------------------------------------------
Start Flattening Before IO Insertion
---------------------------------------------------------------------------------
---------------------------------------------------------------------------------
Finished Flattening Before IO Insertion
---------------------------------------------------------------------------------
---------------------------------------------------------------------------------
Start Final Netlist Cleanup
---------------------------------------------------------------------------------
---------------------------------------------------------------------------------
Finished Final Netlist Cleanup
---------------------------------------------------------------------------------
---------------------------------------------------------------------------------
Finished IO Insertion : Time (s): cpu = 00:00:27 ; elapsed = 00:01:05 . Memory (MB): peak = 3327.375 ; gain = 650.820 ; free physical = 150 ; free virtual = 11000
---------------------------------------------------------------------------------
---------------------------------------------------------------------------------
Start Renaming Generated Instances
---------------------------------------------------------------------------------
---------------------------------------------------------------------------------
Finished Renaming Generated Instances : Time (s): cpu = 00:00:27 ; elapsed = 00:01:05 . Memory (MB): peak = 3327.375 ; gain = 650.820 ; free physical = 150 ; free virtual = 11000
---------------------------------------------------------------------------------
---------------------------------------------------------------------------------
Start Rebuilding User Hierarchy
---------------------------------------------------------------------------------
---------------------------------------------------------------------------------
Finished Rebuilding User Hierarchy : Time (s): cpu = 00:00:27 ; elapsed = 00:01:05 . Memory (MB): peak = 3327.375 ; gain = 650.820 ; free physical = 157 ; free virtual = 11007
---------------------------------------------------------------------------------
---------------------------------------------------------------------------------
Start Renaming Generated Ports
---------------------------------------------------------------------------------
---------------------------------------------------------------------------------
Finished Renaming Generated Ports : Time (s): cpu = 00:00:27 ; elapsed = 00:01:05 . Memory (MB): peak = 3327.375 ; gain = 650.820 ; free physical = 157 ; free virtual = 11007
---------------------------------------------------------------------------------
---------------------------------------------------------------------------------
Start Handling Custom Attributes
---------------------------------------------------------------------------------
---------------------------------------------------------------------------------
Finished Handling Custom Attributes : Time (s): cpu = 00:00:27 ; elapsed = 00:01:05 . Memory (MB): peak = 3327.375 ; gain = 650.820 ; free physical = 157 ; free virtual = 11007
---------------------------------------------------------------------------------
---------------------------------------------------------------------------------
Start Renaming Generated Nets
---------------------------------------------------------------------------------
---------------------------------------------------------------------------------
Finished Renaming Generated Nets : Time (s): cpu = 00:00:27 ; elapsed = 00:01:05 . Memory (MB): peak = 3327.375 ; gain = 650.820 ; free physical = 157 ; free virtual = 11007
---------------------------------------------------------------------------------
---------------------------------------------------------------------------------
Start Writing Synthesis Report
---------------------------------------------------------------------------------

Report BlackBoxes: 
+-+--------------+----------+
| |BlackBox name |Instances |
+-+--------------+----------+
+-+--------------+----------+

Report Cell Usage: 
+------+-----+------+
|      |Cell |Count |
+------+-----+------+
|1     |LUT1 |     1|
+------+-----+------+
---------------------------------------------------------------------------------
Finished Writing Synthesis Report : Time (s): cpu = 00:00:27 ; elapsed = 00:01:05 . Memory (MB): peak = 3327.375 ; gain = 650.820 ; free physical = 141 ; free virtual = 11002
---------------------------------------------------------------------------------
Synthesis finished with 0 errors, 0 critical warnings and 0 warnings.
Synthesis Optimization Runtime : Time (s): cpu = 00:00:26 ; elapsed = 00:01:00 . Memory (MB): peak = 3327.375 ; gain = 561.039 ; free physical = 227 ; free virtual = 11107
Synthesis Optimization Complete : Time (s): cpu = 00:00:27 ; elapsed = 00:01:05 . Memory (MB): peak = 3327.383 ; gain = 650.820 ; free physical = 227 ; free virtual = 11107
INFO: [Project 1-571] Translating synthesized netlist
Netlist sorting complete. Time (s): cpu = 00:00:00 ; elapsed = 00:00:00 . Memory (MB): peak = 3334.312 ; gain = 0.000 ; free physical = 365 ; free virtual = 11258
INFO: [Project 1-570] Preparing netlist for logic optimization
INFO: [Opt 31-138] Pushed 0 inverter(s) to 0 load pin(s).
Netlist sorting complete. Time (s): cpu = 00:00:00 ; elapsed = 00:00:00 . Memory (MB): peak = 3353.125 ; gain = 0.000 ; free physical = 436 ; free virtual = 11337
INFO: [Project 1-111] Unisim Transformation Summary:
No Unisim elements were transformed.

INFO: [Common 17-83] Releasing license: Synthesis
21 Infos, 1 Warnings, 0 Critical Warnings and 0 Errors encountered.
synth_design completed successfully
synth_design: Time (s): cpu = 00:00:39 ; elapsed = 00:01:23 . Memory (MB): peak = 3353.125 ; gain = 995.969 ; free physical = 549 ; free virtual = 11460
INFO: [Common 17-1381] The checkpoint '/tools/Xilinx/MPSoC4Drones/hdl/projects/u96v2_sbc_mp4d_2020_2/u96v2_sbc_mp4d.runs/u96v2_sbc_mp4d_not_gate_0_0_synth_1/u96v2_sbc_mp4d_not_gate_0_0.dcp' has been generated.
WARNING: [Common 17-576] 'use_project_ipc' is deprecated. This option is deprecated and no longer used.
INFO: [Common 17-1381] The checkpoint '/tools/Xilinx/MPSoC4Drones/hdl/projects/u96v2_sbc_mp4d_2020_2/u96v2_sbc_mp4d.runs/u96v2_sbc_mp4d_not_gate_0_0_synth_1/u96v2_sbc_mp4d_not_gate_0_0.dcp' has been generated.
INFO: [runtcl-4] Executing : report_utilization -file u96v2_sbc_mp4d_not_gate_0_0_utilization_synth.rpt -pb u96v2_sbc_mp4d_not_gate_0_0_utilization_synth.pb
INFO: [Common 17-206] Exiting Vivado at Tue Nov 19 15:28:31 2024...
